[0.806s] Invoking command in '/home/oh/project/drive3/fulfilment/build/fulfilment': PYTHONPATH=/home/oh/project/drive3/fulfilment/build/fulfilment/prefix_override:/usr/lib/python3/dist-packages/colcon_core/task/python/colcon_distutils_commands:/home/oh/project/drive3/fulfilment/install/fulfilment/lib/python3.10/site-packages:${PYTHONPATH} /usr/bin/python3 -W ignore:setup.py install is deprecated -W ignore:easy_install command is deprecated setup.py develop --editable --build-directory /home/oh/project/drive3/fulfilment/build/fulfilment/build --no-deps symlink_data
[1.118s] running develop
[1.375s] running egg_info
[1.376s] writing fulfilment.egg-info/PKG-INFO
[1.376s] writing dependency_links to fulfilment.egg-info/dependency_links.txt
[1.382s] writing entry points to fulfilment.egg-info/entry_points.txt
[1.383s] writing requirements to fulfilment.egg-info/requires.txt
[1.383s] writing top-level names to fulfilment.egg-info/top_level.txt
[1.385s] reading manifest file 'fulfilment.egg-info/SOURCES.txt'
[1.386s] writing manifest file 'fulfilment.egg-info/SOURCES.txt'
[1.387s] running build_ext
[1.388s] Creating /home/oh/project/drive3/fulfilment/install/fulfilment/lib/python3.10/site-packages/fulfilment.egg-link (link to .)
[1.389s] Installing cam script to /home/oh/project/drive3/fulfilment/install/fulfilment/lib/fulfilment
[1.389s] Installing conv script to /home/oh/project/drive3/fulfilment/install/fulfilment/lib/fulfilment
[1.389s] Installing conv_hand script to /home/oh/project/drive3/fulfilment/install/fulfilment/lib/fulfilment
[1.389s] Installing gui script to /home/oh/project/drive3/fulfilment/install/fulfilment/lib/fulfilment
[1.389s] Installing gui_big script to /home/oh/project/drive3/fulfilment/install/fulfilment/lib/fulfilment
[1.390s] Installing input_hand script to /home/oh/project/drive3/fulfilment/install/fulfilment/lib/fulfilment
[1.390s] Installing pub_hand script to /home/oh/project/drive3/fulfilment/install/fulfilment/lib/fulfilment
[1.390s] Installing sub_hand script to /home/oh/project/drive3/fulfilment/install/fulfilment/lib/fulfilment
[1.390s] Installing yolo script to /home/oh/project/drive3/fulfilment/install/fulfilment/lib/fulfilment
[1.390s] 
[1.390s] Installed /home/oh/project/drive3/fulfilment/build/fulfilment
[1.390s] running symlink_data
[1.419s] Invoked command in '/home/oh/project/drive3/fulfilment/build/fulfilment' returned '0': PYTHONPATH=/home/oh/project/drive3/fulfilment/build/fulfilment/prefix_override:/usr/lib/python3/dist-packages/colcon_core/task/python/colcon_distutils_commands:/home/oh/project/drive3/fulfilment/install/fulfilment/lib/python3.10/site-packages:${PYTHONPATH} /usr/bin/python3 -W ignore:setup.py install is deprecated -W ignore:easy_install command is deprecated setup.py develop --editable --build-directory /home/oh/project/drive3/fulfilment/build/fulfilment/build --no-deps symlink_data
