running develop
running egg_info
creating fulfilment.egg-info
writing fulfilment.egg-info/PKG-INFO
writing dependency_links to fulfilment.egg-info/dependency_links.txt
writing entry points to fulfilment.egg-info/entry_points.txt
writing requirements to fulfilment.egg-info/requires.txt
writing top-level names to fulfilment.egg-info/top_level.txt
writing manifest file 'fulfilment.egg-info/SOURCES.txt'
reading manifest file 'fulfilment.egg-info/SOURCES.txt'
writing manifest file 'fulfilment.egg-info/SOURCES.txt'
running build_ext
Creating /home/oh/project/drive3/fulfilment/install/fulfilment/lib/python3.10/site-packages/fulfilment.egg-link (link to .)
Installing conv script to /home/oh/project/drive3/fulfilment/install/fulfilment/lib/fulfilment
Installing input script to /home/oh/project/drive3/fulfilment/install/fulfilment/lib/fulfilment
Installing pub script to /home/oh/project/drive3/fulfilment/install/fulfilment/lib/fulfilment

Installed /home/oh/project/drive3/fulfilment/build/fulfilment
running symlink_data
creating /home/oh/project/drive3/fulfilment/install/fulfilment/share/ament_index
creating /home/oh/project/drive3/fulfilment/install/fulfilment/share/ament_index/resource_index
creating /home/oh/project/drive3/fulfilment/install/fulfilment/share/ament_index/resource_index/packages
symbolically linking /home/oh/project/drive3/fulfilment/build/fulfilment/resource/fulfilment -> /home/oh/project/drive3/fulfilment/install/fulfilment/share/ament_index/resource_index/packages
symbolically linking /home/oh/project/drive3/fulfilment/build/fulfilment/package.xml -> /home/oh/project/drive3/fulfilment/install/fulfilment/share/fulfilment
