[0.751s] Invoking command in '/home/oh/project/drive3/fulfilment/build/fulfilment': PYTHONPATH=/home/oh/project/drive3/fulfilment/build/fulfilment/prefix_override:/usr/lib/python3/dist-packages/colcon_core/task/python/colcon_distutils_commands:/home/oh/project/drive3/fulfilment/install/fulfilment/lib/python3.10/site-packages:${PYTHONPATH} /usr/bin/python3 -W ignore:setup.py install is deprecated -W ignore:easy_install command is deprecated setup.py develop --editable --build-directory /home/oh/project/drive3/fulfilment/build/fulfilment/build --no-deps symlink_data
[1.064s] running develop
[1.317s] running egg_info
[1.317s] creating fulfilment.egg-info
[1.317s] writing fulfilment.egg-info/PKG-INFO
[1.318s] writing dependency_links to fulfilment.egg-info/dependency_links.txt
[1.318s] writing entry points to fulfilment.egg-info/entry_points.txt
[1.318s] writing requirements to fulfilment.egg-info/requires.txt
[1.318s] writing top-level names to fulfilment.egg-info/top_level.txt
[1.318s] writing manifest file 'fulfilment.egg-info/SOURCES.txt'
[1.320s] reading manifest file 'fulfilment.egg-info/SOURCES.txt'
[1.321s] writing manifest file 'fulfilment.egg-info/SOURCES.txt'
[1.322s] running build_ext
[1.322s] Creating /home/oh/project/drive3/fulfilment/install/fulfilment/lib/python3.10/site-packages/fulfilment.egg-link (link to .)
[1.323s] Installing conv script to /home/oh/project/drive3/fulfilment/install/fulfilment/lib/fulfilment
[1.323s] Installing input script to /home/oh/project/drive3/fulfilment/install/fulfilment/lib/fulfilment
[1.323s] Installing pub script to /home/oh/project/drive3/fulfilment/install/fulfilment/lib/fulfilment
[1.323s] 
[1.324s] Installed /home/oh/project/drive3/fulfilment/build/fulfilment
[1.324s] running symlink_data
[1.324s] creating /home/oh/project/drive3/fulfilment/install/fulfilment/share/ament_index
[1.324s] creating /home/oh/project/drive3/fulfilment/install/fulfilment/share/ament_index/resource_index
[1.324s] creating /home/oh/project/drive3/fulfilment/install/fulfilment/share/ament_index/resource_index/packages
[1.324s] symbolically linking /home/oh/project/drive3/fulfilment/build/fulfilment/resource/fulfilment -> /home/oh/project/drive3/fulfilment/install/fulfilment/share/ament_index/resource_index/packages
[1.324s] symbolically linking /home/oh/project/drive3/fulfilment/build/fulfilment/package.xml -> /home/oh/project/drive3/fulfilment/install/fulfilment/share/fulfilment
[1.354s] Invoked command in '/home/oh/project/drive3/fulfilment/build/fulfilment' returned '0': PYTHONPATH=/home/oh/project/drive3/fulfilment/build/fulfilment/prefix_override:/usr/lib/python3/dist-packages/colcon_core/task/python/colcon_distutils_commands:/home/oh/project/drive3/fulfilment/install/fulfilment/lib/python3.10/site-packages:${PYTHONPATH} /usr/bin/python3 -W ignore:setup.py install is deprecated -W ignore:easy_install command is deprecated setup.py develop --editable --build-directory /home/oh/project/drive3/fulfilment/build/fulfilment/build --no-deps symlink_data
