[0.181s] DEBUG:colcon:Command line arguments: ['/usr/bin/colcon', 'build', '--symlink-install']
[0.181s] DEBUG:colcon:Parsed command line arguments: Namespace(log_base=None, log_level=None, verb_name='build', build_base='build', install_base='install', merge_install=False, symlink_install=True, test_result_base=None, continue_on_error=False, executor='parallel', parallel_workers=8, event_handlers=None, ignore_user_meta=False, metas=['./colcon.meta'], base_paths=['.'], packages_ignore=None, packages_ignore_regex=None, paths=None, packages_up_to=None, packages_up_to_regex=None, packages_above=None, packages_above_and_dependencies=None, packages_above_depth=None, packages_select_by_dep=None, packages_skip_by_dep=None, packages_skip_up_to=None, packages_select_build_failed=False, packages_skip_build_finished=False, packages_select_test_failures=False, packages_skip_test_passed=False, packages_select=None, packages_skip=None, packages_select_regex=None, packages_skip_regex=None, packages_start=None, packages_end=None, allow_overriding=[], cmake_args=None, cmake_target=None, cmake_target_skip_unavailable=False, cmake_clean_cache=False, cmake_clean_first=False, cmake_force_configure=False, ament_cmake_args=None, catkin_cmake_args=None, catkin_skip_building_tests=False, mixin_files=None, mixin=None, verb_parser=<colcon_mixin.mixin.mixin_argument.MixinArgumentDecorator object at 0x7fa60f0cf3a0>, verb_extension=<colcon_core.verb.build.BuildVerb object at 0x7fa60f08a410>, main=<bound method BuildVerb.main of <colcon_core.verb.build.BuildVerb object at 0x7fa60f08a410>>, mixin_verb=('build',))
[0.431s] Level 1:colcon.colcon_core.package_discovery:discover_packages(colcon_meta) check parameters
[0.432s] Level 1:colcon.colcon_core.package_discovery:discover_packages(recursive) check parameters
[0.432s] Level 1:colcon.colcon_core.package_discovery:discover_packages(ignore) check parameters
[0.432s] Level 1:colcon.colcon_core.package_discovery:discover_packages(path) check parameters
[0.432s] Level 1:colcon.colcon_core.package_discovery:discover_packages(colcon_meta) discover
[0.432s] Level 1:colcon.colcon_core.package_discovery:discover_packages(recursive) discover
[0.432s] INFO:colcon.colcon_core.package_discovery:Crawling recursively for packages in '/home/oh/project/drive3/fulfilment'
[0.432s] Level 1:colcon.colcon_core.package_identification:_identify(.) by extensions ['ignore', 'ignore_ament_install']
[0.432s] Level 1:colcon.colcon_core.package_identification:_identify(.) by extension 'ignore'
[0.432s] Level 1:colcon.colcon_core.package_identification:_identify(.) by extension 'ignore_ament_install'
[0.432s] Level 1:colcon.colcon_core.package_identification:_identify(.) by extensions ['colcon_pkg']
[0.432s] Level 1:colcon.colcon_core.package_identification:_identify(.) by extension 'colcon_pkg'
[0.432s] Level 1:colcon.colcon_core.package_identification:_identify(.) by extensions ['colcon_meta']
[0.432s] Level 1:colcon.colcon_core.package_identification:_identify(.) by extension 'colcon_meta'
[0.432s] Level 1:colcon.colcon_core.package_identification:_identify(.) by extensions ['ros']
[0.432s] Level 1:colcon.colcon_core.package_identification:_identify(.) by extension 'ros'
[0.444s] Level 1:colcon.colcon_core.package_identification:_identify(.) by extensions ['cmake', 'python']
[0.444s] Level 1:colcon.colcon_core.package_identification:_identify(.) by extension 'cmake'
[0.444s] Level 1:colcon.colcon_core.package_identification:_identify(.) by extension 'python'
[0.444s] Level 1:colcon.colcon_core.package_identification:_identify(.) by extensions ['python_setup_py']
[0.444s] Level 1:colcon.colcon_core.package_identification:_identify(.) by extension 'python_setup_py'
[0.445s] Level 1:colcon.colcon_core.package_identification:_identify(build) by extensions ['ignore', 'ignore_ament_install']
[0.445s] Level 1:colcon.colcon_core.package_identification:_identify(build) by extension 'ignore'
[0.445s] Level 1:colcon.colcon_core.package_identification:_identify(build) ignored
[0.445s] Level 1:colcon.colcon_core.package_identification:_identify(install) by extensions ['ignore', 'ignore_ament_install']
[0.445s] Level 1:colcon.colcon_core.package_identification:_identify(install) by extension 'ignore'
[0.445s] Level 1:colcon.colcon_core.package_identification:_identify(install) ignored
[0.445s] Level 1:colcon.colcon_core.package_identification:_identify(log) by extensions ['ignore', 'ignore_ament_install']
[0.445s] Level 1:colcon.colcon_core.package_identification:_identify(log) by extension 'ignore'
[0.445s] Level 1:colcon.colcon_core.package_identification:_identify(log) ignored
[0.445s] Level 1:colcon.colcon_core.package_identification:_identify(src) by extensions ['ignore', 'ignore_ament_install']
[0.445s] Level 1:colcon.colcon_core.package_identification:_identify(src) by extension 'ignore'
[0.445s] Level 1:colcon.colcon_core.package_identification:_identify(src) by extension 'ignore_ament_install'
[0.445s] Level 1:colcon.colcon_core.package_identification:_identify(src) by extensions ['colcon_pkg']
[0.445s] Level 1:colcon.colcon_core.package_identification:_identify(src) by extension 'colcon_pkg'
[0.445s] Level 1:colcon.colcon_core.package_identification:_identify(src) by extensions ['colcon_meta']
[0.446s] Level 1:colcon.colcon_core.package_identification:_identify(src) by extension 'colcon_meta'
[0.446s] Level 1:colcon.colcon_core.package_identification:_identify(src) by extensions ['ros']
[0.446s] Level 1:colcon.colcon_core.package_identification:_identify(src) by extension 'ros'
[0.446s] Level 1:colcon.colcon_core.package_identification:_identify(src) by extensions ['cmake', 'python']
[0.446s] Level 1:colcon.colcon_core.package_identification:_identify(src) by extension 'cmake'
[0.446s] Level 1:colcon.colcon_core.package_identification:_identify(src) by extension 'python'
[0.446s] Level 1:colcon.colcon_core.package_identification:_identify(src) by extensions ['python_setup_py']
[0.446s] Level 1:colcon.colcon_core.package_identification:_identify(src) by extension 'python_setup_py'
[0.446s] Level 1:colcon.colcon_core.package_identification:_identify(src/fulfilment) by extensions ['ignore', 'ignore_ament_install']
[0.446s] Level 1:colcon.colcon_core.package_identification:_identify(src/fulfilment) by extension 'ignore'
[0.446s] Level 1:colcon.colcon_core.package_identification:_identify(src/fulfilment) by extension 'ignore_ament_install'
[0.446s] Level 1:colcon.colcon_core.package_identification:_identify(src/fulfilment) by extensions ['colcon_pkg']
[0.446s] Level 1:colcon.colcon_core.package_identification:_identify(src/fulfilment) by extension 'colcon_pkg'
[0.446s] Level 1:colcon.colcon_core.package_identification:_identify(src/fulfilment) by extensions ['colcon_meta']
[0.446s] Level 1:colcon.colcon_core.package_identification:_identify(src/fulfilment) by extension 'colcon_meta'
[0.446s] Level 1:colcon.colcon_core.package_identification:_identify(src/fulfilment) by extensions ['ros']
[0.446s] Level 1:colcon.colcon_core.package_identification:_identify(src/fulfilment) by extension 'ros'
[0.449s] DEBUG:colcon.colcon_core.package_identification:Package 'src/fulfilment' with type 'ros.ament_python' and name 'fulfilment'
[0.449s] Level 1:colcon.colcon_core.package_identification:_identify(src/messages) by extensions ['ignore', 'ignore_ament_install']
[0.450s] Level 1:colcon.colcon_core.package_identification:_identify(src/messages) by extension 'ignore'
[0.450s] Level 1:colcon.colcon_core.package_identification:_identify(src/messages) by extension 'ignore_ament_install'
[0.450s] Level 1:colcon.colcon_core.package_identification:_identify(src/messages) by extensions ['colcon_pkg']
[0.450s] Level 1:colcon.colcon_core.package_identification:_identify(src/messages) by extension 'colcon_pkg'
[0.450s] Level 1:colcon.colcon_core.package_identification:_identify(src/messages) by extensions ['colcon_meta']
[0.450s] Level 1:colcon.colcon_core.package_identification:_identify(src/messages) by extension 'colcon_meta'
[0.450s] Level 1:colcon.colcon_core.package_identification:_identify(src/messages) by extensions ['ros']
[0.450s] Level 1:colcon.colcon_core.package_identification:_identify(src/messages) by extension 'ros'
[0.451s] DEBUG:colcon.colcon_core.package_identification:Package 'src/messages' with type 'ros.ament_cmake' and name 'messages'
[0.451s] Level 1:colcon.colcon_core.package_discovery:discover_packages(recursive) using defaults
[0.451s] Level 1:colcon.colcon_core.package_discovery:discover_packages(ignore) discover
[0.451s] Level 1:colcon.colcon_core.package_discovery:discover_packages(ignore) using defaults
[0.451s] Level 1:colcon.colcon_core.package_discovery:discover_packages(path) discover
[0.451s] Level 1:colcon.colcon_core.package_discovery:discover_packages(path) using defaults
[0.476s] Level 1:colcon.colcon_core.package_discovery:discover_packages(prefix_path) check parameters
[0.476s] Level 1:colcon.colcon_core.package_discovery:discover_packages(prefix_path) discover
[0.479s] DEBUG:colcon.colcon_installed_package_information.package_discovery:Found 2 installed packages in /home/oh/project/drive3/fulfilment/install
[0.481s] DEBUG:colcon.colcon_installed_package_information.package_discovery:Found 445 installed packages in /opt/ros/humble
[0.483s] Level 1:colcon.colcon_core.package_discovery:discover_packages(prefix_path) using defaults
[0.602s] Level 5:colcon.colcon_core.verb:set package 'messages' build argument 'cmake_args' from command line to 'None'
[0.602s] Level 5:colcon.colcon_core.verb:set package 'messages' build argument 'cmake_target' from command line to 'None'
[0.603s] Level 5:colcon.colcon_core.verb:set package 'messages' build argument 'cmake_target_skip_unavailable' from command line to 'False'
[0.603s] Level 5:colcon.colcon_core.verb:set package 'messages' build argument 'cmake_clean_cache' from command line to 'False'
[0.603s] Level 5:colcon.colcon_core.verb:set package 'messages' build argument 'cmake_clean_first' from command line to 'False'
[0.603s] Level 5:colcon.colcon_core.verb:set package 'messages' build argument 'cmake_force_configure' from command line to 'False'
[0.603s] Level 5:colcon.colcon_core.verb:set package 'messages' build argument 'ament_cmake_args' from command line to 'None'
[0.603s] Level 5:colcon.colcon_core.verb:set package 'messages' build argument 'catkin_cmake_args' from command line to 'None'
[0.603s] Level 5:colcon.colcon_core.verb:set package 'messages' build argument 'catkin_skip_building_tests' from command line to 'False'
[0.603s] DEBUG:colcon.colcon_core.verb:Building package 'messages' with the following arguments: {'ament_cmake_args': None, 'build_base': '/home/oh/project/drive3/fulfilment/build/messages', 'catkin_cmake_args': None, 'catkin_skip_building_tests': False, 'cmake_args': None, 'cmake_clean_cache': False, 'cmake_clean_first': False, 'cmake_force_configure': False, 'cmake_target': None, 'cmake_target_skip_unavailable': False, 'install_base': '/home/oh/project/drive3/fulfilment/install/messages', 'merge_install': False, 'path': '/home/oh/project/drive3/fulfilment/src/messages', 'symlink_install': True, 'test_result_base': None}
[0.603s] Level 5:colcon.colcon_core.verb:set package 'fulfilment' build argument 'cmake_args' from command line to 'None'
[0.603s] Level 5:colcon.colcon_core.verb:set package 'fulfilment' build argument 'cmake_target' from command line to 'None'
[0.603s] Level 5:colcon.colcon_core.verb:set package 'fulfilment' build argument 'cmake_target_skip_unavailable' from command line to 'False'
[0.603s] Level 5:colcon.colcon_core.verb:set package 'fulfilment' build argument 'cmake_clean_cache' from command line to 'False'
[0.603s] Level 5:colcon.colcon_core.verb:set package 'fulfilment' build argument 'cmake_clean_first' from command line to 'False'
[0.603s] Level 5:colcon.colcon_core.verb:set package 'fulfilment' build argument 'cmake_force_configure' from command line to 'False'
[0.603s] Level 5:colcon.colcon_core.verb:set package 'fulfilment' build argument 'ament_cmake_args' from command line to 'None'
[0.603s] Level 5:colcon.colcon_core.verb:set package 'fulfilment' build argument 'catkin_cmake_args' from command line to 'None'
[0.603s] Level 5:colcon.colcon_core.verb:set package 'fulfilment' build argument 'catkin_skip_building_tests' from command line to 'False'
[0.603s] DEBUG:colcon.colcon_core.verb:Building package 'fulfilment' with the following arguments: {'ament_cmake_args': None, 'build_base': '/home/oh/project/drive3/fulfilment/build/fulfilment', 'catkin_cmake_args': None, 'catkin_skip_building_tests': False, 'cmake_args': None, 'cmake_clean_cache': False, 'cmake_clean_first': False, 'cmake_force_configure': False, 'cmake_target': None, 'cmake_target_skip_unavailable': False, 'install_base': '/home/oh/project/drive3/fulfilment/install/fulfilment', 'merge_install': False, 'path': '/home/oh/project/drive3/fulfilment/src/fulfilment', 'symlink_install': True, 'test_result_base': None}
[0.604s] INFO:colcon.colcon_core.executor:Executing jobs using 'parallel' executor
[0.605s] DEBUG:colcon.colcon_parallel_executor.executor.parallel:run_until_complete
[0.605s] INFO:colcon.colcon_ros.task.ament_cmake.build:Building ROS package in '/home/oh/project/drive3/fulfilment/src/messages' with build type 'ament_cmake'
[0.605s] INFO:colcon.colcon_cmake.task.cmake.build:Building CMake package in '/home/oh/project/drive3/fulfilment/src/messages'
[0.609s] INFO:colcon.colcon_core.plugin_system:Skipping extension 'colcon_core.shell.bat': Not used on non-Windows systems
[0.609s] INFO:colcon.colcon_core.shell:Skip shell extension 'powershell' for command environment: Not usable outside of PowerShell
[0.609s] DEBUG:colcon.colcon_core.shell:Skip shell extension 'dsv' for command environment
[0.619s] DEBUG:colcon.colcon_core.event_handler.log_command:Invoking command in '/home/oh/project/drive3/fulfilment/build/messages': CMAKE_PREFIX_PATH=${CMAKE_PREFIX_PATH}:/home/oh/project/drive3/fulfilment/install/fulfilment:/opt/ros/humble /usr/bin/cmake --build /home/oh/project/drive3/fulfilment/build/messages -- -j8 -l8
[1.129s] DEBUG:colcon.colcon_core.event_handler.log_command:Invoked command in '/home/oh/project/drive3/fulfilment/build/messages' returned '0': CMAKE_PREFIX_PATH=${CMAKE_PREFIX_PATH}:/home/oh/project/drive3/fulfilment/install/fulfilment:/opt/ros/humble /usr/bin/cmake --build /home/oh/project/drive3/fulfilment/build/messages -- -j8 -l8
[1.140s] DEBUG:colcon.colcon_core.event_handler.log_command:Invoking command in '/home/oh/project/drive3/fulfilment/build/messages': CMAKE_PREFIX_PATH=${CMAKE_PREFIX_PATH}:/home/oh/project/drive3/fulfilment/install/fulfilment:/opt/ros/humble /usr/bin/cmake --install /home/oh/project/drive3/fulfilment/build/messages
[1.214s] Level 1:colcon.colcon_core.environment:create_environment_scripts_only(messages)
[1.214s] DEBUG:colcon.colcon_core.event_handler.log_command:Invoked command in '/home/oh/project/drive3/fulfilment/build/messages' returned '0': CMAKE_PREFIX_PATH=${CMAKE_PREFIX_PATH}:/home/oh/project/drive3/fulfilment/install/fulfilment:/opt/ros/humble /usr/bin/cmake --install /home/oh/project/drive3/fulfilment/build/messages
[1.218s] Level 1:colcon.colcon_core.environment:checking '/home/oh/project/drive3/fulfilment/install/messages' for CMake module files
[1.219s] Level 1:colcon.colcon_core.environment:checking '/home/oh/project/drive3/fulfilment/install/messages' for CMake config files
[1.219s] Level 1:colcon.colcon_core.shell:create_environment_hook('messages', 'cmake_prefix_path')
[1.220s] INFO:colcon.colcon_core.shell:Creating environment hook '/home/oh/project/drive3/fulfilment/install/messages/share/messages/hook/cmake_prefix_path.ps1'
[1.220s] INFO:colcon.colcon_core.shell:Creating environment descriptor '/home/oh/project/drive3/fulfilment/install/messages/share/messages/hook/cmake_prefix_path.dsv'
[1.221s] INFO:colcon.colcon_core.shell:Creating environment hook '/home/oh/project/drive3/fulfilment/install/messages/share/messages/hook/cmake_prefix_path.sh'
[1.222s] Level 1:colcon.colcon_core.environment:checking '/home/oh/project/drive3/fulfilment/install/messages/lib'
[1.222s] Level 1:colcon.colcon_core.shell:create_environment_hook('messages', 'ld_library_path_lib')
[1.222s] INFO:colcon.colcon_core.shell:Creating environment hook '/home/oh/project/drive3/fulfilment/install/messages/share/messages/hook/ld_library_path_lib.ps1'
[1.223s] INFO:colcon.colcon_core.shell:Creating environment descriptor '/home/oh/project/drive3/fulfilment/install/messages/share/messages/hook/ld_library_path_lib.dsv'
[1.223s] INFO:colcon.colcon_core.shell:Creating environment hook '/home/oh/project/drive3/fulfilment/install/messages/share/messages/hook/ld_library_path_lib.sh'
[1.223s] Level 1:colcon.colcon_core.environment:checking '/home/oh/project/drive3/fulfilment/install/messages/bin'
[1.223s] Level 1:colcon.colcon_core.environment:checking '/home/oh/project/drive3/fulfilment/install/messages/lib/pkgconfig/messages.pc'
[1.223s] Level 1:colcon.colcon_core.environment:checking '/home/oh/project/drive3/fulfilment/install/messages/lib/python3.10/site-packages'
[1.224s] Level 1:colcon.colcon_core.environment:checking '/home/oh/project/drive3/fulfilment/install/messages/bin'
[1.224s] INFO:colcon.colcon_core.shell:Creating package script '/home/oh/project/drive3/fulfilment/install/messages/share/messages/package.ps1'
[1.225s] INFO:colcon.colcon_core.shell:Creating package descriptor '/home/oh/project/drive3/fulfilment/install/messages/share/messages/package.dsv'
[1.225s] INFO:colcon.colcon_core.shell:Creating package script '/home/oh/project/drive3/fulfilment/install/messages/share/messages/package.sh'
[1.226s] INFO:colcon.colcon_core.shell:Creating package script '/home/oh/project/drive3/fulfilment/install/messages/share/messages/package.bash'
[1.227s] INFO:colcon.colcon_core.shell:Creating package script '/home/oh/project/drive3/fulfilment/install/messages/share/messages/package.zsh'
[1.228s] Level 1:colcon.colcon_core.environment:create_file_with_runtime_dependencies(/home/oh/project/drive3/fulfilment/install/messages/share/colcon-core/packages/messages)
[1.228s] Level 1:colcon.colcon_core.environment:create_environment_scripts_only(messages)
[1.228s] Level 1:colcon.colcon_core.environment:checking '/home/oh/project/drive3/fulfilment/install/messages' for CMake module files
[1.229s] Level 1:colcon.colcon_core.environment:checking '/home/oh/project/drive3/fulfilment/install/messages' for CMake config files
[1.229s] Level 1:colcon.colcon_core.shell:create_environment_hook('messages', 'cmake_prefix_path')
[1.230s] INFO:colcon.colcon_core.shell:Creating environment hook '/home/oh/project/drive3/fulfilment/install/messages/share/messages/hook/cmake_prefix_path.ps1'
[1.230s] INFO:colcon.colcon_core.shell:Creating environment descriptor '/home/oh/project/drive3/fulfilment/install/messages/share/messages/hook/cmake_prefix_path.dsv'
[1.230s] INFO:colcon.colcon_core.shell:Creating environment hook '/home/oh/project/drive3/fulfilment/install/messages/share/messages/hook/cmake_prefix_path.sh'
[1.231s] Level 1:colcon.colcon_core.environment:checking '/home/oh/project/drive3/fulfilment/install/messages/lib'
[1.231s] Level 1:colcon.colcon_core.shell:create_environment_hook('messages', 'ld_library_path_lib')
[1.231s] INFO:colcon.colcon_core.shell:Creating environment hook '/home/oh/project/drive3/fulfilment/install/messages/share/messages/hook/ld_library_path_lib.ps1'
[1.231s] INFO:colcon.colcon_core.shell:Creating environment descriptor '/home/oh/project/drive3/fulfilment/install/messages/share/messages/hook/ld_library_path_lib.dsv'
[1.232s] INFO:colcon.colcon_core.shell:Creating environment hook '/home/oh/project/drive3/fulfilment/install/messages/share/messages/hook/ld_library_path_lib.sh'
[1.232s] Level 1:colcon.colcon_core.environment:checking '/home/oh/project/drive3/fulfilment/install/messages/bin'
[1.232s] Level 1:colcon.colcon_core.environment:checking '/home/oh/project/drive3/fulfilment/install/messages/lib/pkgconfig/messages.pc'
[1.233s] Level 1:colcon.colcon_core.environment:checking '/home/oh/project/drive3/fulfilment/install/messages/lib/python3.10/site-packages'
[1.233s] Level 1:colcon.colcon_core.environment:checking '/home/oh/project/drive3/fulfilment/install/messages/bin'
[1.233s] INFO:colcon.colcon_core.shell:Creating package script '/home/oh/project/drive3/fulfilment/install/messages/share/messages/package.ps1'
[1.234s] INFO:colcon.colcon_core.shell:Creating package descriptor '/home/oh/project/drive3/fulfilment/install/messages/share/messages/package.dsv'
[1.234s] INFO:colcon.colcon_core.shell:Creating package script '/home/oh/project/drive3/fulfilment/install/messages/share/messages/package.sh'
[1.235s] INFO:colcon.colcon_core.shell:Creating package script '/home/oh/project/drive3/fulfilment/install/messages/share/messages/package.bash'
[1.235s] INFO:colcon.colcon_core.shell:Creating package script '/home/oh/project/drive3/fulfilment/install/messages/share/messages/package.zsh'
[1.236s] Level 1:colcon.colcon_core.environment:create_file_with_runtime_dependencies(/home/oh/project/drive3/fulfilment/install/messages/share/colcon-core/packages/messages)
[1.236s] INFO:colcon.colcon_ros.task.ament_python.build:Building ROS package in '/home/oh/project/drive3/fulfilment/src/fulfilment' with build type 'ament_python'
[1.236s] Level 1:colcon.colcon_core.shell:create_environment_hook('fulfilment', 'ament_prefix_path')
[1.236s] INFO:colcon.colcon_core.shell:Creating environment hook '/home/oh/project/drive3/fulfilment/install/fulfilment/share/fulfilment/hook/ament_prefix_path.ps1'
[1.237s] INFO:colcon.colcon_core.shell:Creating environment descriptor '/home/oh/project/drive3/fulfilment/install/fulfilment/share/fulfilment/hook/ament_prefix_path.dsv'
[1.238s] INFO:colcon.colcon_core.shell:Creating environment hook '/home/oh/project/drive3/fulfilment/install/fulfilment/share/fulfilment/hook/ament_prefix_path.sh'
[1.238s] INFO:colcon.colcon_core.shell:Skip shell extension 'powershell' for command environment: Not usable outside of PowerShell
[1.238s] DEBUG:colcon.colcon_core.shell:Skip shell extension 'dsv' for command environment
[1.575s] INFO:colcon.colcon_core.task.python.build:Building Python package in '/home/oh/project/drive3/fulfilment/src/fulfilment'
[1.575s] INFO:colcon.colcon_core.shell:Skip shell extension 'powershell' for command environment: Not usable outside of PowerShell
[1.575s] DEBUG:colcon.colcon_core.shell:Skip shell extension 'dsv' for command environment
[2.031s] DEBUG:colcon.colcon_core.event_handler.log_command:Invoking command in '/home/oh/project/drive3/fulfilment/build/fulfilment': PYTHONPATH=/home/oh/project/drive3/fulfilment/build/fulfilment/prefix_override:/usr/lib/python3/dist-packages/colcon_core/task/python/colcon_distutils_commands:/home/oh/project/drive3/fulfilment/install/fulfilment/lib/python3.10/site-packages:${PYTHONPATH} /usr/bin/python3 -W ignore:setup.py install is deprecated -W ignore:easy_install command is deprecated setup.py develop --editable --build-directory /home/oh/project/drive3/fulfilment/build/fulfilment/build --no-deps symlink_data
[2.661s] Level 1:colcon.colcon_core.shell:create_environment_hook('fulfilment', 'pythonpath_develop')
[2.662s] INFO:colcon.colcon_core.shell:Creating environment hook '/home/oh/project/drive3/fulfilment/build/fulfilment/share/fulfilment/hook/pythonpath_develop.ps1'
[2.662s] DEBUG:colcon.colcon_core.event_handler.log_command:Invoked command in '/home/oh/project/drive3/fulfilment/build/fulfilment' returned '0': PYTHONPATH=/home/oh/project/drive3/fulfilment/build/fulfilment/prefix_override:/usr/lib/python3/dist-packages/colcon_core/task/python/colcon_distutils_commands:/home/oh/project/drive3/fulfilment/install/fulfilment/lib/python3.10/site-packages:${PYTHONPATH} /usr/bin/python3 -W ignore:setup.py install is deprecated -W ignore:easy_install command is deprecated setup.py develop --editable --build-directory /home/oh/project/drive3/fulfilment/build/fulfilment/build --no-deps symlink_data
[2.663s] INFO:colcon.colcon_core.shell:Creating environment descriptor '/home/oh/project/drive3/fulfilment/build/fulfilment/share/fulfilment/hook/pythonpath_develop.dsv'
[2.663s] INFO:colcon.colcon_core.shell:Creating environment hook '/home/oh/project/drive3/fulfilment/build/fulfilment/share/fulfilment/hook/pythonpath_develop.sh'
[2.663s] Level 1:colcon.colcon_core.environment:checking '/home/oh/project/drive3/fulfilment/install/fulfilment' for CMake module files
[2.664s] Level 1:colcon.colcon_core.environment:checking '/home/oh/project/drive3/fulfilment/install/fulfilment' for CMake config files
[2.664s] Level 1:colcon.colcon_core.environment:checking '/home/oh/project/drive3/fulfilment/install/fulfilment/lib'
[2.664s] Level 1:colcon.colcon_core.environment:checking '/home/oh/project/drive3/fulfilment/install/fulfilment/bin'
[2.664s] Level 1:colcon.colcon_core.environment:checking '/home/oh/project/drive3/fulfilment/install/fulfilment/lib/pkgconfig/fulfilment.pc'
[2.665s] Level 1:colcon.colcon_core.environment:checking '/home/oh/project/drive3/fulfilment/install/fulfilment/lib/python3.10/site-packages'
[2.665s] Level 1:colcon.colcon_core.shell:create_environment_hook('fulfilment', 'pythonpath')
[2.665s] INFO:colcon.colcon_core.shell:Creating environment hook '/home/oh/project/drive3/fulfilment/install/fulfilment/share/fulfilment/hook/pythonpath.ps1'
[2.665s] INFO:colcon.colcon_core.shell:Creating environment descriptor '/home/oh/project/drive3/fulfilment/install/fulfilment/share/fulfilment/hook/pythonpath.dsv'
[2.666s] INFO:colcon.colcon_core.shell:Creating environment hook '/home/oh/project/drive3/fulfilment/install/fulfilment/share/fulfilment/hook/pythonpath.sh'
[2.666s] Level 1:colcon.colcon_core.environment:checking '/home/oh/project/drive3/fulfilment/install/fulfilment/bin'
[2.666s] Level 1:colcon.colcon_core.environment:create_environment_scripts_only(fulfilment)
[2.667s] INFO:colcon.colcon_core.shell:Creating package script '/home/oh/project/drive3/fulfilment/install/fulfilment/share/fulfilment/package.ps1'
[2.667s] INFO:colcon.colcon_core.shell:Creating package descriptor '/home/oh/project/drive3/fulfilment/install/fulfilment/share/fulfilment/package.dsv'
[2.668s] INFO:colcon.colcon_core.shell:Creating package script '/home/oh/project/drive3/fulfilment/install/fulfilment/share/fulfilment/package.sh'
[2.668s] INFO:colcon.colcon_core.shell:Creating package script '/home/oh/project/drive3/fulfilment/install/fulfilment/share/fulfilment/package.bash'
[2.669s] INFO:colcon.colcon_core.shell:Creating package script '/home/oh/project/drive3/fulfilment/install/fulfilment/share/fulfilment/package.zsh'
[2.669s] Level 1:colcon.colcon_core.environment:create_file_with_runtime_dependencies(/home/oh/project/drive3/fulfilment/install/fulfilment/share/colcon-core/packages/fulfilment)
[2.670s] DEBUG:colcon.colcon_parallel_executor.executor.parallel:closing loop
[2.670s] DEBUG:colcon.colcon_parallel_executor.executor.parallel:loop closed
[2.670s] DEBUG:colcon.colcon_parallel_executor.executor.parallel:run_until_complete finished with '0'
[2.670s] DEBUG:colcon.colcon_core.event_reactor:joining thread
[2.679s] INFO:colcon.colcon_core.plugin_system:Skipping extension 'colcon_notification.desktop_notification.terminal_notifier': Not used on non-Darwin systems
[2.679s] INFO:colcon.colcon_core.plugin_system:Skipping extension 'colcon_notification.desktop_notification.win32': Not used on non-Windows systems
[2.679s] INFO:colcon.colcon_notification.desktop_notification:Sending desktop notification using 'notify2'
[2.770s] DEBUG:colcon.colcon_core.event_reactor:joined thread
[2.771s] INFO:colcon.colcon_core.shell:Creating prefix script '/home/oh/project/drive3/fulfilment/install/local_setup.ps1'
[2.772s] INFO:colcon.colcon_core.shell:Creating prefix util module '/home/oh/project/drive3/fulfilment/install/_local_setup_util_ps1.py'
[2.774s] INFO:colcon.colcon_core.shell:Creating prefix chain script '/home/oh/project/drive3/fulfilment/install/setup.ps1'
[2.775s] INFO:colcon.colcon_core.shell:Creating prefix script '/home/oh/project/drive3/fulfilment/install/local_setup.sh'
[2.776s] INFO:colcon.colcon_core.shell:Creating prefix util module '/home/oh/project/drive3/fulfilment/install/_local_setup_util_sh.py'
[2.777s] INFO:colcon.colcon_core.shell:Creating prefix chain script '/home/oh/project/drive3/fulfilment/install/setup.sh'
[2.778s] INFO:colcon.colcon_core.shell:Creating prefix script '/home/oh/project/drive3/fulfilment/install/local_setup.bash'
[2.779s] INFO:colcon.colcon_core.shell:Creating prefix chain script '/home/oh/project/drive3/fulfilment/install/setup.bash'
[2.780s] INFO:colcon.colcon_core.shell:Creating prefix script '/home/oh/project/drive3/fulfilment/install/local_setup.zsh'
[2.780s] INFO:colcon.colcon_core.shell:Creating prefix chain script '/home/oh/project/drive3/fulfilment/install/setup.zsh'
