[1.209s] Invoking command in '/home/oh/project/drive3/fulfilment/build/fulfilment': PYTHONPATH=/home/oh/project/drive3/fulfilment/build/fulfilment/prefix_override:/usr/lib/python3/dist-packages/colcon_core/task/python/colcon_distutils_commands:/home/oh/project/drive3/fulfilment/install/fulfilment/lib/python3.10/site-packages:${PYTHONPATH} /usr/bin/python3 -W ignore:setup.py install is deprecated -W ignore:easy_install command is deprecated setup.py develop --editable --build-directory /home/oh/project/drive3/fulfilment/build/fulfilment/build --no-deps symlink_data
[1.679s] running develop
[2.084s] running egg_info
[2.085s] writing fulfilment.egg-info/PKG-INFO
[2.085s] writing dependency_links to fulfilment.egg-info/dependency_links.txt
[2.092s] writing entry points to fulfilment.egg-info/entry_points.txt
[2.093s] writing requirements to fulfilment.egg-info/requires.txt
[2.093s] writing top-level names to fulfilment.egg-info/top_level.txt
[2.097s] reading manifest file 'fulfilment.egg-info/SOURCES.txt'
[2.100s] writing manifest file 'fulfilment.egg-info/SOURCES.txt'
[2.103s] running build_ext
[2.103s] Creating /home/oh/project/drive3/fulfilment/install/fulfilment/lib/python3.10/site-packages/fulfilment.egg-link (link to .)
[2.105s] Installing cam script to /home/oh/project/drive3/fulfilment/install/fulfilment/lib/fulfilment
[2.105s] Installing conv script to /home/oh/project/drive3/fulfilment/install/fulfilment/lib/fulfilment
[2.105s] Installing conv_hand script to /home/oh/project/drive3/fulfilment/install/fulfilment/lib/fulfilment
[2.105s] Installing gui script to /home/oh/project/drive3/fulfilment/install/fulfilment/lib/fulfilment
[2.106s] Installing gui_big script to /home/oh/project/drive3/fulfilment/install/fulfilment/lib/fulfilment
[2.106s] Installing input_hand script to /home/oh/project/drive3/fulfilment/install/fulfilment/lib/fulfilment
[2.106s] Installing pub_hand script to /home/oh/project/drive3/fulfilment/install/fulfilment/lib/fulfilment
[2.107s] Installing sub_hand script to /home/oh/project/drive3/fulfilment/install/fulfilment/lib/fulfilment
[2.107s] Installing yolo script to /home/oh/project/drive3/fulfilment/install/fulfilment/lib/fulfilment
[2.108s] 
[2.108s] Installed /home/oh/project/drive3/fulfilment/build/fulfilment
[2.109s] running symlink_data
[2.186s] Invoked command in '/home/oh/project/drive3/fulfilment/build/fulfilment' returned '0': PYTHONPATH=/home/oh/project/drive3/fulfilment/build/fulfilment/prefix_override:/usr/lib/python3/dist-packages/colcon_core/task/python/colcon_distutils_commands:/home/oh/project/drive3/fulfilment/install/fulfilment/lib/python3.10/site-packages:${PYTHONPATH} /usr/bin/python3 -W ignore:setup.py install is deprecated -W ignore:easy_install command is deprecated setup.py develop --editable --build-directory /home/oh/project/drive3/fulfilment/build/fulfilment/build --no-deps symlink_data
