[0.012s] Invoking command in '/home/oh/project/drive3/fulfilment/build/messages': CMAKE_PREFIX_PATH=${CMAKE_PREFIX_PATH}:/home/oh/project/drive3/fulfilment/install/fulfilment:/opt/ros/humble /usr/bin/cmake --build /home/oh/project/drive3/fulfilment/build/messages -- -j8 -l8
[0.049s] [35m[1mConsolidate compiler generated dependencies of target messages__rosidl_generator_c[0m
[0.057s] [  2%] Built target messages__cpp
[0.059s] [ 12%] Built target messages__rosidl_generator_c
[0.069s] [ 12%] Built target ament_cmake_python_symlink_messages
[0.069s] [35m[1mConsolidate compiler generated dependencies of target messages__rosidl_typesupport_fastrtps_c[0m
[0.070s] [35m[1mConsolidate compiler generated dependencies of target messages__rosidl_typesupport_introspection_c[0m
[0.070s] [35m[1mConsolidate compiler generated dependencies of target messages__rosidl_typesupport_cpp[0m
[0.070s] [35m[1mConsolidate compiler generated dependencies of target messages__rosidl_typesupport_fastrtps_cpp[0m
[0.070s] [35m[1mConsolidate compiler generated dependencies of target messages__rosidl_typesupport_introspection_cpp[0m
[0.071s] [35m[1mConsolidate compiler generated dependencies of target messages__rosidl_typesupport_c[0m
[0.084s] [ 23%] Built target messages__rosidl_typesupport_introspection_c
[0.084s] [ 33%] Built target messages__rosidl_typesupport_fastrtps_c
[0.085s] [ 43%] Built target messages__rosidl_typesupport_introspection_cpp
[0.086s] [ 53%] Built target messages__rosidl_typesupport_c
[0.086s] [ 64%] Built target messages__rosidl_typesupport_cpp
[0.087s] [ 74%] Built target messages__rosidl_typesupport_fastrtps_cpp
[0.105s] [ 74%] Built target messages
[0.123s] [ 76%] Built target messages__py
[0.134s] [35m[1mConsolidate compiler generated dependencies of target messages__rosidl_generator_py[0m
[0.147s] [ 84%] Built target messages__rosidl_generator_py
[0.157s] [35m[1mConsolidate compiler generated dependencies of target messages__rosidl_typesupport_introspection_c__pyext[0m
[0.157s] [35m[1mConsolidate compiler generated dependencies of target messages__rosidl_typesupport_c__pyext[0m
[0.157s] [35m[1mConsolidate compiler generated dependencies of target messages__rosidl_typesupport_fastrtps_c__pyext[0m
[0.168s] [100%] Built target messages__rosidl_typesupport_introspection_c__pyext
[0.168s] [100%] Built target messages__rosidl_typesupport_fastrtps_c__pyext
[0.168s] [100%] Built target messages__rosidl_typesupport_c__pyext
[0.396s] running egg_info
[0.397s] writing messages.egg-info/PKG-INFO
[0.397s] writing dependency_links to messages.egg-info/dependency_links.txt
[0.397s] writing top-level names to messages.egg-info/top_level.txt
[0.400s] reading manifest file 'messages.egg-info/SOURCES.txt'
[0.401s] writing manifest file 'messages.egg-info/SOURCES.txt'
[0.427s] [100%] Built target ament_cmake_python_build_messages_egg
[0.436s] Invoked command in '/home/oh/project/drive3/fulfilment/build/messages' returned '0': CMAKE_PREFIX_PATH=${CMAKE_PREFIX_PATH}:/home/oh/project/drive3/fulfilment/install/fulfilment:/opt/ros/humble /usr/bin/cmake --build /home/oh/project/drive3/fulfilment/build/messages -- -j8 -l8
[0.446s] Invoking command in '/home/oh/project/drive3/fulfilment/build/messages': CMAKE_PREFIX_PATH=${CMAKE_PREFIX_PATH}:/home/oh/project/drive3/fulfilment/install/fulfilment:/opt/ros/humble /usr/bin/cmake --install /home/oh/project/drive3/fulfilment/build/messages
[0.452s] -- Install configuration: ""
[0.453s] -- Execute custom install script
[0.453s] -- Up-to-date symlink: /home/oh/project/drive3/fulfilment/install/messages/share/ament_index/resource_index/rosidl_interfaces/messages
[0.454s] -- Up-to-date symlink: /home/oh/project/drive3/fulfilment/install/messages/include/messages/messages/msg/control.h
[0.454s] -- Up-to-date symlink: /home/oh/project/drive3/fulfilment/install/messages/include/messages/messages/msg/detail/control__functions.h
[0.454s] -- Up-to-date symlink: /home/oh/project/drive3/fulfilment/install/messages/include/messages/messages/msg/detail/control__struct.h
[0.454s] -- Up-to-date symlink: /home/oh/project/drive3/fulfilment/install/messages/include/messages/messages/msg/detail/control__type_support.h
[0.454s] -- Up-to-date symlink: /home/oh/project/drive3/fulfilment/install/messages/include/messages/messages/msg/detail/status__functions.h
[0.454s] -- Up-to-date symlink: /home/oh/project/drive3/fulfilment/install/messages/include/messages/messages/msg/detail/status__struct.h
[0.455s] -- Up-to-date symlink: /home/oh/project/drive3/fulfilment/install/messages/include/messages/messages/msg/detail/status__type_support.h
[0.455s] -- Up-to-date symlink: /home/oh/project/drive3/fulfilment/install/messages/include/messages/messages/msg/rosidl_generator_c__visibility_control.h
[0.455s] -- Up-to-date symlink: /home/oh/project/drive3/fulfilment/install/messages/include/messages/messages/msg/status.h
[0.455s] -- Up-to-date symlink: /home/oh/project/drive3/fulfilment/install/messages/share/messages/environment/library_path.sh
[0.455s] -- Up-to-date symlink: /home/oh/project/drive3/fulfilment/install/messages/share/messages/environment/library_path.dsv
[0.456s] -- Up-to-date symlink: /home/oh/project/drive3/fulfilment/install/messages/include/messages/messages/msg/detail/control__rosidl_typesupport_fastrtps_c.h
[0.456s] -- Up-to-date symlink: /home/oh/project/drive3/fulfilment/install/messages/include/messages/messages/msg/detail/status__rosidl_typesupport_fastrtps_c.h
[0.456s] -- Up-to-date symlink: /home/oh/project/drive3/fulfilment/install/messages/include/messages/messages/msg/rosidl_typesupport_fastrtps_c__visibility_control.h
[0.457s] -- Up-to-date symlink: /home/oh/project/drive3/fulfilment/install/messages/include/messages/messages/msg/control.hpp
[0.457s] -- Up-to-date symlink: /home/oh/project/drive3/fulfilment/install/messages/include/messages/messages/msg/detail/control__builder.hpp
[0.457s] -- Up-to-date symlink: /home/oh/project/drive3/fulfilment/install/messages/include/messages/messages/msg/detail/control__struct.hpp
[0.457s] -- Up-to-date symlink: /home/oh/project/drive3/fulfilment/install/messages/include/messages/messages/msg/detail/control__traits.hpp
[0.457s] -- Up-to-date symlink: /home/oh/project/drive3/fulfilment/install/messages/include/messages/messages/msg/detail/control__type_support.hpp
[0.457s] -- Up-to-date symlink: /home/oh/project/drive3/fulfilment/install/messages/include/messages/messages/msg/detail/status__builder.hpp
[0.458s] -- Up-to-date symlink: /home/oh/project/drive3/fulfilment/install/messages/include/messages/messages/msg/detail/status__struct.hpp
[0.458s] -- Up-to-date symlink: /home/oh/project/drive3/fulfilment/install/messages/include/messages/messages/msg/detail/status__traits.hpp
[0.458s] -- Up-to-date symlink: /home/oh/project/drive3/fulfilment/install/messages/include/messages/messages/msg/detail/status__type_support.hpp
[0.458s] -- Up-to-date symlink: /home/oh/project/drive3/fulfilment/install/messages/include/messages/messages/msg/rosidl_generator_cpp__visibility_control.hpp
[0.458s] -- Up-to-date symlink: /home/oh/project/drive3/fulfilment/install/messages/include/messages/messages/msg/status.hpp
[0.459s] -- Up-to-date symlink: /home/oh/project/drive3/fulfilment/install/messages/include/messages/messages/msg/detail/control__rosidl_typesupport_fastrtps_cpp.hpp
[0.459s] -- Up-to-date symlink: /home/oh/project/drive3/fulfilment/install/messages/include/messages/messages/msg/detail/status__rosidl_typesupport_fastrtps_cpp.hpp
[0.459s] -- Up-to-date symlink: /home/oh/project/drive3/fulfilment/install/messages/include/messages/messages/msg/rosidl_typesupport_fastrtps_cpp__visibility_control.h
[0.460s] -- Up-to-date symlink: /home/oh/project/drive3/fulfilment/install/messages/include/messages/messages/msg/detail/control__rosidl_typesupport_introspection_c.h
[0.460s] -- Up-to-date symlink: /home/oh/project/drive3/fulfilment/install/messages/include/messages/messages/msg/detail/status__rosidl_typesupport_introspection_c.h
[0.460s] -- Up-to-date symlink: /home/oh/project/drive3/fulfilment/install/messages/include/messages/messages/msg/rosidl_typesupport_introspection_c__visibility_control.h
[0.460s] -- Up-to-date symlink: /home/oh/project/drive3/fulfilment/install/messages/include/messages/messages/msg/detail/control__rosidl_typesupport_introspection_cpp.hpp
[0.461s] -- Up-to-date symlink: /home/oh/project/drive3/fulfilment/install/messages/include/messages/messages/msg/detail/status__rosidl_typesupport_introspection_cpp.hpp
[0.461s] -- Up-to-date symlink: /home/oh/project/drive3/fulfilment/install/messages/share/messages/environment/pythonpath.sh
[0.461s] -- Up-to-date symlink: /home/oh/project/drive3/fulfilment/install/messages/share/messages/environment/pythonpath.dsv
[0.461s] -- Up-to-date symlink: /home/oh/project/drive3/fulfilment/install/messages/local/lib/python3.10/dist-packages/messages-0.0.0-py3.10.egg-info/PKG-INFO
[0.461s] -- Up-to-date symlink: /home/oh/project/drive3/fulfilment/install/messages/local/lib/python3.10/dist-packages/messages-0.0.0-py3.10.egg-info/SOURCES.txt
[0.462s] -- Up-to-date symlink: /home/oh/project/drive3/fulfilment/install/messages/local/lib/python3.10/dist-packages/messages-0.0.0-py3.10.egg-info/dependency_links.txt
[0.462s] -- Up-to-date symlink: /home/oh/project/drive3/fulfilment/install/messages/local/lib/python3.10/dist-packages/messages-0.0.0-py3.10.egg-info/top_level.txt
[0.462s] -- Up-to-date symlink: /home/oh/project/drive3/fulfilment/install/messages/local/lib/python3.10/dist-packages/messages/__init__.py
[0.462s] -- Up-to-date symlink: /home/oh/project/drive3/fulfilment/install/messages/local/lib/python3.10/dist-packages/messages/_messages_s.ep.rosidl_typesupport_c.c
[0.463s] -- Up-to-date symlink: /home/oh/project/drive3/fulfilment/install/messages/local/lib/python3.10/dist-packages/messages/_messages_s.ep.rosidl_typesupport_fastrtps_c.c
[0.463s] -- Up-to-date symlink: /home/oh/project/drive3/fulfilment/install/messages/local/lib/python3.10/dist-packages/messages/_messages_s.ep.rosidl_typesupport_introspection_c.c
[0.463s] -- Up-to-date symlink: /home/oh/project/drive3/fulfilment/install/messages/local/lib/python3.10/dist-packages/messages/libmessages__rosidl_generator_py.so
[0.463s] -- Up-to-date symlink: /home/oh/project/drive3/fulfilment/install/messages/local/lib/python3.10/dist-packages/messages/messages_s__rosidl_typesupport_c.cpython-310-x86_64-linux-gnu.so
[0.463s] -- Up-to-date symlink: /home/oh/project/drive3/fulfilment/install/messages/local/lib/python3.10/dist-packages/messages/messages_s__rosidl_typesupport_fastrtps_c.cpython-310-x86_64-linux-gnu.so
[0.463s] -- Up-to-date symlink: /home/oh/project/drive3/fulfilment/install/messages/local/lib/python3.10/dist-packages/messages/messages_s__rosidl_typesupport_introspection_c.cpython-310-x86_64-linux-gnu.so
[0.464s] -- Up-to-date symlink: /home/oh/project/drive3/fulfilment/install/messages/local/lib/python3.10/dist-packages/messages/msg/__init__.py
[0.464s] -- Up-to-date symlink: /home/oh/project/drive3/fulfilment/install/messages/local/lib/python3.10/dist-packages/messages/msg/_control.py
[0.464s] -- Up-to-date symlink: /home/oh/project/drive3/fulfilment/install/messages/local/lib/python3.10/dist-packages/messages/msg/_control_s.c
[0.464s] -- Up-to-date symlink: /home/oh/project/drive3/fulfilment/install/messages/local/lib/python3.10/dist-packages/messages/msg/_status.py
[0.464s] -- Up-to-date symlink: /home/oh/project/drive3/fulfilment/install/messages/local/lib/python3.10/dist-packages/messages/msg/_status_s.c
[0.464s] -- Up-to-date symlink: /home/oh/project/drive3/fulfilment/install/messages/local/lib/python3.10/dist-packages/messages/messages_s__rosidl_typesupport_fastrtps_c.cpython-310-x86_64-linux-gnu.so
[0.465s] -- Up-to-date symlink: /home/oh/project/drive3/fulfilment/install/messages/local/lib/python3.10/dist-packages/messages/messages_s__rosidl_typesupport_introspection_c.cpython-310-x86_64-linux-gnu.so
[0.465s] -- Up-to-date symlink: /home/oh/project/drive3/fulfilment/install/messages/local/lib/python3.10/dist-packages/messages/messages_s__rosidl_typesupport_c.cpython-310-x86_64-linux-gnu.so
[0.465s] -- Up-to-date symlink: /home/oh/project/drive3/fulfilment/install/messages/share/messages/msg/Control.idl
[0.465s] -- Up-to-date symlink: /home/oh/project/drive3/fulfilment/install/messages/share/messages/msg/Status.idl
[0.466s] -- Up-to-date symlink: /home/oh/project/drive3/fulfilment/install/messages/share/messages/msg/Control.msg
[0.466s] -- Up-to-date symlink: /home/oh/project/drive3/fulfilment/install/messages/share/messages/msg/Status.msg
[0.466s] -- Up-to-date symlink: /home/oh/project/drive3/fulfilment/install/messages/share/ament_index/resource_index/package_run_dependencies/messages
[0.466s] -- Up-to-date symlink: /home/oh/project/drive3/fulfilment/install/messages/share/ament_index/resource_index/parent_prefix_path/messages
[0.466s] -- Up-to-date symlink: /home/oh/project/drive3/fulfilment/install/messages/share/messages/environment/ament_prefix_path.sh
[0.467s] -- Up-to-date symlink: /home/oh/project/drive3/fulfilment/install/messages/share/messages/environment/ament_prefix_path.dsv
[0.467s] -- Up-to-date symlink: /home/oh/project/drive3/fulfilment/install/messages/share/messages/environment/path.sh
[0.467s] -- Up-to-date symlink: /home/oh/project/drive3/fulfilment/install/messages/share/messages/environment/path.dsv
[0.467s] -- Up-to-date symlink: /home/oh/project/drive3/fulfilment/install/messages/share/messages/local_setup.bash
[0.467s] -- Up-to-date symlink: /home/oh/project/drive3/fulfilment/install/messages/share/messages/local_setup.sh
[0.468s] -- Up-to-date symlink: /home/oh/project/drive3/fulfilment/install/messages/share/messages/local_setup.zsh
[0.468s] -- Up-to-date symlink: /home/oh/project/drive3/fulfilment/install/messages/share/messages/local_setup.dsv
[0.468s] -- Symlinking: /home/oh/project/drive3/fulfilment/install/messages/share/messages/package.dsv
[0.476s] -- Up-to-date symlink: /home/oh/project/drive3/fulfilment/install/messages/share/ament_index/resource_index/packages/messages
[0.476s] -- Up-to-date symlink: /home/oh/project/drive3/fulfilment/install/messages/share/messages/cmake/ament_cmake_export_dependencies-extras.cmake
[0.476s] -- Up-to-date symlink: /home/oh/project/drive3/fulfilment/install/messages/share/messages/cmake/rosidl_cmake-extras.cmake
[0.476s] -- Up-to-date symlink: /home/oh/project/drive3/fulfilment/install/messages/share/messages/cmake/ament_cmake_export_include_directories-extras.cmake
[0.477s] -- Up-to-date symlink: /home/oh/project/drive3/fulfilment/install/messages/share/messages/cmake/ament_cmake_export_libraries-extras.cmake
[0.477s] -- Up-to-date symlink: /home/oh/project/drive3/fulfilment/install/messages/share/messages/cmake/ament_cmake_export_targets-extras.cmake
[0.477s] -- Up-to-date symlink: /home/oh/project/drive3/fulfilment/install/messages/share/messages/cmake/rosidl_cmake_export_typesupport_targets-extras.cmake
[0.477s] -- Up-to-date symlink: /home/oh/project/drive3/fulfilment/install/messages/share/messages/cmake/rosidl_cmake_export_typesupport_libraries-extras.cmake
[0.477s] -- Up-to-date symlink: /home/oh/project/drive3/fulfilment/install/messages/share/messages/cmake/messagesConfig.cmake
[0.477s] -- Up-to-date symlink: /home/oh/project/drive3/fulfilment/install/messages/share/messages/cmake/messagesConfig-version.cmake
[0.478s] -- Up-to-date symlink: /home/oh/project/drive3/fulfilment/install/messages/share/messages/package.xml
[0.478s] -- Up-to-date: /home/oh/project/drive3/fulfilment/install/messages/lib/libmessages__rosidl_generator_c.so
[0.478s] -- Up-to-date: /home/oh/project/drive3/fulfilment/install/messages/lib/libmessages__rosidl_typesupport_fastrtps_c.so
[0.478s] -- Up-to-date: /home/oh/project/drive3/fulfilment/install/messages/lib/libmessages__rosidl_typesupport_fastrtps_cpp.so
[0.479s] -- Up-to-date: /home/oh/project/drive3/fulfilment/install/messages/lib/libmessages__rosidl_typesupport_introspection_c.so
[0.479s] -- Up-to-date: /home/oh/project/drive3/fulfilment/install/messages/lib/libmessages__rosidl_typesupport_c.so
[0.479s] -- Up-to-date: /home/oh/project/drive3/fulfilment/install/messages/lib/libmessages__rosidl_typesupport_introspection_cpp.so
[0.479s] -- Up-to-date: /home/oh/project/drive3/fulfilment/install/messages/lib/libmessages__rosidl_typesupport_cpp.so
[0.511s] Listing '/home/oh/project/drive3/fulfilment/install/messages/local/lib/python3.10/dist-packages/messages'...
[0.511s] Listing '/home/oh/project/drive3/fulfilment/install/messages/local/lib/python3.10/dist-packages/messages/msg'...
[0.515s] -- Up-to-date: /home/oh/project/drive3/fulfilment/install/messages/lib/libmessages__rosidl_generator_py.so
[0.515s] -- Up-to-date: /home/oh/project/drive3/fulfilment/install/messages/share/messages/cmake/export_messages__rosidl_generator_cExport.cmake
[0.515s] -- Up-to-date: /home/oh/project/drive3/fulfilment/install/messages/share/messages/cmake/export_messages__rosidl_generator_cExport-noconfig.cmake
[0.515s] -- Up-to-date: /home/oh/project/drive3/fulfilment/install/messages/share/messages/cmake/export_messages__rosidl_typesupport_fastrtps_cExport.cmake
[0.516s] -- Up-to-date: /home/oh/project/drive3/fulfilment/install/messages/share/messages/cmake/export_messages__rosidl_typesupport_fastrtps_cExport-noconfig.cmake
[0.516s] -- Up-to-date: /home/oh/project/drive3/fulfilment/install/messages/share/messages/cmake/export_messages__rosidl_generator_cppExport.cmake
[0.516s] -- Up-to-date: /home/oh/project/drive3/fulfilment/install/messages/share/messages/cmake/export_messages__rosidl_typesupport_fastrtps_cppExport.cmake
[0.516s] -- Up-to-date: /home/oh/project/drive3/fulfilment/install/messages/share/messages/cmake/export_messages__rosidl_typesupport_fastrtps_cppExport-noconfig.cmake
[0.516s] -- Up-to-date: /home/oh/project/drive3/fulfilment/install/messages/share/messages/cmake/messages__rosidl_typesupport_introspection_cExport.cmake
[0.516s] -- Up-to-date: /home/oh/project/drive3/fulfilment/install/messages/share/messages/cmake/messages__rosidl_typesupport_introspection_cExport-noconfig.cmake
[0.516s] -- Up-to-date: /home/oh/project/drive3/fulfilment/install/messages/share/messages/cmake/messages__rosidl_typesupport_cExport.cmake
[0.517s] -- Up-to-date: /home/oh/project/drive3/fulfilment/install/messages/share/messages/cmake/messages__rosidl_typesupport_cExport-noconfig.cmake
[0.517s] -- Up-to-date: /home/oh/project/drive3/fulfilment/install/messages/share/messages/cmake/messages__rosidl_typesupport_introspection_cppExport.cmake
[0.517s] -- Up-to-date: /home/oh/project/drive3/fulfilment/install/messages/share/messages/cmake/messages__rosidl_typesupport_introspection_cppExport-noconfig.cmake
[0.517s] -- Up-to-date: /home/oh/project/drive3/fulfilment/install/messages/share/messages/cmake/messages__rosidl_typesupport_cppExport.cmake
[0.517s] -- Up-to-date: /home/oh/project/drive3/fulfilment/install/messages/share/messages/cmake/messages__rosidl_typesupport_cppExport-noconfig.cmake
[0.517s] -- Up-to-date: /home/oh/project/drive3/fulfilment/install/messages/share/messages/cmake/export_messages__rosidl_generator_pyExport.cmake
[0.517s] -- Up-to-date: /home/oh/project/drive3/fulfilment/install/messages/share/messages/cmake/export_messages__rosidl_generator_pyExport-noconfig.cmake
[0.519s] Invoked command in '/home/oh/project/drive3/fulfilment/build/messages' returned '0': CMAKE_PREFIX_PATH=${CMAKE_PREFIX_PATH}:/home/oh/project/drive3/fulfilment/install/fulfilment:/opt/ros/humble /usr/bin/cmake --install /home/oh/project/drive3/fulfilment/build/messages
