[0.393s] DEBUG:colcon:Command line arguments: ['/usr/bin/colcon', 'build', '--symlink-install']
[0.393s] DEBUG:colcon:Parsed command line arguments: Namespace(log_base=None, log_level=None, verb_name='build', build_base='build', install_base='install', merge_install=False, symlink_install=True, test_result_base=None, continue_on_error=False, executor='parallel', parallel_workers=8, event_handlers=None, ignore_user_meta=False, metas=['./colcon.meta'], base_paths=['.'], packages_ignore=None, packages_ignore_regex=None, paths=None, packages_up_to=None, packages_up_to_regex=None, packages_above=None, packages_above_and_dependencies=None, packages_above_depth=None, packages_select_by_dep=None, packages_skip_by_dep=None, packages_skip_up_to=None, packages_select_build_failed=False, packages_skip_build_finished=False, packages_select_test_failures=False, packages_skip_test_passed=False, packages_select=None, packages_skip=None, packages_select_regex=None, packages_skip_regex=None, packages_start=None, packages_end=None, allow_overriding=[], cmake_args=None, cmake_target=None, cmake_target_skip_unavailable=False, cmake_clean_cache=False, cmake_clean_first=False, cmake_force_configure=False, ament_cmake_args=None, catkin_cmake_args=None, catkin_skip_building_tests=False, mixin_files=None, mixin=None, verb_parser=<colcon_mixin.mixin.mixin_argument.MixinArgumentDecorator object at 0x7bf375bef3d0>, verb_extension=<colcon_core.verb.build.BuildVerb object at 0x7bf375ba6440>, main=<bound method BuildVerb.main of <colcon_core.verb.build.BuildVerb object at 0x7bf375ba6440>>, mixin_verb=('build',))
[0.719s] Level 1:colcon.colcon_core.package_discovery:discover_packages(colcon_meta) check parameters
[0.719s] Level 1:colcon.colcon_core.package_discovery:discover_packages(recursive) check parameters
[0.719s] Level 1:colcon.colcon_core.package_discovery:discover_packages(ignore) check parameters
[0.719s] Level 1:colcon.colcon_core.package_discovery:discover_packages(path) check parameters
[0.719s] Level 1:colcon.colcon_core.package_discovery:discover_packages(colcon_meta) discover
[0.719s] Level 1:colcon.colcon_core.package_discovery:discover_packages(recursive) discover
[0.719s] INFO:colcon.colcon_core.package_discovery:Crawling recursively for packages in '/home/oh/project/drive3/fulfilment'
[0.719s] Level 1:colcon.colcon_core.package_identification:_identify(.) by extensions ['ignore', 'ignore_ament_install']
[0.719s] Level 1:colcon.colcon_core.package_identification:_identify(.) by extension 'ignore'
[0.720s] Level 1:colcon.colcon_core.package_identification:_identify(.) by extension 'ignore_ament_install'
[0.720s] Level 1:colcon.colcon_core.package_identification:_identify(.) by extensions ['colcon_pkg']
[0.720s] Level 1:colcon.colcon_core.package_identification:_identify(.) by extension 'colcon_pkg'
[0.720s] Level 1:colcon.colcon_core.package_identification:_identify(.) by extensions ['colcon_meta']
[0.720s] Level 1:colcon.colcon_core.package_identification:_identify(.) by extension 'colcon_meta'
[0.720s] Level 1:colcon.colcon_core.package_identification:_identify(.) by extensions ['ros']
[0.720s] Level 1:colcon.colcon_core.package_identification:_identify(.) by extension 'ros'
[0.734s] Level 1:colcon.colcon_core.package_identification:_identify(.) by extensions ['cmake', 'python']
[0.734s] Level 1:colcon.colcon_core.package_identification:_identify(.) by extension 'cmake'
[0.734s] Level 1:colcon.colcon_core.package_identification:_identify(.) by extension 'python'
[0.734s] Level 1:colcon.colcon_core.package_identification:_identify(.) by extensions ['python_setup_py']
[0.734s] Level 1:colcon.colcon_core.package_identification:_identify(.) by extension 'python_setup_py'
[0.734s] Level 1:colcon.colcon_core.package_identification:_identify(build) by extensions ['ignore', 'ignore_ament_install']
[0.734s] Level 1:colcon.colcon_core.package_identification:_identify(build) by extension 'ignore'
[0.734s] Level 1:colcon.colcon_core.package_identification:_identify(build) ignored
[0.734s] Level 1:colcon.colcon_core.package_identification:_identify(install) by extensions ['ignore', 'ignore_ament_install']
[0.734s] Level 1:colcon.colcon_core.package_identification:_identify(install) by extension 'ignore'
[0.735s] Level 1:colcon.colcon_core.package_identification:_identify(install) ignored
[0.735s] Level 1:colcon.colcon_core.package_identification:_identify(log) by extensions ['ignore', 'ignore_ament_install']
[0.735s] Level 1:colcon.colcon_core.package_identification:_identify(log) by extension 'ignore'
[0.735s] Level 1:colcon.colcon_core.package_identification:_identify(log) ignored
[0.735s] Level 1:colcon.colcon_core.package_identification:_identify(src) by extensions ['ignore', 'ignore_ament_install']
[0.735s] Level 1:colcon.colcon_core.package_identification:_identify(src) by extension 'ignore'
[0.735s] Level 1:colcon.colcon_core.package_identification:_identify(src) by extension 'ignore_ament_install'
[0.735s] Level 1:colcon.colcon_core.package_identification:_identify(src) by extensions ['colcon_pkg']
[0.735s] Level 1:colcon.colcon_core.package_identification:_identify(src) by extension 'colcon_pkg'
[0.735s] Level 1:colcon.colcon_core.package_identification:_identify(src) by extensions ['colcon_meta']
[0.735s] Level 1:colcon.colcon_core.package_identification:_identify(src) by extension 'colcon_meta'
[0.735s] Level 1:colcon.colcon_core.package_identification:_identify(src) by extensions ['ros']
[0.735s] Level 1:colcon.colcon_core.package_identification:_identify(src) by extension 'ros'
[0.735s] Level 1:colcon.colcon_core.package_identification:_identify(src) by extensions ['cmake', 'python']
[0.735s] Level 1:colcon.colcon_core.package_identification:_identify(src) by extension 'cmake'
[0.735s] Level 1:colcon.colcon_core.package_identification:_identify(src) by extension 'python'
[0.735s] Level 1:colcon.colcon_core.package_identification:_identify(src) by extensions ['python_setup_py']
[0.735s] Level 1:colcon.colcon_core.package_identification:_identify(src) by extension 'python_setup_py'
[0.736s] Level 1:colcon.colcon_core.package_identification:_identify(src/fulfilment) by extensions ['ignore', 'ignore_ament_install']
[0.736s] Level 1:colcon.colcon_core.package_identification:_identify(src/fulfilment) by extension 'ignore'
[0.736s] Level 1:colcon.colcon_core.package_identification:_identify(src/fulfilment) by extension 'ignore_ament_install'
[0.736s] Level 1:colcon.colcon_core.package_identification:_identify(src/fulfilment) by extensions ['colcon_pkg']
[0.736s] Level 1:colcon.colcon_core.package_identification:_identify(src/fulfilment) by extension 'colcon_pkg'
[0.736s] Level 1:colcon.colcon_core.package_identification:_identify(src/fulfilment) by extensions ['colcon_meta']
[0.736s] Level 1:colcon.colcon_core.package_identification:_identify(src/fulfilment) by extension 'colcon_meta'
[0.736s] Level 1:colcon.colcon_core.package_identification:_identify(src/fulfilment) by extensions ['ros']
[0.736s] Level 1:colcon.colcon_core.package_identification:_identify(src/fulfilment) by extension 'ros'
[0.740s] DEBUG:colcon.colcon_core.package_identification:Package 'src/fulfilment' with type 'ros.ament_python' and name 'fulfilment'
[0.740s] Level 1:colcon.colcon_core.package_identification:_identify(src/messages) by extensions ['ignore', 'ignore_ament_install']
[0.740s] Level 1:colcon.colcon_core.package_identification:_identify(src/messages) by extension 'ignore'
[0.740s] Level 1:colcon.colcon_core.package_identification:_identify(src/messages) by extension 'ignore_ament_install'
[0.740s] Level 1:colcon.colcon_core.package_identification:_identify(src/messages) by extensions ['colcon_pkg']
[0.740s] Level 1:colcon.colcon_core.package_identification:_identify(src/messages) by extension 'colcon_pkg'
[0.740s] Level 1:colcon.colcon_core.package_identification:_identify(src/messages) by extensions ['colcon_meta']
[0.740s] Level 1:colcon.colcon_core.package_identification:_identify(src/messages) by extension 'colcon_meta'
[0.740s] Level 1:colcon.colcon_core.package_identification:_identify(src/messages) by extensions ['ros']
[0.740s] Level 1:colcon.colcon_core.package_identification:_identify(src/messages) by extension 'ros'
[0.742s] DEBUG:colcon.colcon_core.package_identification:Package 'src/messages' with type 'ros.ament_cmake' and name 'messages'
[0.742s] Level 1:colcon.colcon_core.package_discovery:discover_packages(recursive) using defaults
[0.742s] Level 1:colcon.colcon_core.package_discovery:discover_packages(ignore) discover
[0.742s] Level 1:colcon.colcon_core.package_discovery:discover_packages(ignore) using defaults
[0.742s] Level 1:colcon.colcon_core.package_discovery:discover_packages(path) discover
[0.742s] Level 1:colcon.colcon_core.package_discovery:discover_packages(path) using defaults
[0.768s] Level 1:colcon.colcon_core.package_discovery:discover_packages(prefix_path) check parameters
[0.768s] Level 1:colcon.colcon_core.package_discovery:discover_packages(prefix_path) discover
[0.770s] DEBUG:colcon.colcon_installed_package_information.package_discovery:Found 2 installed packages in /home/oh/project/drive3/fulfilment/install
[0.773s] DEBUG:colcon.colcon_installed_package_information.package_discovery:Found 445 installed packages in /opt/ros/humble
[0.775s] Level 1:colcon.colcon_core.package_discovery:discover_packages(prefix_path) using defaults
[0.909s] Level 5:colcon.colcon_core.verb:set package 'messages' build argument 'cmake_args' from command line to 'None'
[0.909s] Level 5:colcon.colcon_core.verb:set package 'messages' build argument 'cmake_target' from command line to 'None'
[0.909s] Level 5:colcon.colcon_core.verb:set package 'messages' build argument 'cmake_target_skip_unavailable' from command line to 'False'
[0.909s] Level 5:colcon.colcon_core.verb:set package 'messages' build argument 'cmake_clean_cache' from command line to 'False'
[0.909s] Level 5:colcon.colcon_core.verb:set package 'messages' build argument 'cmake_clean_first' from command line to 'False'
[0.909s] Level 5:colcon.colcon_core.verb:set package 'messages' build argument 'cmake_force_configure' from command line to 'False'
[0.909s] Level 5:colcon.colcon_core.verb:set package 'messages' build argument 'ament_cmake_args' from command line to 'None'
[0.909s] Level 5:colcon.colcon_core.verb:set package 'messages' build argument 'catkin_cmake_args' from command line to 'None'
[0.910s] Level 5:colcon.colcon_core.verb:set package 'messages' build argument 'catkin_skip_building_tests' from command line to 'False'
[0.910s] DEBUG:colcon.colcon_core.verb:Building package 'messages' with the following arguments: {'ament_cmake_args': None, 'build_base': '/home/oh/project/drive3/fulfilment/build/messages', 'catkin_cmake_args': None, 'catkin_skip_building_tests': False, 'cmake_args': None, 'cmake_clean_cache': False, 'cmake_clean_first': False, 'cmake_force_configure': False, 'cmake_target': None, 'cmake_target_skip_unavailable': False, 'install_base': '/home/oh/project/drive3/fulfilment/install/messages', 'merge_install': False, 'path': '/home/oh/project/drive3/fulfilment/src/messages', 'symlink_install': True, 'test_result_base': None}
[0.910s] Level 5:colcon.colcon_core.verb:set package 'fulfilment' build argument 'cmake_args' from command line to 'None'
[0.910s] Level 5:colcon.colcon_core.verb:set package 'fulfilment' build argument 'cmake_target' from command line to 'None'
[0.910s] Level 5:colcon.colcon_core.verb:set package 'fulfilment' build argument 'cmake_target_skip_unavailable' from command line to 'False'
[0.910s] Level 5:colcon.colcon_core.verb:set package 'fulfilment' build argument 'cmake_clean_cache' from command line to 'False'
[0.910s] Level 5:colcon.colcon_core.verb:set package 'fulfilment' build argument 'cmake_clean_first' from command line to 'False'
[0.910s] Level 5:colcon.colcon_core.verb:set package 'fulfilment' build argument 'cmake_force_configure' from command line to 'False'
[0.910s] Level 5:colcon.colcon_core.verb:set package 'fulfilment' build argument 'ament_cmake_args' from command line to 'None'
[0.910s] Level 5:colcon.colcon_core.verb:set package 'fulfilment' build argument 'catkin_cmake_args' from command line to 'None'
[0.910s] Level 5:colcon.colcon_core.verb:set package 'fulfilment' build argument 'catkin_skip_building_tests' from command line to 'False'
[0.910s] DEBUG:colcon.colcon_core.verb:Building package 'fulfilment' with the following arguments: {'ament_cmake_args': None, 'build_base': '/home/oh/project/drive3/fulfilment/build/fulfilment', 'catkin_cmake_args': None, 'catkin_skip_building_tests': False, 'cmake_args': None, 'cmake_clean_cache': False, 'cmake_clean_first': False, 'cmake_force_configure': False, 'cmake_target': None, 'cmake_target_skip_unavailable': False, 'install_base': '/home/oh/project/drive3/fulfilment/install/fulfilment', 'merge_install': False, 'path': '/home/oh/project/drive3/fulfilment/src/fulfilment', 'symlink_install': True, 'test_result_base': None}
[0.910s] INFO:colcon.colcon_core.executor:Executing jobs using 'parallel' executor
[0.912s] DEBUG:colcon.colcon_parallel_executor.executor.parallel:run_until_complete
[0.912s] INFO:colcon.colcon_ros.task.ament_cmake.build:Building ROS package in '/home/oh/project/drive3/fulfilment/src/messages' with build type 'ament_cmake'
[0.912s] INFO:colcon.colcon_cmake.task.cmake.build:Building CMake package in '/home/oh/project/drive3/fulfilment/src/messages'
[0.916s] INFO:colcon.colcon_core.plugin_system:Skipping extension 'colcon_core.shell.bat': Not used on non-Windows systems
[0.916s] INFO:colcon.colcon_core.shell:Skip shell extension 'powershell' for command environment: Not usable outside of PowerShell
[0.916s] DEBUG:colcon.colcon_core.shell:Skip shell extension 'dsv' for command environment
[0.927s] DEBUG:colcon.colcon_core.event_handler.log_command:Invoking command in '/home/oh/project/drive3/fulfilment/build/messages': CMAKE_PREFIX_PATH=${CMAKE_PREFIX_PATH}:/home/oh/project/drive3/fulfilment/install/fulfilment:/opt/ros/humble /usr/bin/cmake --build /home/oh/project/drive3/fulfilment/build/messages -- -j8 -l8
[1.477s] DEBUG:colcon.colcon_core.event_handler.log_command:Invoked command in '/home/oh/project/drive3/fulfilment/build/messages' returned '0': CMAKE_PREFIX_PATH=${CMAKE_PREFIX_PATH}:/home/oh/project/drive3/fulfilment/install/fulfilment:/opt/ros/humble /usr/bin/cmake --build /home/oh/project/drive3/fulfilment/build/messages -- -j8 -l8
[1.487s] DEBUG:colcon.colcon_core.event_handler.log_command:Invoking command in '/home/oh/project/drive3/fulfilment/build/messages': CMAKE_PREFIX_PATH=${CMAKE_PREFIX_PATH}:/home/oh/project/drive3/fulfilment/install/fulfilment:/opt/ros/humble /usr/bin/cmake --install /home/oh/project/drive3/fulfilment/build/messages
[1.572s] Level 1:colcon.colcon_core.environment:create_environment_scripts_only(messages)
[1.572s] DEBUG:colcon.colcon_core.event_handler.log_command:Invoked command in '/home/oh/project/drive3/fulfilment/build/messages' returned '0': CMAKE_PREFIX_PATH=${CMAKE_PREFIX_PATH}:/home/oh/project/drive3/fulfilment/install/fulfilment:/opt/ros/humble /usr/bin/cmake --install /home/oh/project/drive3/fulfilment/build/messages
[1.577s] Level 1:colcon.colcon_core.environment:checking '/home/oh/project/drive3/fulfilment/install/messages' for CMake module files
[1.577s] Level 1:colcon.colcon_core.environment:checking '/home/oh/project/drive3/fulfilment/install/messages' for CMake config files
[1.578s] Level 1:colcon.colcon_core.shell:create_environment_hook('messages', 'cmake_prefix_path')
[1.578s] INFO:colcon.colcon_core.shell:Creating environment hook '/home/oh/project/drive3/fulfilment/install/messages/share/messages/hook/cmake_prefix_path.ps1'
[1.579s] INFO:colcon.colcon_core.shell:Creating environment descriptor '/home/oh/project/drive3/fulfilment/install/messages/share/messages/hook/cmake_prefix_path.dsv'
[1.579s] INFO:colcon.colcon_core.shell:Creating environment hook '/home/oh/project/drive3/fulfilment/install/messages/share/messages/hook/cmake_prefix_path.sh'
[1.580s] Level 1:colcon.colcon_core.environment:checking '/home/oh/project/drive3/fulfilment/install/messages/lib'
[1.581s] Level 1:colcon.colcon_core.shell:create_environment_hook('messages', 'ld_library_path_lib')
[1.581s] INFO:colcon.colcon_core.shell:Creating environment hook '/home/oh/project/drive3/fulfilment/install/messages/share/messages/hook/ld_library_path_lib.ps1'
[1.581s] INFO:colcon.colcon_core.shell:Creating environment descriptor '/home/oh/project/drive3/fulfilment/install/messages/share/messages/hook/ld_library_path_lib.dsv'
[1.581s] INFO:colcon.colcon_core.shell:Creating environment hook '/home/oh/project/drive3/fulfilment/install/messages/share/messages/hook/ld_library_path_lib.sh'
[1.582s] Level 1:colcon.colcon_core.environment:checking '/home/oh/project/drive3/fulfilment/install/messages/bin'
[1.582s] Level 1:colcon.colcon_core.environment:checking '/home/oh/project/drive3/fulfilment/install/messages/lib/pkgconfig/messages.pc'
[1.582s] Level 1:colcon.colcon_core.environment:checking '/home/oh/project/drive3/fulfilment/install/messages/lib/python3.10/site-packages'
[1.582s] Level 1:colcon.colcon_core.environment:checking '/home/oh/project/drive3/fulfilment/install/messages/bin'
[1.583s] INFO:colcon.colcon_core.shell:Creating package script '/home/oh/project/drive3/fulfilment/install/messages/share/messages/package.ps1'
[1.584s] INFO:colcon.colcon_core.shell:Creating package descriptor '/home/oh/project/drive3/fulfilment/install/messages/share/messages/package.dsv'
[1.584s] INFO:colcon.colcon_core.shell:Creating package script '/home/oh/project/drive3/fulfilment/install/messages/share/messages/package.sh'
[1.585s] INFO:colcon.colcon_core.shell:Creating package script '/home/oh/project/drive3/fulfilment/install/messages/share/messages/package.bash'
[1.586s] INFO:colcon.colcon_core.shell:Creating package script '/home/oh/project/drive3/fulfilment/install/messages/share/messages/package.zsh'
[1.587s] Level 1:colcon.colcon_core.environment:create_file_with_runtime_dependencies(/home/oh/project/drive3/fulfilment/install/messages/share/colcon-core/packages/messages)
[1.587s] Level 1:colcon.colcon_core.environment:create_environment_scripts_only(messages)
[1.587s] Level 1:colcon.colcon_core.environment:checking '/home/oh/project/drive3/fulfilment/install/messages' for CMake module files
[1.588s] Level 1:colcon.colcon_core.environment:checking '/home/oh/project/drive3/fulfilment/install/messages' for CMake config files
[1.588s] Level 1:colcon.colcon_core.shell:create_environment_hook('messages', 'cmake_prefix_path')
[1.589s] INFO:colcon.colcon_core.shell:Creating environment hook '/home/oh/project/drive3/fulfilment/install/messages/share/messages/hook/cmake_prefix_path.ps1'
[1.589s] INFO:colcon.colcon_core.shell:Creating environment descriptor '/home/oh/project/drive3/fulfilment/install/messages/share/messages/hook/cmake_prefix_path.dsv'
[1.589s] INFO:colcon.colcon_core.shell:Creating environment hook '/home/oh/project/drive3/fulfilment/install/messages/share/messages/hook/cmake_prefix_path.sh'
[1.590s] Level 1:colcon.colcon_core.environment:checking '/home/oh/project/drive3/fulfilment/install/messages/lib'
[1.590s] Level 1:colcon.colcon_core.shell:create_environment_hook('messages', 'ld_library_path_lib')
[1.590s] INFO:colcon.colcon_core.shell:Creating environment hook '/home/oh/project/drive3/fulfilment/install/messages/share/messages/hook/ld_library_path_lib.ps1'
[1.590s] INFO:colcon.colcon_core.shell:Creating environment descriptor '/home/oh/project/drive3/fulfilment/install/messages/share/messages/hook/ld_library_path_lib.dsv'
[1.591s] INFO:colcon.colcon_core.shell:Creating environment hook '/home/oh/project/drive3/fulfilment/install/messages/share/messages/hook/ld_library_path_lib.sh'
[1.591s] Level 1:colcon.colcon_core.environment:checking '/home/oh/project/drive3/fulfilment/install/messages/bin'
[1.591s] Level 1:colcon.colcon_core.environment:checking '/home/oh/project/drive3/fulfilment/install/messages/lib/pkgconfig/messages.pc'
[1.591s] Level 1:colcon.colcon_core.environment:checking '/home/oh/project/drive3/fulfilment/install/messages/lib/python3.10/site-packages'
[1.592s] Level 1:colcon.colcon_core.environment:checking '/home/oh/project/drive3/fulfilment/install/messages/bin'
[1.592s] INFO:colcon.colcon_core.shell:Creating package script '/home/oh/project/drive3/fulfilment/install/messages/share/messages/package.ps1'
[1.592s] INFO:colcon.colcon_core.shell:Creating package descriptor '/home/oh/project/drive3/fulfilment/install/messages/share/messages/package.dsv'
[1.593s] INFO:colcon.colcon_core.shell:Creating package script '/home/oh/project/drive3/fulfilment/install/messages/share/messages/package.sh'
[1.593s] INFO:colcon.colcon_core.shell:Creating package script '/home/oh/project/drive3/fulfilment/install/messages/share/messages/package.bash'
[1.594s] INFO:colcon.colcon_core.shell:Creating package script '/home/oh/project/drive3/fulfilment/install/messages/share/messages/package.zsh'
[1.594s] Level 1:colcon.colcon_core.environment:create_file_with_runtime_dependencies(/home/oh/project/drive3/fulfilment/install/messages/share/colcon-core/packages/messages)
[1.594s] INFO:colcon.colcon_ros.task.ament_python.build:Building ROS package in '/home/oh/project/drive3/fulfilment/src/fulfilment' with build type 'ament_python'
[1.595s] Level 1:colcon.colcon_core.shell:create_environment_hook('fulfilment', 'ament_prefix_path')
[1.595s] INFO:colcon.colcon_core.shell:Creating environment hook '/home/oh/project/drive3/fulfilment/install/fulfilment/share/fulfilment/hook/ament_prefix_path.ps1'
[1.596s] INFO:colcon.colcon_core.shell:Creating environment descriptor '/home/oh/project/drive3/fulfilment/install/fulfilment/share/fulfilment/hook/ament_prefix_path.dsv'
[1.596s] INFO:colcon.colcon_core.shell:Creating environment hook '/home/oh/project/drive3/fulfilment/install/fulfilment/share/fulfilment/hook/ament_prefix_path.sh'
[1.597s] INFO:colcon.colcon_core.shell:Skip shell extension 'powershell' for command environment: Not usable outside of PowerShell
[1.597s] DEBUG:colcon.colcon_core.shell:Skip shell extension 'dsv' for command environment
[1.937s] INFO:colcon.colcon_core.task.python.build:Building Python package in '/home/oh/project/drive3/fulfilment/src/fulfilment'
[1.937s] INFO:colcon.colcon_core.shell:Skip shell extension 'powershell' for command environment: Not usable outside of PowerShell
[1.937s] DEBUG:colcon.colcon_core.shell:Skip shell extension 'dsv' for command environment
[2.401s] DEBUG:colcon.colcon_core.event_handler.log_command:Invoking command in '/home/oh/project/drive3/fulfilment/build/fulfilment': PYTHONPATH=/home/oh/project/drive3/fulfilment/build/fulfilment/prefix_override:/usr/lib/python3/dist-packages/colcon_core/task/python/colcon_distutils_commands:/home/oh/project/drive3/fulfilment/install/fulfilment/lib/python3.10/site-packages:${PYTHONPATH} /usr/bin/python3 -W ignore:setup.py install is deprecated -W ignore:easy_install command is deprecated setup.py develop --editable --build-directory /home/oh/project/drive3/fulfilment/build/fulfilment/build --no-deps symlink_data
[3.015s] Level 1:colcon.colcon_core.shell:create_environment_hook('fulfilment', 'pythonpath_develop')
[3.015s] DEBUG:colcon.colcon_core.event_handler.log_command:Invoked command in '/home/oh/project/drive3/fulfilment/build/fulfilment' returned '0': PYTHONPATH=/home/oh/project/drive3/fulfilment/build/fulfilment/prefix_override:/usr/lib/python3/dist-packages/colcon_core/task/python/colcon_distutils_commands:/home/oh/project/drive3/fulfilment/install/fulfilment/lib/python3.10/site-packages:${PYTHONPATH} /usr/bin/python3 -W ignore:setup.py install is deprecated -W ignore:easy_install command is deprecated setup.py develop --editable --build-directory /home/oh/project/drive3/fulfilment/build/fulfilment/build --no-deps symlink_data
[3.016s] INFO:colcon.colcon_core.shell:Creating environment hook '/home/oh/project/drive3/fulfilment/build/fulfilment/share/fulfilment/hook/pythonpath_develop.ps1'
[3.017s] INFO:colcon.colcon_core.shell:Creating environment descriptor '/home/oh/project/drive3/fulfilment/build/fulfilment/share/fulfilment/hook/pythonpath_develop.dsv'
[3.017s] INFO:colcon.colcon_core.shell:Creating environment hook '/home/oh/project/drive3/fulfilment/build/fulfilment/share/fulfilment/hook/pythonpath_develop.sh'
[3.018s] Level 1:colcon.colcon_core.environment:checking '/home/oh/project/drive3/fulfilment/install/fulfilment' for CMake module files
[3.018s] Level 1:colcon.colcon_core.environment:checking '/home/oh/project/drive3/fulfilment/install/fulfilment' for CMake config files
[3.019s] Level 1:colcon.colcon_core.environment:checking '/home/oh/project/drive3/fulfilment/install/fulfilment/lib'
[3.019s] Level 1:colcon.colcon_core.environment:checking '/home/oh/project/drive3/fulfilment/install/fulfilment/bin'
[3.019s] Level 1:colcon.colcon_core.environment:checking '/home/oh/project/drive3/fulfilment/install/fulfilment/lib/pkgconfig/fulfilment.pc'
[3.019s] Level 1:colcon.colcon_core.environment:checking '/home/oh/project/drive3/fulfilment/install/fulfilment/lib/python3.10/site-packages'
[3.019s] Level 1:colcon.colcon_core.shell:create_environment_hook('fulfilment', 'pythonpath')
[3.020s] INFO:colcon.colcon_core.shell:Creating environment hook '/home/oh/project/drive3/fulfilment/install/fulfilment/share/fulfilment/hook/pythonpath.ps1'
[3.020s] INFO:colcon.colcon_core.shell:Creating environment descriptor '/home/oh/project/drive3/fulfilment/install/fulfilment/share/fulfilment/hook/pythonpath.dsv'
[3.020s] INFO:colcon.colcon_core.shell:Creating environment hook '/home/oh/project/drive3/fulfilment/install/fulfilment/share/fulfilment/hook/pythonpath.sh'
[3.021s] Level 1:colcon.colcon_core.environment:checking '/home/oh/project/drive3/fulfilment/install/fulfilment/bin'
[3.021s] Level 1:colcon.colcon_core.environment:create_environment_scripts_only(fulfilment)
[3.021s] INFO:colcon.colcon_core.shell:Creating package script '/home/oh/project/drive3/fulfilment/install/fulfilment/share/fulfilment/package.ps1'
[3.022s] INFO:colcon.colcon_core.shell:Creating package descriptor '/home/oh/project/drive3/fulfilment/install/fulfilment/share/fulfilment/package.dsv'
[3.022s] INFO:colcon.colcon_core.shell:Creating package script '/home/oh/project/drive3/fulfilment/install/fulfilment/share/fulfilment/package.sh'
[3.023s] INFO:colcon.colcon_core.shell:Creating package script '/home/oh/project/drive3/fulfilment/install/fulfilment/share/fulfilment/package.bash'
[3.023s] INFO:colcon.colcon_core.shell:Creating package script '/home/oh/project/drive3/fulfilment/install/fulfilment/share/fulfilment/package.zsh'
[3.023s] Level 1:colcon.colcon_core.environment:create_file_with_runtime_dependencies(/home/oh/project/drive3/fulfilment/install/fulfilment/share/colcon-core/packages/fulfilment)
[3.024s] DEBUG:colcon.colcon_parallel_executor.executor.parallel:closing loop
[3.024s] DEBUG:colcon.colcon_parallel_executor.executor.parallel:loop closed
[3.024s] DEBUG:colcon.colcon_parallel_executor.executor.parallel:run_until_complete finished with '0'
[3.024s] DEBUG:colcon.colcon_core.event_reactor:joining thread
[3.033s] INFO:colcon.colcon_core.plugin_system:Skipping extension 'colcon_notification.desktop_notification.terminal_notifier': Not used on non-Darwin systems
[3.033s] INFO:colcon.colcon_core.plugin_system:Skipping extension 'colcon_notification.desktop_notification.win32': Not used on non-Windows systems
[3.033s] INFO:colcon.colcon_notification.desktop_notification:Sending desktop notification using 'notify2'
[3.049s] DEBUG:colcon.colcon_core.event_reactor:joined thread
[3.050s] INFO:colcon.colcon_core.shell:Creating prefix script '/home/oh/project/drive3/fulfilment/install/local_setup.ps1'
[3.051s] INFO:colcon.colcon_core.shell:Creating prefix util module '/home/oh/project/drive3/fulfilment/install/_local_setup_util_ps1.py'
[3.052s] INFO:colcon.colcon_core.shell:Creating prefix chain script '/home/oh/project/drive3/fulfilment/install/setup.ps1'
[3.053s] INFO:colcon.colcon_core.shell:Creating prefix script '/home/oh/project/drive3/fulfilment/install/local_setup.sh'
[3.054s] INFO:colcon.colcon_core.shell:Creating prefix util module '/home/oh/project/drive3/fulfilment/install/_local_setup_util_sh.py'
[3.055s] INFO:colcon.colcon_core.shell:Creating prefix chain script '/home/oh/project/drive3/fulfilment/install/setup.sh'
[3.057s] INFO:colcon.colcon_core.shell:Creating prefix script '/home/oh/project/drive3/fulfilment/install/local_setup.bash'
[3.058s] INFO:colcon.colcon_core.shell:Creating prefix chain script '/home/oh/project/drive3/fulfilment/install/setup.bash'
[3.060s] INFO:colcon.colcon_core.shell:Creating prefix script '/home/oh/project/drive3/fulfilment/install/local_setup.zsh'
[3.061s] INFO:colcon.colcon_core.shell:Creating prefix chain script '/home/oh/project/drive3/fulfilment/install/setup.zsh'
