[0.771s] Invoking command in '/home/oh/project/drive3/fulfilment/build/fulfilment': PYTHONPATH=/home/oh/project/drive3/fulfilment/build/fulfilment/prefix_override:/usr/lib/python3/dist-packages/colcon_core/task/python/colcon_distutils_commands:/home/oh/project/drive3/fulfilment/install/fulfilment/lib/python3.10/site-packages:${PYTHONPATH} /usr/bin/python3 -W ignore:setup.py install is deprecated -W ignore:easy_install command is deprecated setup.py develop --editable --build-directory /home/oh/project/drive3/fulfilment/build/fulfilment/build --no-deps symlink_data
[1.098s] running develop
[1.364s] running egg_info
[1.364s] writing fulfilment.egg-info/PKG-INFO
[1.364s] writing dependency_links to fulfilment.egg-info/dependency_links.txt
[1.365s] writing entry points to fulfilment.egg-info/entry_points.txt
[1.365s] writing requirements to fulfilment.egg-info/requires.txt
[1.365s] writing top-level names to fulfilment.egg-info/top_level.txt
[1.367s] reading manifest file 'fulfilment.egg-info/SOURCES.txt'
[1.368s] writing manifest file 'fulfilment.egg-info/SOURCES.txt'
[1.369s] running build_ext
[1.370s] Creating /home/oh/project/drive3/fulfilment/install/fulfilment/lib/python3.10/site-packages/fulfilment.egg-link (link to .)
[1.370s] Installing conv script to /home/oh/project/drive3/fulfilment/install/fulfilment/lib/fulfilment
[1.371s] Installing input script to /home/oh/project/drive3/fulfilment/install/fulfilment/lib/fulfilment
[1.371s] Installing pub script to /home/oh/project/drive3/fulfilment/install/fulfilment/lib/fulfilment
[1.371s] Installing sub script to /home/oh/project/drive3/fulfilment/install/fulfilment/lib/fulfilment
[1.371s] 
[1.371s] Installed /home/oh/project/drive3/fulfilment/build/fulfilment
[1.371s] running symlink_data
[1.403s] Invoked command in '/home/oh/project/drive3/fulfilment/build/fulfilment' returned '0': PYTHONPATH=/home/oh/project/drive3/fulfilment/build/fulfilment/prefix_override:/usr/lib/python3/dist-packages/colcon_core/task/python/colcon_distutils_commands:/home/oh/project/drive3/fulfilment/install/fulfilment/lib/python3.10/site-packages:${PYTHONPATH} /usr/bin/python3 -W ignore:setup.py install is deprecated -W ignore:easy_install command is deprecated setup.py develop --editable --build-directory /home/oh/project/drive3/fulfilment/build/fulfilment/build --no-deps symlink_data
