[0.010s] Invoking command in '/home/oh/project/drive3/fulfilment/build/messages': CMAKE_PREFIX_PATH=${CMAKE_PREFIX_PATH}:/home/oh/project/drive3/fulfilment/install/fulfilment:/opt/ros/humble /usr/bin/cmake /home/oh/project/drive3/fulfilment/src/messages -DAMENT_CMAKE_SYMLINK_INSTALL=1 -DCMAKE_INSTALL_PREFIX=/home/oh/project/drive3/fulfilment/install/messages
[0.056s] -- The C compiler identification is GNU 11.4.0
[0.104s] -- The CXX compiler identification is GNU 11.4.0
[0.111s] -- Detecting C compiler ABI info
[0.172s] -- Detecting C compiler ABI info - done
[0.180s] -- Check for working C compiler: /usr/bin/cc - skipped
[0.180s] -- Detecting C compile features
[0.180s] -- Detecting C compile features - done
[0.183s] -- Detecting CXX compiler ABI info
[0.252s] -- Detecting CXX compiler ABI info - done
[0.260s] -- Check for working CXX compiler: /usr/bin/c++ - skipped
[0.260s] -- Detecting CXX compile features
[0.260s] -- Detecting CXX compile features - done
[0.263s] -- Found ament_cmake: 1.3.11 (/opt/ros/humble/share/ament_cmake/cmake)
[0.405s] -- Found Python3: /usr/bin/python3 (found version "3.10.12") found components: Interpreter 
[0.465s] -- Override CMake install command with custom implementation using symlinks instead of copying resources
[0.490s] -- Found builtin_interfaces: 1.2.1 (/opt/ros/humble/share/builtin_interfaces/cmake)
[0.521s] -- Found rosidl_generator_c: 3.1.6 (/opt/ros/humble/share/rosidl_generator_c/cmake)
[0.526s] -- Found rosidl_adapter: 3.1.6 (/opt/ros/humble/share/rosidl_adapter/cmake)
[0.534s] -- Found rosidl_generator_cpp: 3.1.6 (/opt/ros/humble/share/rosidl_generator_cpp/cmake)
[0.546s] -- Using all available rosidl_typesupport_c: rosidl_typesupport_fastrtps_c;rosidl_typesupport_introspection_c
[0.561s] -- Using all available rosidl_typesupport_cpp: rosidl_typesupport_fastrtps_cpp;rosidl_typesupport_introspection_cpp
[0.576s] -- Found rosidl_default_generators: 1.2.0 (/opt/ros/humble/share/rosidl_default_generators/cmake)
[0.818s] -- Found ament_cmake_ros: 0.10.0 (/opt/ros/humble/share/ament_cmake_ros/cmake)
[1.105s] -- Using all available rosidl_typesupport_c: rosidl_typesupport_fastrtps_c;rosidl_typesupport_introspection_c
[1.217s] -- Using all available rosidl_typesupport_cpp: rosidl_typesupport_fastrtps_cpp;rosidl_typesupport_introspection_cpp
[1.239s] -- Found PythonInterp: /usr/bin/python3 (found suitable version "3.10.12", minimum required is "3.6") 
[1.240s] -- Found python_cmake_module: 0.10.0 (/opt/ros/humble/share/python_cmake_module/cmake)
[1.265s] -- Found PythonLibs: /usr/lib/x86_64-linux-gnu/libpython3.10.so (found suitable version "3.10.12", minimum required is "3.5") 
[1.266s] -- Using PYTHON_EXECUTABLE: /usr/bin/python3
[1.266s] -- Using PYTHON_INCLUDE_DIRS: /usr/include/python3.10
[1.266s] -- Using PYTHON_LIBRARIES: /usr/lib/x86_64-linux-gnu/libpython3.10.so
[1.286s] -- Found PythonExtra: .so  
[1.321s] -- Found ament_lint_auto: 0.12.11 (/opt/ros/humble/share/ament_lint_auto/cmake)
[1.340s] -- Added test 'lint_cmake' to check CMake code style
[1.341s] -- Added test 'xmllint' to check XML markup files
[1.345s] -- Configuring done
[1.372s] -- Generating done
[1.382s] -- Build files have been written to: /home/oh/project/drive3/fulfilment/build/messages
[1.389s] Invoked command in '/home/oh/project/drive3/fulfilment/build/messages' returned '0': CMAKE_PREFIX_PATH=${CMAKE_PREFIX_PATH}:/home/oh/project/drive3/fulfilment/install/fulfilment:/opt/ros/humble /usr/bin/cmake /home/oh/project/drive3/fulfilment/src/messages -DAMENT_CMAKE_SYMLINK_INSTALL=1 -DCMAKE_INSTALL_PREFIX=/home/oh/project/drive3/fulfilment/install/messages
[1.390s] Invoking command in '/home/oh/project/drive3/fulfilment/build/messages': CMAKE_PREFIX_PATH=${CMAKE_PREFIX_PATH}:/home/oh/project/drive3/fulfilment/install/fulfilment:/opt/ros/humble /usr/bin/cmake --build /home/oh/project/drive3/fulfilment/build/messages -- -j8 -l8
[1.421s] [  2%] [34m[1mGenerating C code for ROS interfaces[0m
[1.430s] [  5%] [34m[1mGenerating C++ code for ROS interfaces[0m
[1.437s] [  5%] Built target ament_cmake_python_symlink_messages
[1.814s] running egg_info
[1.815s] creating messages.egg-info
[1.815s] writing messages.egg-info/PKG-INFO
[1.816s] writing dependency_links to messages.egg-info/dependency_links.txt
[1.816s] writing top-level names to messages.egg-info/top_level.txt
[1.816s] writing manifest file 'messages.egg-info/SOURCES.txt'
[1.818s] [  5%] Built target messages__cpp
[1.819s] [ 10%] [32mBuilding C object CMakeFiles/messages__rosidl_generator_c.dir/rosidl_generator_c/messages/msg/detail/control__functions.c.o[0m
[1.819s] [ 10%] [32mBuilding C object CMakeFiles/messages__rosidl_generator_c.dir/rosidl_generator_c/messages/msg/detail/status__functions.c.o[0m
[1.820s] reading manifest file 'messages.egg-info/SOURCES.txt'
[1.821s] writing manifest file 'messages.egg-info/SOURCES.txt'
[1.832s] [ 17%] [34m[1mGenerating C++ type support dispatch for ROS interfaces[0m
[1.832s] [ 17%] [34m[1mGenerating C++ type support for eProsima Fast-RTPS[0m
[1.832s] [ 17%] [34m[1mGenerating C++ introspection for ROS interfaces[0m
[1.877s] [ 17%] Built target ament_cmake_python_build_messages_egg
[1.891s] [ 20%] [32m[1mLinking C shared library libmessages__rosidl_generator_c.so[0m
[1.928s] [ 20%] Built target messages__rosidl_generator_c
[1.938s] [ 23%] [34m[1mGenerating C introspection for ROS interfaces[0m
[1.941s] [ 28%] [34m[1mGenerating C type support for eProsima Fast-RTPS[0m
[1.941s] [ 28%] [34m[1mGenerating C type support dispatch for ROS interfaces[0m
[2.301s] [ 33%] [32mBuilding CXX object CMakeFiles/messages__rosidl_typesupport_fastrtps_cpp.dir/rosidl_typesupport_fastrtps_cpp/messages/msg/detail/dds_fastrtps/control__type_support.cpp.o[0m
[2.302s] [ 33%] [32mBuilding CXX object CMakeFiles/messages__rosidl_typesupport_fastrtps_cpp.dir/rosidl_typesupport_fastrtps_cpp/messages/msg/detail/dds_fastrtps/status__type_support.cpp.o[0m
[2.324s] [ 38%] [32mBuilding CXX object CMakeFiles/messages__rosidl_typesupport_cpp.dir/rosidl_typesupport_cpp/messages/msg/status__type_support.cpp.o[0m
[2.324s] [ 38%] [32mBuilding CXX object CMakeFiles/messages__rosidl_typesupport_cpp.dir/rosidl_typesupport_cpp/messages/msg/control__type_support.cpp.o[0m
[2.377s] [ 41%] [32mBuilding CXX object CMakeFiles/messages__rosidl_typesupport_introspection_cpp.dir/rosidl_typesupport_introspection_cpp/messages/msg/detail/control__type_support.cpp.o[0m
[2.460s] [ 43%] [32mBuilding CXX object CMakeFiles/messages__rosidl_typesupport_c.dir/rosidl_typesupport_c/messages/msg/control__type_support.cpp.o[0m
[2.485s] [ 46%] [32mBuilding C object CMakeFiles/messages__rosidl_typesupport_introspection_c.dir/rosidl_typesupport_introspection_c/messages/msg/detail/control__type_support.c.o[0m
[2.506s] [ 48%] [32mBuilding CXX object CMakeFiles/messages__rosidl_typesupport_c.dir/rosidl_typesupport_c/messages/msg/status__type_support.cpp.o[0m
[2.545s] [ 51%] [32mBuilding C object CMakeFiles/messages__rosidl_typesupport_introspection_c.dir/rosidl_typesupport_introspection_c/messages/msg/detail/status__type_support.c.o[0m
[2.559s] [ 53%] [32m[1mLinking CXX shared library libmessages__rosidl_typesupport_c.so[0m
[2.599s] [ 56%] [32m[1mLinking C shared library libmessages__rosidl_typesupport_introspection_c.so[0m
[2.634s] [ 58%] [32mBuilding CXX object CMakeFiles/messages__rosidl_typesupport_fastrtps_c.dir/rosidl_typesupport_fastrtps_c/messages/msg/detail/control__type_support_c.cpp.o[0m
[2.634s] [ 58%] Built target messages__rosidl_typesupport_c
[2.647s] [ 58%] Built target messages__rosidl_typesupport_introspection_c
[2.651s] [ 61%] [32mBuilding CXX object CMakeFiles/messages__rosidl_typesupport_introspection_cpp.dir/rosidl_typesupport_introspection_cpp/messages/msg/detail/status__type_support.cpp.o[0m
[2.659s] [ 64%] [32mBuilding CXX object CMakeFiles/messages__rosidl_typesupport_fastrtps_c.dir/rosidl_typesupport_fastrtps_c/messages/msg/detail/status__type_support_c.cpp.o[0m
[2.800s] [ 66%] [32m[1mLinking CXX shared library libmessages__rosidl_typesupport_cpp.so[0m
[2.852s] [ 66%] Built target messages__rosidl_typesupport_cpp
[3.016s] [ 69%] [32m[1mLinking CXX shared library libmessages__rosidl_typesupport_fastrtps_cpp.so[0m
[3.123s] [ 69%] Built target messages__rosidl_typesupport_fastrtps_cpp
[3.170s] [ 71%] [32m[1mLinking CXX shared library libmessages__rosidl_typesupport_fastrtps_c.so[0m
[3.176s] [ 74%] [32m[1mLinking CXX shared library libmessages__rosidl_typesupport_introspection_cpp.so[0m
[3.308s] [ 74%] Built target messages__rosidl_typesupport_introspection_cpp
[3.313s] [ 74%] Built target messages__rosidl_typesupport_fastrtps_c
[3.336s] [ 74%] Built target messages
[3.354s] [ 76%] [34m[1mGenerating Python code for ROS interfaces[0m
[3.752s] [ 76%] Built target messages__py
[3.769s] [ 82%] [32mBuilding C object CMakeFiles/messages__rosidl_generator_py.dir/rosidl_generator_py/messages/msg/_control_s.c.o[0m
[3.770s] [ 82%] [32mBuilding C object CMakeFiles/messages__rosidl_generator_py.dir/rosidl_generator_py/messages/msg/_status_s.c.o[0m
[3.862s] [ 84%] [32m[1mLinking C shared library rosidl_generator_py/messages/libmessages__rosidl_generator_py.so[0m
[3.896s] [ 84%] Built target messages__rosidl_generator_py
[3.914s] [ 92%] [32mBuilding C object CMakeFiles/messages__rosidl_typesupport_introspection_c__pyext.dir/rosidl_generator_py/messages/_messages_s.ep.rosidl_typesupport_introspection_c.c.o[0m
[3.914s] [ 92%] [32mBuilding C object CMakeFiles/messages__rosidl_typesupport_fastrtps_c__pyext.dir/rosidl_generator_py/messages/_messages_s.ep.rosidl_typesupport_fastrtps_c.c.o[0m
[3.914s] [ 92%] [32mBuilding C object CMakeFiles/messages__rosidl_typesupport_c__pyext.dir/rosidl_generator_py/messages/_messages_s.ep.rosidl_typesupport_c.c.o[0m
[4.036s] [100%] [32m[1mLinking C shared library rosidl_generator_py/messages/messages_s__rosidl_typesupport_introspection_c.cpython-310-x86_64-linux-gnu.so[0m
[4.036s] [100%] [32m[1mLinking C shared library rosidl_generator_py/messages/messages_s__rosidl_typesupport_c.cpython-310-x86_64-linux-gnu.so[0m
[4.037s] [100%] [32m[1mLinking C shared library rosidl_generator_py/messages/messages_s__rosidl_typesupport_fastrtps_c.cpython-310-x86_64-linux-gnu.so[0m
[4.072s] [100%] Built target messages__rosidl_typesupport_introspection_c__pyext
[4.072s] [100%] Built target messages__rosidl_typesupport_fastrtps_c__pyext
[4.072s] [100%] Built target messages__rosidl_typesupport_c__pyext
[4.083s] Invoked command in '/home/oh/project/drive3/fulfilment/build/messages' returned '0': CMAKE_PREFIX_PATH=${CMAKE_PREFIX_PATH}:/home/oh/project/drive3/fulfilment/install/fulfilment:/opt/ros/humble /usr/bin/cmake --build /home/oh/project/drive3/fulfilment/build/messages -- -j8 -l8
[4.091s] Invoking command in '/home/oh/project/drive3/fulfilment/build/messages': CMAKE_PREFIX_PATH=${CMAKE_PREFIX_PATH}:/home/oh/project/drive3/fulfilment/install/fulfilment:/opt/ros/humble /usr/bin/cmake --install /home/oh/project/drive3/fulfilment/build/messages
[4.099s] -- Install configuration: ""
[4.099s] -- Execute custom install script
[4.100s] -- Symlinking: /home/oh/project/drive3/fulfilment/install/messages/share/ament_index/resource_index/rosidl_interfaces/messages
[4.108s] -- Symlinking: /home/oh/project/drive3/fulfilment/install/messages/include/messages/messages/msg/control.h
[4.116s] -- Symlinking: /home/oh/project/drive3/fulfilment/install/messages/include/messages/messages/msg/detail/control__functions.h
[4.123s] -- Symlinking: /home/oh/project/drive3/fulfilment/install/messages/include/messages/messages/msg/detail/control__struct.h
[4.131s] -- Symlinking: /home/oh/project/drive3/fulfilment/install/messages/include/messages/messages/msg/detail/control__type_support.h
[4.139s] -- Symlinking: /home/oh/project/drive3/fulfilment/install/messages/include/messages/messages/msg/detail/status__functions.h
[4.147s] -- Symlinking: /home/oh/project/drive3/fulfilment/install/messages/include/messages/messages/msg/detail/status__struct.h
[4.155s] -- Symlinking: /home/oh/project/drive3/fulfilment/install/messages/include/messages/messages/msg/detail/status__type_support.h
[4.162s] -- Symlinking: /home/oh/project/drive3/fulfilment/install/messages/include/messages/messages/msg/rosidl_generator_c__visibility_control.h
[4.170s] -- Symlinking: /home/oh/project/drive3/fulfilment/install/messages/include/messages/messages/msg/status.h
[4.177s] -- Symlinking: /home/oh/project/drive3/fulfilment/install/messages/share/messages/environment/library_path.sh
[4.184s] -- Symlinking: /home/oh/project/drive3/fulfilment/install/messages/share/messages/environment/library_path.dsv
[4.194s] -- Symlinking: /home/oh/project/drive3/fulfilment/install/messages/include/messages/messages/msg/detail/control__rosidl_typesupport_fastrtps_c.h
[4.200s] -- Symlinking: /home/oh/project/drive3/fulfilment/install/messages/include/messages/messages/msg/detail/status__rosidl_typesupport_fastrtps_c.h
[4.208s] -- Symlinking: /home/oh/project/drive3/fulfilment/install/messages/include/messages/messages/msg/rosidl_typesupport_fastrtps_c__visibility_control.h
[4.216s] -- Symlinking: /home/oh/project/drive3/fulfilment/install/messages/include/messages/messages/msg/control.hpp
[4.223s] -- Symlinking: /home/oh/project/drive3/fulfilment/install/messages/include/messages/messages/msg/detail/control__builder.hpp
[4.231s] -- Symlinking: /home/oh/project/drive3/fulfilment/install/messages/include/messages/messages/msg/detail/control__struct.hpp
[4.238s] -- Symlinking: /home/oh/project/drive3/fulfilment/install/messages/include/messages/messages/msg/detail/control__traits.hpp
[4.246s] -- Symlinking: /home/oh/project/drive3/fulfilment/install/messages/include/messages/messages/msg/detail/control__type_support.hpp
[4.253s] -- Symlinking: /home/oh/project/drive3/fulfilment/install/messages/include/messages/messages/msg/detail/status__builder.hpp
[4.262s] -- Symlinking: /home/oh/project/drive3/fulfilment/install/messages/include/messages/messages/msg/detail/status__struct.hpp
[4.270s] -- Symlinking: /home/oh/project/drive3/fulfilment/install/messages/include/messages/messages/msg/detail/status__traits.hpp
[4.278s] -- Symlinking: /home/oh/project/drive3/fulfilment/install/messages/include/messages/messages/msg/detail/status__type_support.hpp
[4.285s] -- Symlinking: /home/oh/project/drive3/fulfilment/install/messages/include/messages/messages/msg/rosidl_generator_cpp__visibility_control.hpp
[4.293s] -- Symlinking: /home/oh/project/drive3/fulfilment/install/messages/include/messages/messages/msg/status.hpp
[4.301s] -- Symlinking: /home/oh/project/drive3/fulfilment/install/messages/include/messages/messages/msg/detail/control__rosidl_typesupport_fastrtps_cpp.hpp
[4.309s] -- Symlinking: /home/oh/project/drive3/fulfilment/install/messages/include/messages/messages/msg/detail/status__rosidl_typesupport_fastrtps_cpp.hpp
[4.317s] -- Symlinking: /home/oh/project/drive3/fulfilment/install/messages/include/messages/messages/msg/rosidl_typesupport_fastrtps_cpp__visibility_control.h
[4.325s] -- Symlinking: /home/oh/project/drive3/fulfilment/install/messages/include/messages/messages/msg/detail/control__rosidl_typesupport_introspection_c.h
[4.332s] -- Symlinking: /home/oh/project/drive3/fulfilment/install/messages/include/messages/messages/msg/detail/status__rosidl_typesupport_introspection_c.h
[4.340s] -- Symlinking: /home/oh/project/drive3/fulfilment/install/messages/include/messages/messages/msg/rosidl_typesupport_introspection_c__visibility_control.h
[4.349s] -- Symlinking: /home/oh/project/drive3/fulfilment/install/messages/include/messages/messages/msg/detail/control__rosidl_typesupport_introspection_cpp.hpp
[4.356s] -- Symlinking: /home/oh/project/drive3/fulfilment/install/messages/include/messages/messages/msg/detail/status__rosidl_typesupport_introspection_cpp.hpp
[4.364s] -- Symlinking: /home/oh/project/drive3/fulfilment/install/messages/share/messages/environment/pythonpath.sh
[4.372s] -- Symlinking: /home/oh/project/drive3/fulfilment/install/messages/share/messages/environment/pythonpath.dsv
[4.379s] -- Symlinking: /home/oh/project/drive3/fulfilment/install/messages/local/lib/python3.10/dist-packages/messages-0.0.0-py3.10.egg-info/PKG-INFO
[4.387s] -- Symlinking: /home/oh/project/drive3/fulfilment/install/messages/local/lib/python3.10/dist-packages/messages-0.0.0-py3.10.egg-info/SOURCES.txt
[4.397s] -- Symlinking: /home/oh/project/drive3/fulfilment/install/messages/local/lib/python3.10/dist-packages/messages-0.0.0-py3.10.egg-info/dependency_links.txt
[4.405s] -- Symlinking: /home/oh/project/drive3/fulfilment/install/messages/local/lib/python3.10/dist-packages/messages-0.0.0-py3.10.egg-info/top_level.txt
[4.413s] -- Symlinking: /home/oh/project/drive3/fulfilment/install/messages/local/lib/python3.10/dist-packages/messages/__init__.py
[4.420s] -- Symlinking: /home/oh/project/drive3/fulfilment/install/messages/local/lib/python3.10/dist-packages/messages/_messages_s.ep.rosidl_typesupport_c.c
[4.427s] -- Symlinking: /home/oh/project/drive3/fulfilment/install/messages/local/lib/python3.10/dist-packages/messages/_messages_s.ep.rosidl_typesupport_fastrtps_c.c
[4.434s] -- Symlinking: /home/oh/project/drive3/fulfilment/install/messages/local/lib/python3.10/dist-packages/messages/_messages_s.ep.rosidl_typesupport_introspection_c.c
[4.442s] -- Symlinking: /home/oh/project/drive3/fulfilment/install/messages/local/lib/python3.10/dist-packages/messages/libmessages__rosidl_generator_py.so
[4.450s] -- Symlinking: /home/oh/project/drive3/fulfilment/install/messages/local/lib/python3.10/dist-packages/messages/messages_s__rosidl_typesupport_c.cpython-310-x86_64-linux-gnu.so
[4.457s] -- Symlinking: /home/oh/project/drive3/fulfilment/install/messages/local/lib/python3.10/dist-packages/messages/messages_s__rosidl_typesupport_fastrtps_c.cpython-310-x86_64-linux-gnu.so
[4.465s] -- Symlinking: /home/oh/project/drive3/fulfilment/install/messages/local/lib/python3.10/dist-packages/messages/messages_s__rosidl_typesupport_introspection_c.cpython-310-x86_64-linux-gnu.so
[4.472s] -- Symlinking: /home/oh/project/drive3/fulfilment/install/messages/local/lib/python3.10/dist-packages/messages/msg/__init__.py
[4.479s] -- Symlinking: /home/oh/project/drive3/fulfilment/install/messages/local/lib/python3.10/dist-packages/messages/msg/_control.py
[4.486s] -- Symlinking: /home/oh/project/drive3/fulfilment/install/messages/local/lib/python3.10/dist-packages/messages/msg/_control_s.c
[4.493s] -- Symlinking: /home/oh/project/drive3/fulfilment/install/messages/local/lib/python3.10/dist-packages/messages/msg/_status.py
[4.500s] -- Symlinking: /home/oh/project/drive3/fulfilment/install/messages/local/lib/python3.10/dist-packages/messages/msg/_status_s.c
[4.507s] -- Up-to-date symlink: /home/oh/project/drive3/fulfilment/install/messages/local/lib/python3.10/dist-packages/messages/messages_s__rosidl_typesupport_fastrtps_c.cpython-310-x86_64-linux-gnu.so
[4.508s] -- Up-to-date symlink: /home/oh/project/drive3/fulfilment/install/messages/local/lib/python3.10/dist-packages/messages/messages_s__rosidl_typesupport_introspection_c.cpython-310-x86_64-linux-gnu.so
[4.508s] -- Up-to-date symlink: /home/oh/project/drive3/fulfilment/install/messages/local/lib/python3.10/dist-packages/messages/messages_s__rosidl_typesupport_c.cpython-310-x86_64-linux-gnu.so
[4.508s] -- Symlinking: /home/oh/project/drive3/fulfilment/install/messages/share/messages/msg/Control.idl
[4.515s] -- Symlinking: /home/oh/project/drive3/fulfilment/install/messages/share/messages/msg/Status.idl
[4.523s] -- Symlinking: /home/oh/project/drive3/fulfilment/install/messages/share/messages/msg/Control.msg
[4.530s] -- Symlinking: /home/oh/project/drive3/fulfilment/install/messages/share/messages/msg/Status.msg
[4.538s] -- Symlinking: /home/oh/project/drive3/fulfilment/install/messages/share/ament_index/resource_index/package_run_dependencies/messages
[4.546s] -- Symlinking: /home/oh/project/drive3/fulfilment/install/messages/share/ament_index/resource_index/parent_prefix_path/messages
[4.553s] -- Symlinking: /home/oh/project/drive3/fulfilment/install/messages/share/messages/environment/ament_prefix_path.sh
[4.561s] -- Symlinking: /home/oh/project/drive3/fulfilment/install/messages/share/messages/environment/ament_prefix_path.dsv
[4.568s] -- Symlinking: /home/oh/project/drive3/fulfilment/install/messages/share/messages/environment/path.sh
[4.575s] -- Symlinking: /home/oh/project/drive3/fulfilment/install/messages/share/messages/environment/path.dsv
[4.582s] -- Symlinking: /home/oh/project/drive3/fulfilment/install/messages/share/messages/local_setup.bash
[4.589s] -- Symlinking: /home/oh/project/drive3/fulfilment/install/messages/share/messages/local_setup.sh
[4.596s] -- Symlinking: /home/oh/project/drive3/fulfilment/install/messages/share/messages/local_setup.zsh
[4.603s] -- Symlinking: /home/oh/project/drive3/fulfilment/install/messages/share/messages/local_setup.dsv
[4.610s] -- Symlinking: /home/oh/project/drive3/fulfilment/install/messages/share/messages/package.dsv
[4.617s] -- Symlinking: /home/oh/project/drive3/fulfilment/install/messages/share/ament_index/resource_index/packages/messages
[4.625s] -- Symlinking: /home/oh/project/drive3/fulfilment/install/messages/share/messages/cmake/ament_cmake_export_dependencies-extras.cmake
[4.632s] -- Symlinking: /home/oh/project/drive3/fulfilment/install/messages/share/messages/cmake/rosidl_cmake-extras.cmake
[4.639s] -- Symlinking: /home/oh/project/drive3/fulfilment/install/messages/share/messages/cmake/ament_cmake_export_include_directories-extras.cmake
[4.647s] -- Symlinking: /home/oh/project/drive3/fulfilment/install/messages/share/messages/cmake/ament_cmake_export_libraries-extras.cmake
[4.655s] -- Symlinking: /home/oh/project/drive3/fulfilment/install/messages/share/messages/cmake/ament_cmake_export_targets-extras.cmake
[4.662s] -- Symlinking: /home/oh/project/drive3/fulfilment/install/messages/share/messages/cmake/rosidl_cmake_export_typesupport_targets-extras.cmake
[4.669s] -- Symlinking: /home/oh/project/drive3/fulfilment/install/messages/share/messages/cmake/rosidl_cmake_export_typesupport_libraries-extras.cmake
[4.676s] -- Symlinking: /home/oh/project/drive3/fulfilment/install/messages/share/messages/cmake/messagesConfig.cmake
[4.683s] -- Symlinking: /home/oh/project/drive3/fulfilment/install/messages/share/messages/cmake/messagesConfig-version.cmake
[4.690s] -- Symlinking: /home/oh/project/drive3/fulfilment/install/messages/share/messages/package.xml
[4.697s] -- Installing: /home/oh/project/drive3/fulfilment/install/messages/lib/libmessages__rosidl_generator_c.so
[4.697s] -- Set runtime path of "/home/oh/project/drive3/fulfilment/install/messages/lib/libmessages__rosidl_generator_c.so" to ""
[4.698s] -- Installing: /home/oh/project/drive3/fulfilment/install/messages/lib/libmessages__rosidl_typesupport_fastrtps_c.so
[4.698s] -- Set runtime path of "/home/oh/project/drive3/fulfilment/install/messages/lib/libmessages__rosidl_typesupport_fastrtps_c.so" to ""
[4.698s] -- Installing: /home/oh/project/drive3/fulfilment/install/messages/lib/libmessages__rosidl_typesupport_fastrtps_cpp.so
[4.698s] -- Set runtime path of "/home/oh/project/drive3/fulfilment/install/messages/lib/libmessages__rosidl_typesupport_fastrtps_cpp.so" to ""
[4.698s] -- Installing: /home/oh/project/drive3/fulfilment/install/messages/lib/libmessages__rosidl_typesupport_introspection_c.so
[4.698s] -- Set runtime path of "/home/oh/project/drive3/fulfilment/install/messages/lib/libmessages__rosidl_typesupport_introspection_c.so" to ""
[4.698s] -- Installing: /home/oh/project/drive3/fulfilment/install/messages/lib/libmessages__rosidl_typesupport_c.so
[4.699s] -- Set runtime path of "/home/oh/project/drive3/fulfilment/install/messages/lib/libmessages__rosidl_typesupport_c.so" to ""
[4.699s] -- Installing: /home/oh/project/drive3/fulfilment/install/messages/lib/libmessages__rosidl_typesupport_introspection_cpp.so
[4.699s] -- Set runtime path of "/home/oh/project/drive3/fulfilment/install/messages/lib/libmessages__rosidl_typesupport_introspection_cpp.so" to ""
[4.699s] -- Installing: /home/oh/project/drive3/fulfilment/install/messages/lib/libmessages__rosidl_typesupport_cpp.so
[4.699s] -- Set runtime path of "/home/oh/project/drive3/fulfilment/install/messages/lib/libmessages__rosidl_typesupport_cpp.so" to ""
[4.732s] Listing '/home/oh/project/drive3/fulfilment/install/messages/local/lib/python3.10/dist-packages/messages'...
[4.732s] Compiling '/home/oh/project/drive3/fulfilment/install/messages/local/lib/python3.10/dist-packages/messages/__init__.py'...
[4.732s] Listing '/home/oh/project/drive3/fulfilment/install/messages/local/lib/python3.10/dist-packages/messages/msg'...
[4.732s] Compiling '/home/oh/project/drive3/fulfilment/install/messages/local/lib/python3.10/dist-packages/messages/msg/__init__.py'...
[4.732s] Compiling '/home/oh/project/drive3/fulfilment/install/messages/local/lib/python3.10/dist-packages/messages/msg/_control.py'...
[4.732s] Compiling '/home/oh/project/drive3/fulfilment/install/messages/local/lib/python3.10/dist-packages/messages/msg/_status.py'...
[4.737s] -- Installing: /home/oh/project/drive3/fulfilment/install/messages/lib/libmessages__rosidl_generator_py.so
[4.737s] -- Set runtime path of "/home/oh/project/drive3/fulfilment/install/messages/lib/libmessages__rosidl_generator_py.so" to ""
[4.737s] -- Installing: /home/oh/project/drive3/fulfilment/install/messages/share/messages/cmake/export_messages__rosidl_generator_cExport.cmake
[4.737s] -- Installing: /home/oh/project/drive3/fulfilment/install/messages/share/messages/cmake/export_messages__rosidl_generator_cExport-noconfig.cmake
[4.737s] -- Installing: /home/oh/project/drive3/fulfilment/install/messages/share/messages/cmake/export_messages__rosidl_typesupport_fastrtps_cExport.cmake
[4.737s] -- Installing: /home/oh/project/drive3/fulfilment/install/messages/share/messages/cmake/export_messages__rosidl_typesupport_fastrtps_cExport-noconfig.cmake
[4.738s] -- Installing: /home/oh/project/drive3/fulfilment/install/messages/share/messages/cmake/export_messages__rosidl_generator_cppExport.cmake
[4.738s] -- Installing: /home/oh/project/drive3/fulfilment/install/messages/share/messages/cmake/export_messages__rosidl_typesupport_fastrtps_cppExport.cmake
[4.738s] -- Installing: /home/oh/project/drive3/fulfilment/install/messages/share/messages/cmake/export_messages__rosidl_typesupport_fastrtps_cppExport-noconfig.cmake
[4.738s] -- Installing: /home/oh/project/drive3/fulfilment/install/messages/share/messages/cmake/messages__rosidl_typesupport_introspection_cExport.cmake
[4.738s] -- Installing: /home/oh/project/drive3/fulfilment/install/messages/share/messages/cmake/messages__rosidl_typesupport_introspection_cExport-noconfig.cmake
[4.738s] -- Installing: /home/oh/project/drive3/fulfilment/install/messages/share/messages/cmake/messages__rosidl_typesupport_cExport.cmake
[4.738s] -- Installing: /home/oh/project/drive3/fulfilment/install/messages/share/messages/cmake/messages__rosidl_typesupport_cExport-noconfig.cmake
[4.738s] -- Installing: /home/oh/project/drive3/fulfilment/install/messages/share/messages/cmake/messages__rosidl_typesupport_introspection_cppExport.cmake
[4.738s] -- Installing: /home/oh/project/drive3/fulfilment/install/messages/share/messages/cmake/messages__rosidl_typesupport_introspection_cppExport-noconfig.cmake
[4.738s] -- Installing: /home/oh/project/drive3/fulfilment/install/messages/share/messages/cmake/messages__rosidl_typesupport_cppExport.cmake
[4.738s] -- Installing: /home/oh/project/drive3/fulfilment/install/messages/share/messages/cmake/messages__rosidl_typesupport_cppExport-noconfig.cmake
[4.739s] -- Installing: /home/oh/project/drive3/fulfilment/install/messages/share/messages/cmake/export_messages__rosidl_generator_pyExport.cmake
[4.739s] -- Installing: /home/oh/project/drive3/fulfilment/install/messages/share/messages/cmake/export_messages__rosidl_generator_pyExport-noconfig.cmake
[4.741s] Invoked command in '/home/oh/project/drive3/fulfilment/build/messages' returned '0': CMAKE_PREFIX_PATH=${CMAKE_PREFIX_PATH}:/home/oh/project/drive3/fulfilment/install/fulfilment:/opt/ros/humble /usr/bin/cmake --install /home/oh/project/drive3/fulfilment/build/messages
