[0.314s] DEBUG:colcon:Command line arguments: ['/usr/bin/colcon', 'build', '--symlink-install']
[0.314s] DEBUG:colcon:Parsed command line arguments: Namespace(log_base=None, log_level=None, verb_name='build', build_base='build', install_base='install', merge_install=False, symlink_install=True, test_result_base=None, continue_on_error=False, executor='parallel', parallel_workers=8, event_handlers=None, ignore_user_meta=False, metas=['./colcon.meta'], base_paths=['.'], packages_ignore=None, packages_ignore_regex=None, paths=None, packages_up_to=None, packages_up_to_regex=None, packages_above=None, packages_above_and_dependencies=None, packages_above_depth=None, packages_select_by_dep=None, packages_skip_by_dep=None, packages_skip_up_to=None, packages_select_build_failed=False, packages_skip_build_finished=False, packages_select_test_failures=False, packages_skip_test_passed=False, packages_select=None, packages_skip=None, packages_select_regex=None, packages_skip_regex=None, packages_start=None, packages_end=None, allow_overriding=[], cmake_args=None, cmake_target=None, cmake_target_skip_unavailable=False, cmake_clean_cache=False, cmake_clean_first=False, cmake_force_configure=False, ament_cmake_args=None, catkin_cmake_args=None, catkin_skip_building_tests=False, mixin_files=None, mixin=None, verb_parser=<colcon_mixin.mixin.mixin_argument.MixinArgumentDecorator object at 0x753a9e5eb400>, verb_extension=<colcon_core.verb.build.BuildVerb object at 0x753a9e5a6470>, main=<bound method BuildVerb.main of <colcon_core.verb.build.BuildVerb object at 0x753a9e5a6470>>, mixin_verb=('build',))
[0.859s] Level 1:colcon.colcon_core.package_discovery:discover_packages(colcon_meta) check parameters
[0.861s] Level 1:colcon.colcon_core.package_discovery:discover_packages(recursive) check parameters
[0.861s] Level 1:colcon.colcon_core.package_discovery:discover_packages(ignore) check parameters
[0.861s] Level 1:colcon.colcon_core.package_discovery:discover_packages(path) check parameters
[0.861s] Level 1:colcon.colcon_core.package_discovery:discover_packages(colcon_meta) discover
[0.861s] Level 1:colcon.colcon_core.package_discovery:discover_packages(recursive) discover
[0.861s] INFO:colcon.colcon_core.package_discovery:Crawling recursively for packages in '/home/oh/project/drive3/fulfilment'
[0.861s] Level 1:colcon.colcon_core.package_identification:_identify(.) by extensions ['ignore', 'ignore_ament_install']
[0.862s] Level 1:colcon.colcon_core.package_identification:_identify(.) by extension 'ignore'
[0.862s] Level 1:colcon.colcon_core.package_identification:_identify(.) by extension 'ignore_ament_install'
[0.862s] Level 1:colcon.colcon_core.package_identification:_identify(.) by extensions ['colcon_pkg']
[0.862s] Level 1:colcon.colcon_core.package_identification:_identify(.) by extension 'colcon_pkg'
[0.862s] Level 1:colcon.colcon_core.package_identification:_identify(.) by extensions ['colcon_meta']
[0.862s] Level 1:colcon.colcon_core.package_identification:_identify(.) by extension 'colcon_meta'
[0.862s] Level 1:colcon.colcon_core.package_identification:_identify(.) by extensions ['ros']
[0.862s] Level 1:colcon.colcon_core.package_identification:_identify(.) by extension 'ros'
[0.887s] Level 1:colcon.colcon_core.package_identification:_identify(.) by extensions ['cmake', 'python']
[0.887s] Level 1:colcon.colcon_core.package_identification:_identify(.) by extension 'cmake'
[0.887s] Level 1:colcon.colcon_core.package_identification:_identify(.) by extension 'python'
[0.887s] Level 1:colcon.colcon_core.package_identification:_identify(.) by extensions ['python_setup_py']
[0.887s] Level 1:colcon.colcon_core.package_identification:_identify(.) by extension 'python_setup_py'
[0.887s] Level 1:colcon.colcon_core.package_identification:_identify(build) by extensions ['ignore', 'ignore_ament_install']
[0.887s] Level 1:colcon.colcon_core.package_identification:_identify(build) by extension 'ignore'
[0.887s] Level 1:colcon.colcon_core.package_identification:_identify(build) ignored
[0.888s] Level 1:colcon.colcon_core.package_identification:_identify(install) by extensions ['ignore', 'ignore_ament_install']
[0.888s] Level 1:colcon.colcon_core.package_identification:_identify(install) by extension 'ignore'
[0.888s] Level 1:colcon.colcon_core.package_identification:_identify(install) ignored
[0.888s] Level 1:colcon.colcon_core.package_identification:_identify(log) by extensions ['ignore', 'ignore_ament_install']
[0.888s] Level 1:colcon.colcon_core.package_identification:_identify(log) by extension 'ignore'
[0.888s] Level 1:colcon.colcon_core.package_identification:_identify(log) ignored
[0.889s] Level 1:colcon.colcon_core.package_identification:_identify(src) by extensions ['ignore', 'ignore_ament_install']
[0.889s] Level 1:colcon.colcon_core.package_identification:_identify(src) by extension 'ignore'
[0.889s] Level 1:colcon.colcon_core.package_identification:_identify(src) by extension 'ignore_ament_install'
[0.889s] Level 1:colcon.colcon_core.package_identification:_identify(src) by extensions ['colcon_pkg']
[0.889s] Level 1:colcon.colcon_core.package_identification:_identify(src) by extension 'colcon_pkg'
[0.889s] Level 1:colcon.colcon_core.package_identification:_identify(src) by extensions ['colcon_meta']
[0.889s] Level 1:colcon.colcon_core.package_identification:_identify(src) by extension 'colcon_meta'
[0.889s] Level 1:colcon.colcon_core.package_identification:_identify(src) by extensions ['ros']
[0.889s] Level 1:colcon.colcon_core.package_identification:_identify(src) by extension 'ros'
[0.890s] Level 1:colcon.colcon_core.package_identification:_identify(src) by extensions ['cmake', 'python']
[0.890s] Level 1:colcon.colcon_core.package_identification:_identify(src) by extension 'cmake'
[0.890s] Level 1:colcon.colcon_core.package_identification:_identify(src) by extension 'python'
[0.890s] Level 1:colcon.colcon_core.package_identification:_identify(src) by extensions ['python_setup_py']
[0.890s] Level 1:colcon.colcon_core.package_identification:_identify(src) by extension 'python_setup_py'
[0.890s] Level 1:colcon.colcon_core.package_identification:_identify(src/fulfilment) by extensions ['ignore', 'ignore_ament_install']
[0.890s] Level 1:colcon.colcon_core.package_identification:_identify(src/fulfilment) by extension 'ignore'
[0.891s] Level 1:colcon.colcon_core.package_identification:_identify(src/fulfilment) by extension 'ignore_ament_install'
[0.891s] Level 1:colcon.colcon_core.package_identification:_identify(src/fulfilment) by extensions ['colcon_pkg']
[0.891s] Level 1:colcon.colcon_core.package_identification:_identify(src/fulfilment) by extension 'colcon_pkg'
[0.891s] Level 1:colcon.colcon_core.package_identification:_identify(src/fulfilment) by extensions ['colcon_meta']
[0.891s] Level 1:colcon.colcon_core.package_identification:_identify(src/fulfilment) by extension 'colcon_meta'
[0.891s] Level 1:colcon.colcon_core.package_identification:_identify(src/fulfilment) by extensions ['ros']
[0.891s] Level 1:colcon.colcon_core.package_identification:_identify(src/fulfilment) by extension 'ros'
[0.896s] DEBUG:colcon.colcon_core.package_identification:Package 'src/fulfilment' with type 'ros.ament_python' and name 'fulfilment'
[0.896s] Level 1:colcon.colcon_core.package_identification:_identify(src/messages) by extensions ['ignore', 'ignore_ament_install']
[0.897s] Level 1:colcon.colcon_core.package_identification:_identify(src/messages) by extension 'ignore'
[0.897s] Level 1:colcon.colcon_core.package_identification:_identify(src/messages) by extension 'ignore_ament_install'
[0.897s] Level 1:colcon.colcon_core.package_identification:_identify(src/messages) by extensions ['colcon_pkg']
[0.897s] Level 1:colcon.colcon_core.package_identification:_identify(src/messages) by extension 'colcon_pkg'
[0.897s] Level 1:colcon.colcon_core.package_identification:_identify(src/messages) by extensions ['colcon_meta']
[0.897s] Level 1:colcon.colcon_core.package_identification:_identify(src/messages) by extension 'colcon_meta'
[0.897s] Level 1:colcon.colcon_core.package_identification:_identify(src/messages) by extensions ['ros']
[0.897s] Level 1:colcon.colcon_core.package_identification:_identify(src/messages) by extension 'ros'
[0.899s] DEBUG:colcon.colcon_core.package_identification:Package 'src/messages' with type 'ros.ament_cmake' and name 'messages'
[0.899s] Level 1:colcon.colcon_core.package_discovery:discover_packages(recursive) using defaults
[0.899s] Level 1:colcon.colcon_core.package_discovery:discover_packages(ignore) discover
[0.899s] Level 1:colcon.colcon_core.package_discovery:discover_packages(ignore) using defaults
[0.899s] Level 1:colcon.colcon_core.package_discovery:discover_packages(path) discover
[0.899s] Level 1:colcon.colcon_core.package_discovery:discover_packages(path) using defaults
[0.947s] Level 1:colcon.colcon_core.package_discovery:discover_packages(prefix_path) check parameters
[0.947s] Level 1:colcon.colcon_core.package_discovery:discover_packages(prefix_path) discover
[0.952s] DEBUG:colcon.colcon_installed_package_information.package_discovery:Found 2 installed packages in /home/oh/project/drive3/fulfilment/install
[0.955s] DEBUG:colcon.colcon_installed_package_information.package_discovery:Found 445 installed packages in /opt/ros/humble
[0.960s] Level 1:colcon.colcon_core.package_discovery:discover_packages(prefix_path) using defaults
[1.081s] Level 5:colcon.colcon_core.verb:set package 'messages' build argument 'cmake_args' from command line to 'None'
[1.081s] Level 5:colcon.colcon_core.verb:set package 'messages' build argument 'cmake_target' from command line to 'None'
[1.081s] Level 5:colcon.colcon_core.verb:set package 'messages' build argument 'cmake_target_skip_unavailable' from command line to 'False'
[1.082s] Level 5:colcon.colcon_core.verb:set package 'messages' build argument 'cmake_clean_cache' from command line to 'False'
[1.082s] Level 5:colcon.colcon_core.verb:set package 'messages' build argument 'cmake_clean_first' from command line to 'False'
[1.082s] Level 5:colcon.colcon_core.verb:set package 'messages' build argument 'cmake_force_configure' from command line to 'False'
[1.082s] Level 5:colcon.colcon_core.verb:set package 'messages' build argument 'ament_cmake_args' from command line to 'None'
[1.082s] Level 5:colcon.colcon_core.verb:set package 'messages' build argument 'catkin_cmake_args' from command line to 'None'
[1.082s] Level 5:colcon.colcon_core.verb:set package 'messages' build argument 'catkin_skip_building_tests' from command line to 'False'
[1.082s] DEBUG:colcon.colcon_core.verb:Building package 'messages' with the following arguments: {'ament_cmake_args': None, 'build_base': '/home/oh/project/drive3/fulfilment/build/messages', 'catkin_cmake_args': None, 'catkin_skip_building_tests': False, 'cmake_args': None, 'cmake_clean_cache': False, 'cmake_clean_first': False, 'cmake_force_configure': False, 'cmake_target': None, 'cmake_target_skip_unavailable': False, 'install_base': '/home/oh/project/drive3/fulfilment/install/messages', 'merge_install': False, 'path': '/home/oh/project/drive3/fulfilment/src/messages', 'symlink_install': True, 'test_result_base': None}
[1.083s] Level 5:colcon.colcon_core.verb:set package 'fulfilment' build argument 'cmake_args' from command line to 'None'
[1.083s] Level 5:colcon.colcon_core.verb:set package 'fulfilment' build argument 'cmake_target' from command line to 'None'
[1.083s] Level 5:colcon.colcon_core.verb:set package 'fulfilment' build argument 'cmake_target_skip_unavailable' from command line to 'False'
[1.083s] Level 5:colcon.colcon_core.verb:set package 'fulfilment' build argument 'cmake_clean_cache' from command line to 'False'
[1.083s] Level 5:colcon.colcon_core.verb:set package 'fulfilment' build argument 'cmake_clean_first' from command line to 'False'
[1.083s] Level 5:colcon.colcon_core.verb:set package 'fulfilment' build argument 'cmake_force_configure' from command line to 'False'
[1.083s] Level 5:colcon.colcon_core.verb:set package 'fulfilment' build argument 'ament_cmake_args' from command line to 'None'
[1.083s] Level 5:colcon.colcon_core.verb:set package 'fulfilment' build argument 'catkin_cmake_args' from command line to 'None'
[1.083s] Level 5:colcon.colcon_core.verb:set package 'fulfilment' build argument 'catkin_skip_building_tests' from command line to 'False'
[1.083s] DEBUG:colcon.colcon_core.verb:Building package 'fulfilment' with the following arguments: {'ament_cmake_args': None, 'build_base': '/home/oh/project/drive3/fulfilment/build/fulfilment', 'catkin_cmake_args': None, 'catkin_skip_building_tests': False, 'cmake_args': None, 'cmake_clean_cache': False, 'cmake_clean_first': False, 'cmake_force_configure': False, 'cmake_target': None, 'cmake_target_skip_unavailable': False, 'install_base': '/home/oh/project/drive3/fulfilment/install/fulfilment', 'merge_install': False, 'path': '/home/oh/project/drive3/fulfilment/src/fulfilment', 'symlink_install': True, 'test_result_base': None}
[1.084s] INFO:colcon.colcon_core.executor:Executing jobs using 'parallel' executor
[1.085s] DEBUG:colcon.colcon_parallel_executor.executor.parallel:run_until_complete
[1.086s] INFO:colcon.colcon_ros.task.ament_cmake.build:Building ROS package in '/home/oh/project/drive3/fulfilment/src/messages' with build type 'ament_cmake'
[1.086s] INFO:colcon.colcon_cmake.task.cmake.build:Building CMake package in '/home/oh/project/drive3/fulfilment/src/messages'
[1.091s] INFO:colcon.colcon_core.plugin_system:Skipping extension 'colcon_core.shell.bat': Not used on non-Windows systems
[1.091s] INFO:colcon.colcon_core.shell:Skip shell extension 'powershell' for command environment: Not usable outside of PowerShell
[1.092s] DEBUG:colcon.colcon_core.shell:Skip shell extension 'dsv' for command environment
[1.113s] DEBUG:colcon.colcon_core.event_handler.log_command:Invoking command in '/home/oh/project/drive3/fulfilment/build/messages': CMAKE_PREFIX_PATH=${CMAKE_PREFIX_PATH}:/home/oh/project/drive3/fulfilment/install/fulfilment:/opt/ros/humble /usr/bin/cmake --build /home/oh/project/drive3/fulfilment/build/messages -- -j8 -l8
[2.084s] DEBUG:colcon.colcon_core.event_handler.log_command:Invoked command in '/home/oh/project/drive3/fulfilment/build/messages' returned '0': CMAKE_PREFIX_PATH=${CMAKE_PREFIX_PATH}:/home/oh/project/drive3/fulfilment/install/fulfilment:/opt/ros/humble /usr/bin/cmake --build /home/oh/project/drive3/fulfilment/build/messages -- -j8 -l8
[2.104s] DEBUG:colcon.colcon_core.event_handler.log_command:Invoking command in '/home/oh/project/drive3/fulfilment/build/messages': CMAKE_PREFIX_PATH=${CMAKE_PREFIX_PATH}:/home/oh/project/drive3/fulfilment/install/fulfilment:/opt/ros/humble /usr/bin/cmake --install /home/oh/project/drive3/fulfilment/build/messages
[2.246s] Level 1:colcon.colcon_core.environment:create_environment_scripts_only(messages)
[2.247s] DEBUG:colcon.colcon_core.event_handler.log_command:Invoked command in '/home/oh/project/drive3/fulfilment/build/messages' returned '0': CMAKE_PREFIX_PATH=${CMAKE_PREFIX_PATH}:/home/oh/project/drive3/fulfilment/install/fulfilment:/opt/ros/humble /usr/bin/cmake --install /home/oh/project/drive3/fulfilment/build/messages
[2.251s] Level 1:colcon.colcon_core.environment:checking '/home/oh/project/drive3/fulfilment/install/messages' for CMake module files
[2.252s] Level 1:colcon.colcon_core.environment:checking '/home/oh/project/drive3/fulfilment/install/messages' for CMake config files
[2.253s] Level 1:colcon.colcon_core.shell:create_environment_hook('messages', 'cmake_prefix_path')
[2.254s] INFO:colcon.colcon_core.shell:Creating environment hook '/home/oh/project/drive3/fulfilment/install/messages/share/messages/hook/cmake_prefix_path.ps1'
[2.257s] INFO:colcon.colcon_core.shell:Creating environment descriptor '/home/oh/project/drive3/fulfilment/install/messages/share/messages/hook/cmake_prefix_path.dsv'
[2.259s] INFO:colcon.colcon_core.shell:Creating environment hook '/home/oh/project/drive3/fulfilment/install/messages/share/messages/hook/cmake_prefix_path.sh'
[2.263s] Level 1:colcon.colcon_core.environment:checking '/home/oh/project/drive3/fulfilment/install/messages/lib'
[2.263s] Level 1:colcon.colcon_core.shell:create_environment_hook('messages', 'ld_library_path_lib')
[2.264s] INFO:colcon.colcon_core.shell:Creating environment hook '/home/oh/project/drive3/fulfilment/install/messages/share/messages/hook/ld_library_path_lib.ps1'
[2.265s] INFO:colcon.colcon_core.shell:Creating environment descriptor '/home/oh/project/drive3/fulfilment/install/messages/share/messages/hook/ld_library_path_lib.dsv'
[2.265s] INFO:colcon.colcon_core.shell:Creating environment hook '/home/oh/project/drive3/fulfilment/install/messages/share/messages/hook/ld_library_path_lib.sh'
[2.266s] Level 1:colcon.colcon_core.environment:checking '/home/oh/project/drive3/fulfilment/install/messages/bin'
[2.266s] Level 1:colcon.colcon_core.environment:checking '/home/oh/project/drive3/fulfilment/install/messages/lib/pkgconfig/messages.pc'
[2.266s] Level 1:colcon.colcon_core.environment:checking '/home/oh/project/drive3/fulfilment/install/messages/lib/python3.10/site-packages'
[2.266s] Level 1:colcon.colcon_core.environment:checking '/home/oh/project/drive3/fulfilment/install/messages/bin'
[2.267s] INFO:colcon.colcon_core.shell:Creating package script '/home/oh/project/drive3/fulfilment/install/messages/share/messages/package.ps1'
[2.268s] INFO:colcon.colcon_core.shell:Creating package descriptor '/home/oh/project/drive3/fulfilment/install/messages/share/messages/package.dsv'
[2.269s] INFO:colcon.colcon_core.shell:Creating package script '/home/oh/project/drive3/fulfilment/install/messages/share/messages/package.sh'
[2.271s] INFO:colcon.colcon_core.shell:Creating package script '/home/oh/project/drive3/fulfilment/install/messages/share/messages/package.bash'
[2.273s] INFO:colcon.colcon_core.shell:Creating package script '/home/oh/project/drive3/fulfilment/install/messages/share/messages/package.zsh'
[2.275s] Level 1:colcon.colcon_core.environment:create_file_with_runtime_dependencies(/home/oh/project/drive3/fulfilment/install/messages/share/colcon-core/packages/messages)
[2.278s] Level 1:colcon.colcon_core.environment:create_environment_scripts_only(messages)
[2.278s] Level 1:colcon.colcon_core.environment:checking '/home/oh/project/drive3/fulfilment/install/messages' for CMake module files
[2.279s] Level 1:colcon.colcon_core.environment:checking '/home/oh/project/drive3/fulfilment/install/messages' for CMake config files
[2.279s] Level 1:colcon.colcon_core.shell:create_environment_hook('messages', 'cmake_prefix_path')
[2.280s] INFO:colcon.colcon_core.shell:Creating environment hook '/home/oh/project/drive3/fulfilment/install/messages/share/messages/hook/cmake_prefix_path.ps1'
[2.280s] INFO:colcon.colcon_core.shell:Creating environment descriptor '/home/oh/project/drive3/fulfilment/install/messages/share/messages/hook/cmake_prefix_path.dsv'
[2.281s] INFO:colcon.colcon_core.shell:Creating environment hook '/home/oh/project/drive3/fulfilment/install/messages/share/messages/hook/cmake_prefix_path.sh'
[2.281s] Level 1:colcon.colcon_core.environment:checking '/home/oh/project/drive3/fulfilment/install/messages/lib'
[2.281s] Level 1:colcon.colcon_core.shell:create_environment_hook('messages', 'ld_library_path_lib')
[2.281s] INFO:colcon.colcon_core.shell:Creating environment hook '/home/oh/project/drive3/fulfilment/install/messages/share/messages/hook/ld_library_path_lib.ps1'
[2.282s] INFO:colcon.colcon_core.shell:Creating environment descriptor '/home/oh/project/drive3/fulfilment/install/messages/share/messages/hook/ld_library_path_lib.dsv'
[2.282s] INFO:colcon.colcon_core.shell:Creating environment hook '/home/oh/project/drive3/fulfilment/install/messages/share/messages/hook/ld_library_path_lib.sh'
[2.283s] Level 1:colcon.colcon_core.environment:checking '/home/oh/project/drive3/fulfilment/install/messages/bin'
[2.283s] Level 1:colcon.colcon_core.environment:checking '/home/oh/project/drive3/fulfilment/install/messages/lib/pkgconfig/messages.pc'
[2.283s] Level 1:colcon.colcon_core.environment:checking '/home/oh/project/drive3/fulfilment/install/messages/lib/python3.10/site-packages'
[2.283s] Level 1:colcon.colcon_core.environment:checking '/home/oh/project/drive3/fulfilment/install/messages/bin'
[2.284s] INFO:colcon.colcon_core.shell:Creating package script '/home/oh/project/drive3/fulfilment/install/messages/share/messages/package.ps1'
[2.285s] INFO:colcon.colcon_core.shell:Creating package descriptor '/home/oh/project/drive3/fulfilment/install/messages/share/messages/package.dsv'
[2.285s] INFO:colcon.colcon_core.shell:Creating package script '/home/oh/project/drive3/fulfilment/install/messages/share/messages/package.sh'
[2.286s] INFO:colcon.colcon_core.shell:Creating package script '/home/oh/project/drive3/fulfilment/install/messages/share/messages/package.bash'
[2.286s] INFO:colcon.colcon_core.shell:Creating package script '/home/oh/project/drive3/fulfilment/install/messages/share/messages/package.zsh'
[2.286s] Level 1:colcon.colcon_core.environment:create_file_with_runtime_dependencies(/home/oh/project/drive3/fulfilment/install/messages/share/colcon-core/packages/messages)
[2.287s] INFO:colcon.colcon_ros.task.ament_python.build:Building ROS package in '/home/oh/project/drive3/fulfilment/src/fulfilment' with build type 'ament_python'
[2.287s] Level 1:colcon.colcon_core.shell:create_environment_hook('fulfilment', 'ament_prefix_path')
[2.287s] INFO:colcon.colcon_core.shell:Creating environment hook '/home/oh/project/drive3/fulfilment/install/fulfilment/share/fulfilment/hook/ament_prefix_path.ps1'
[2.289s] INFO:colcon.colcon_core.shell:Creating environment descriptor '/home/oh/project/drive3/fulfilment/install/fulfilment/share/fulfilment/hook/ament_prefix_path.dsv'
[2.291s] INFO:colcon.colcon_core.shell:Creating environment hook '/home/oh/project/drive3/fulfilment/install/fulfilment/share/fulfilment/hook/ament_prefix_path.sh'
[2.293s] INFO:colcon.colcon_core.shell:Skip shell extension 'powershell' for command environment: Not usable outside of PowerShell
[2.294s] DEBUG:colcon.colcon_core.shell:Skip shell extension 'dsv' for command environment
[2.885s] INFO:colcon.colcon_core.task.python.build:Building Python package in '/home/oh/project/drive3/fulfilment/src/fulfilment'
[2.885s] INFO:colcon.colcon_core.shell:Skip shell extension 'powershell' for command environment: Not usable outside of PowerShell
[2.885s] DEBUG:colcon.colcon_core.shell:Skip shell extension 'dsv' for command environment
[3.494s] DEBUG:colcon.colcon_core.event_handler.log_command:Invoking command in '/home/oh/project/drive3/fulfilment/build/fulfilment': PYTHONPATH=/home/oh/project/drive3/fulfilment/build/fulfilment/prefix_override:/usr/lib/python3/dist-packages/colcon_core/task/python/colcon_distutils_commands:/home/oh/project/drive3/fulfilment/install/fulfilment/lib/python3.10/site-packages:${PYTHONPATH} /usr/bin/python3 -W ignore:setup.py install is deprecated -W ignore:easy_install command is deprecated setup.py develop --editable --build-directory /home/oh/project/drive3/fulfilment/build/fulfilment/build --no-deps symlink_data
[4.395s] Level 1:colcon.colcon_core.shell:create_environment_hook('fulfilment', 'pythonpath_develop')
[4.395s] INFO:colcon.colcon_core.shell:Creating environment hook '/home/oh/project/drive3/fulfilment/build/fulfilment/share/fulfilment/hook/pythonpath_develop.ps1'
[4.396s] DEBUG:colcon.colcon_core.event_handler.log_command:Invoked command in '/home/oh/project/drive3/fulfilment/build/fulfilment' returned '0': PYTHONPATH=/home/oh/project/drive3/fulfilment/build/fulfilment/prefix_override:/usr/lib/python3/dist-packages/colcon_core/task/python/colcon_distutils_commands:/home/oh/project/drive3/fulfilment/install/fulfilment/lib/python3.10/site-packages:${PYTHONPATH} /usr/bin/python3 -W ignore:setup.py install is deprecated -W ignore:easy_install command is deprecated setup.py develop --editable --build-directory /home/oh/project/drive3/fulfilment/build/fulfilment/build --no-deps symlink_data
[4.396s] INFO:colcon.colcon_core.shell:Creating environment descriptor '/home/oh/project/drive3/fulfilment/build/fulfilment/share/fulfilment/hook/pythonpath_develop.dsv'
[4.397s] INFO:colcon.colcon_core.shell:Creating environment hook '/home/oh/project/drive3/fulfilment/build/fulfilment/share/fulfilment/hook/pythonpath_develop.sh'
[4.398s] Level 1:colcon.colcon_core.environment:checking '/home/oh/project/drive3/fulfilment/install/fulfilment' for CMake module files
[4.398s] Level 1:colcon.colcon_core.environment:checking '/home/oh/project/drive3/fulfilment/install/fulfilment' for CMake config files
[4.399s] Level 1:colcon.colcon_core.environment:checking '/home/oh/project/drive3/fulfilment/install/fulfilment/lib'
[4.399s] Level 1:colcon.colcon_core.environment:checking '/home/oh/project/drive3/fulfilment/install/fulfilment/bin'
[4.399s] Level 1:colcon.colcon_core.environment:checking '/home/oh/project/drive3/fulfilment/install/fulfilment/lib/pkgconfig/fulfilment.pc'
[4.399s] Level 1:colcon.colcon_core.environment:checking '/home/oh/project/drive3/fulfilment/install/fulfilment/lib/python3.10/site-packages'
[4.400s] Level 1:colcon.colcon_core.shell:create_environment_hook('fulfilment', 'pythonpath')
[4.400s] INFO:colcon.colcon_core.shell:Creating environment hook '/home/oh/project/drive3/fulfilment/install/fulfilment/share/fulfilment/hook/pythonpath.ps1'
[4.401s] INFO:colcon.colcon_core.shell:Creating environment descriptor '/home/oh/project/drive3/fulfilment/install/fulfilment/share/fulfilment/hook/pythonpath.dsv'
[4.401s] INFO:colcon.colcon_core.shell:Creating environment hook '/home/oh/project/drive3/fulfilment/install/fulfilment/share/fulfilment/hook/pythonpath.sh'
[4.402s] Level 1:colcon.colcon_core.environment:checking '/home/oh/project/drive3/fulfilment/install/fulfilment/bin'
[4.402s] Level 1:colcon.colcon_core.environment:create_environment_scripts_only(fulfilment)
[4.403s] INFO:colcon.colcon_core.shell:Creating package script '/home/oh/project/drive3/fulfilment/install/fulfilment/share/fulfilment/package.ps1'
[4.404s] INFO:colcon.colcon_core.shell:Creating package descriptor '/home/oh/project/drive3/fulfilment/install/fulfilment/share/fulfilment/package.dsv'
[4.406s] INFO:colcon.colcon_core.shell:Creating package script '/home/oh/project/drive3/fulfilment/install/fulfilment/share/fulfilment/package.sh'
[4.407s] INFO:colcon.colcon_core.shell:Creating package script '/home/oh/project/drive3/fulfilment/install/fulfilment/share/fulfilment/package.bash'
[4.409s] INFO:colcon.colcon_core.shell:Creating package script '/home/oh/project/drive3/fulfilment/install/fulfilment/share/fulfilment/package.zsh'
[4.409s] Level 1:colcon.colcon_core.environment:create_file_with_runtime_dependencies(/home/oh/project/drive3/fulfilment/install/fulfilment/share/colcon-core/packages/fulfilment)
[4.410s] DEBUG:colcon.colcon_parallel_executor.executor.parallel:closing loop
[4.412s] DEBUG:colcon.colcon_parallel_executor.executor.parallel:loop closed
[4.412s] DEBUG:colcon.colcon_parallel_executor.executor.parallel:run_until_complete finished with '0'
[4.412s] DEBUG:colcon.colcon_core.event_reactor:joining thread
[4.420s] INFO:colcon.colcon_core.plugin_system:Skipping extension 'colcon_notification.desktop_notification.terminal_notifier': Not used on non-Darwin systems
[4.421s] INFO:colcon.colcon_core.plugin_system:Skipping extension 'colcon_notification.desktop_notification.win32': Not used on non-Windows systems
[4.421s] INFO:colcon.colcon_notification.desktop_notification:Sending desktop notification using 'notify2'
[4.436s] DEBUG:colcon.colcon_core.event_reactor:joined thread
[4.437s] INFO:colcon.colcon_core.shell:Creating prefix script '/home/oh/project/drive3/fulfilment/install/local_setup.ps1'
[4.439s] INFO:colcon.colcon_core.shell:Creating prefix util module '/home/oh/project/drive3/fulfilment/install/_local_setup_util_ps1.py'
[4.442s] INFO:colcon.colcon_core.shell:Creating prefix chain script '/home/oh/project/drive3/fulfilment/install/setup.ps1'
[4.444s] INFO:colcon.colcon_core.shell:Creating prefix script '/home/oh/project/drive3/fulfilment/install/local_setup.sh'
[4.445s] INFO:colcon.colcon_core.shell:Creating prefix util module '/home/oh/project/drive3/fulfilment/install/_local_setup_util_sh.py'
[4.447s] INFO:colcon.colcon_core.shell:Creating prefix chain script '/home/oh/project/drive3/fulfilment/install/setup.sh'
[4.450s] INFO:colcon.colcon_core.shell:Creating prefix script '/home/oh/project/drive3/fulfilment/install/local_setup.bash'
[4.451s] INFO:colcon.colcon_core.shell:Creating prefix chain script '/home/oh/project/drive3/fulfilment/install/setup.bash'
[4.452s] INFO:colcon.colcon_core.shell:Creating prefix script '/home/oh/project/drive3/fulfilment/install/local_setup.zsh'
[4.453s] INFO:colcon.colcon_core.shell:Creating prefix chain script '/home/oh/project/drive3/fulfilment/install/setup.zsh'
