[0.764s] Invoking command in '/home/oh/project/drive3/fulfilment/build/fulfilment': PYTHONPATH=/home/oh/project/drive3/fulfilment/build/fulfilment/prefix_override:/usr/lib/python3/dist-packages/colcon_core/task/python/colcon_distutils_commands:/home/oh/project/drive3/fulfilment/install/fulfilment/lib/python3.10/site-packages:${PYTHONPATH} /usr/bin/python3 -W ignore:setup.py install is deprecated -W ignore:easy_install command is deprecated setup.py develop --editable --build-directory /home/oh/project/drive3/fulfilment/build/fulfilment/build --no-deps symlink_data
[1.082s] running develop
[1.338s] running egg_info
[1.338s] writing fulfilment.egg-info/PKG-INFO
[1.339s] writing dependency_links to fulfilment.egg-info/dependency_links.txt
[1.339s] writing entry points to fulfilment.egg-info/entry_points.txt
[1.339s] writing requirements to fulfilment.egg-info/requires.txt
[1.339s] writing top-level names to fulfilment.egg-info/top_level.txt
[1.345s] reading manifest file 'fulfilment.egg-info/SOURCES.txt'
[1.346s] writing manifest file 'fulfilment.egg-info/SOURCES.txt'
[1.347s] running build_ext
[1.348s] Creating /home/oh/project/drive3/fulfilment/install/fulfilment/lib/python3.10/site-packages/fulfilment.egg-link (link to .)
[1.348s] Installing conv script to /home/oh/project/drive3/fulfilment/install/fulfilment/lib/fulfilment
[1.349s] Installing conv_hand script to /home/oh/project/drive3/fulfilment/install/fulfilment/lib/fulfilment
[1.349s] Installing gui script to /home/oh/project/drive3/fulfilment/install/fulfilment/lib/fulfilment
[1.349s] Installing input_hand script to /home/oh/project/drive3/fulfilment/install/fulfilment/lib/fulfilment
[1.349s] Installing pub_hand script to /home/oh/project/drive3/fulfilment/install/fulfilment/lib/fulfilment
[1.350s] Installing sub_hand script to /home/oh/project/drive3/fulfilment/install/fulfilment/lib/fulfilment
[1.350s] Installing yolo script to /home/oh/project/drive3/fulfilment/install/fulfilment/lib/fulfilment
[1.350s] 
[1.350s] Installed /home/oh/project/drive3/fulfilment/build/fulfilment
[1.351s] running symlink_data
[1.379s] Invoked command in '/home/oh/project/drive3/fulfilment/build/fulfilment' returned '0': PYTHONPATH=/home/oh/project/drive3/fulfilment/build/fulfilment/prefix_override:/usr/lib/python3/dist-packages/colcon_core/task/python/colcon_distutils_commands:/home/oh/project/drive3/fulfilment/install/fulfilment/lib/python3.10/site-packages:${PYTHONPATH} /usr/bin/python3 -W ignore:setup.py install is deprecated -W ignore:easy_install command is deprecated setup.py develop --editable --build-directory /home/oh/project/drive3/fulfilment/build/fulfilment/build --no-deps symlink_data
