[0.027s] Invoking command in '/home/oh/project/drive3/fulfilment/build/messages': CMAKE_PREFIX_PATH=${CMAKE_PREFIX_PATH}:/home/oh/project/drive3/fulfilment/install/fulfilment:/opt/ros/humble /usr/bin/cmake --build /home/oh/project/drive3/fulfilment/build/messages -- -j8 -l8
[0.114s] [  2%] Built target messages__cpp
[0.118s] [ 12%] Built target messages__rosidl_generator_c
[0.138s] [ 12%] Built target ament_cmake_python_symlink_messages
[0.186s] [ 23%] Built target messages__rosidl_typesupport_introspection_cpp
[0.187s] [ 33%] Built target messages__rosidl_typesupport_fastrtps_cpp
[0.191s] [ 43%] Built target messages__rosidl_typesupport_cpp
[0.198s] [ 53%] Built target messages__rosidl_typesupport_introspection_c
[0.198s] [ 64%] Built target messages__rosidl_typesupport_c
[0.201s] [ 74%] Built target messages__rosidl_typesupport_fastrtps_c
[0.245s] [ 74%] Built target messages
[0.279s] [ 76%] Built target messages__py
[0.324s] [ 84%] Built target messages__rosidl_generator_py
[0.379s] [ 89%] Built target messages__rosidl_typesupport_introspection_c__pyext
[0.380s] [100%] Built target messages__rosidl_typesupport_c__pyext
[0.380s] [100%] Built target messages__rosidl_typesupport_fastrtps_c__pyext
[0.905s] running egg_info
[0.909s] writing messages.egg-info/PKG-INFO
[0.909s] writing dependency_links to messages.egg-info/dependency_links.txt
[0.910s] writing top-level names to messages.egg-info/top_level.txt
[0.914s] reading manifest file 'messages.egg-info/SOURCES.txt'
[0.915s] writing manifest file 'messages.egg-info/SOURCES.txt'
[0.982s] [100%] Built target ament_cmake_python_build_messages_egg
[0.998s] Invoked command in '/home/oh/project/drive3/fulfilment/build/messages' returned '0': CMAKE_PREFIX_PATH=${CMAKE_PREFIX_PATH}:/home/oh/project/drive3/fulfilment/install/fulfilment:/opt/ros/humble /usr/bin/cmake --build /home/oh/project/drive3/fulfilment/build/messages -- -j8 -l8
[1.018s] Invoking command in '/home/oh/project/drive3/fulfilment/build/messages': CMAKE_PREFIX_PATH=${CMAKE_PREFIX_PATH}:/home/oh/project/drive3/fulfilment/install/fulfilment:/opt/ros/humble /usr/bin/cmake --install /home/oh/project/drive3/fulfilment/build/messages
[1.032s] -- Install configuration: ""
[1.032s] -- Execute custom install script
[1.033s] -- Up-to-date symlink: /home/oh/project/drive3/fulfilment/install/messages/share/ament_index/resource_index/rosidl_interfaces/messages
[1.034s] -- Up-to-date symlink: /home/oh/project/drive3/fulfilment/install/messages/include/messages/messages/msg/control.h
[1.036s] -- Up-to-date symlink: /home/oh/project/drive3/fulfilment/install/messages/include/messages/messages/msg/detail/control__functions.h
[1.036s] -- Up-to-date symlink: /home/oh/project/drive3/fulfilment/install/messages/include/messages/messages/msg/detail/control__struct.h
[1.036s] -- Up-to-date symlink: /home/oh/project/drive3/fulfilment/install/messages/include/messages/messages/msg/detail/control__type_support.h
[1.037s] -- Up-to-date symlink: /home/oh/project/drive3/fulfilment/install/messages/include/messages/messages/msg/detail/status__functions.h
[1.037s] -- Up-to-date symlink: /home/oh/project/drive3/fulfilment/install/messages/include/messages/messages/msg/detail/status__struct.h
[1.037s] -- Up-to-date symlink: /home/oh/project/drive3/fulfilment/install/messages/include/messages/messages/msg/detail/status__type_support.h
[1.037s] -- Up-to-date symlink: /home/oh/project/drive3/fulfilment/install/messages/include/messages/messages/msg/rosidl_generator_c__visibility_control.h
[1.037s] -- Up-to-date symlink: /home/oh/project/drive3/fulfilment/install/messages/include/messages/messages/msg/status.h
[1.037s] -- Up-to-date symlink: /home/oh/project/drive3/fulfilment/install/messages/share/messages/environment/library_path.sh
[1.038s] -- Up-to-date symlink: /home/oh/project/drive3/fulfilment/install/messages/share/messages/environment/library_path.dsv
[1.039s] -- Up-to-date symlink: /home/oh/project/drive3/fulfilment/install/messages/include/messages/messages/msg/detail/control__rosidl_typesupport_fastrtps_c.h
[1.039s] -- Up-to-date symlink: /home/oh/project/drive3/fulfilment/install/messages/include/messages/messages/msg/detail/status__rosidl_typesupport_fastrtps_c.h
[1.039s] -- Up-to-date symlink: /home/oh/project/drive3/fulfilment/install/messages/include/messages/messages/msg/rosidl_typesupport_fastrtps_c__visibility_control.h
[1.040s] -- Up-to-date symlink: /home/oh/project/drive3/fulfilment/install/messages/include/messages/messages/msg/control.hpp
[1.040s] -- Up-to-date symlink: /home/oh/project/drive3/fulfilment/install/messages/include/messages/messages/msg/detail/control__builder.hpp
[1.040s] -- Up-to-date symlink: /home/oh/project/drive3/fulfilment/install/messages/include/messages/messages/msg/detail/control__struct.hpp
[1.040s] -- Up-to-date symlink: /home/oh/project/drive3/fulfilment/install/messages/include/messages/messages/msg/detail/control__traits.hpp
[1.040s] -- Up-to-date symlink: /home/oh/project/drive3/fulfilment/install/messages/include/messages/messages/msg/detail/control__type_support.hpp
[1.040s] -- Up-to-date symlink: /home/oh/project/drive3/fulfilment/install/messages/include/messages/messages/msg/detail/status__builder.hpp
[1.040s] -- Up-to-date symlink: /home/oh/project/drive3/fulfilment/install/messages/include/messages/messages/msg/detail/status__struct.hpp
[1.040s] -- Up-to-date symlink: /home/oh/project/drive3/fulfilment/install/messages/include/messages/messages/msg/detail/status__traits.hpp
[1.042s] -- Up-to-date symlink: /home/oh/project/drive3/fulfilment/install/messages/include/messages/messages/msg/detail/status__type_support.hpp
[1.042s] -- Up-to-date symlink: /home/oh/project/drive3/fulfilment/install/messages/include/messages/messages/msg/rosidl_generator_cpp__visibility_control.hpp
[1.042s] -- Up-to-date symlink: /home/oh/project/drive3/fulfilment/install/messages/include/messages/messages/msg/status.hpp
[1.042s] -- Up-to-date symlink: /home/oh/project/drive3/fulfilment/install/messages/include/messages/messages/msg/detail/control__rosidl_typesupport_fastrtps_cpp.hpp
[1.043s] -- Up-to-date symlink: /home/oh/project/drive3/fulfilment/install/messages/include/messages/messages/msg/detail/status__rosidl_typesupport_fastrtps_cpp.hpp
[1.043s] -- Up-to-date symlink: /home/oh/project/drive3/fulfilment/install/messages/include/messages/messages/msg/rosidl_typesupport_fastrtps_cpp__visibility_control.h
[1.043s] -- Up-to-date symlink: /home/oh/project/drive3/fulfilment/install/messages/include/messages/messages/msg/detail/control__rosidl_typesupport_introspection_c.h
[1.043s] -- Up-to-date symlink: /home/oh/project/drive3/fulfilment/install/messages/include/messages/messages/msg/detail/status__rosidl_typesupport_introspection_c.h
[1.043s] -- Up-to-date symlink: /home/oh/project/drive3/fulfilment/install/messages/include/messages/messages/msg/rosidl_typesupport_introspection_c__visibility_control.h
[1.044s] -- Up-to-date symlink: /home/oh/project/drive3/fulfilment/install/messages/include/messages/messages/msg/detail/control__rosidl_typesupport_introspection_cpp.hpp
[1.044s] -- Up-to-date symlink: /home/oh/project/drive3/fulfilment/install/messages/include/messages/messages/msg/detail/status__rosidl_typesupport_introspection_cpp.hpp
[1.044s] -- Up-to-date symlink: /home/oh/project/drive3/fulfilment/install/messages/share/messages/environment/pythonpath.sh
[1.045s] -- Up-to-date symlink: /home/oh/project/drive3/fulfilment/install/messages/share/messages/environment/pythonpath.dsv
[1.045s] -- Up-to-date symlink: /home/oh/project/drive3/fulfilment/install/messages/local/lib/python3.10/dist-packages/messages-0.0.0-py3.10.egg-info/PKG-INFO
[1.045s] -- Up-to-date symlink: /home/oh/project/drive3/fulfilment/install/messages/local/lib/python3.10/dist-packages/messages-0.0.0-py3.10.egg-info/SOURCES.txt
[1.046s] -- Up-to-date symlink: /home/oh/project/drive3/fulfilment/install/messages/local/lib/python3.10/dist-packages/messages-0.0.0-py3.10.egg-info/dependency_links.txt
[1.047s] -- Up-to-date symlink: /home/oh/project/drive3/fulfilment/install/messages/local/lib/python3.10/dist-packages/messages-0.0.0-py3.10.egg-info/top_level.txt
[1.047s] -- Up-to-date symlink: /home/oh/project/drive3/fulfilment/install/messages/local/lib/python3.10/dist-packages/messages/__init__.py
[1.047s] -- Up-to-date symlink: /home/oh/project/drive3/fulfilment/install/messages/local/lib/python3.10/dist-packages/messages/_messages_s.ep.rosidl_typesupport_c.c
[1.047s] -- Up-to-date symlink: /home/oh/project/drive3/fulfilment/install/messages/local/lib/python3.10/dist-packages/messages/_messages_s.ep.rosidl_typesupport_fastrtps_c.c
[1.047s] -- Up-to-date symlink: /home/oh/project/drive3/fulfilment/install/messages/local/lib/python3.10/dist-packages/messages/_messages_s.ep.rosidl_typesupport_introspection_c.c
[1.047s] -- Up-to-date symlink: /home/oh/project/drive3/fulfilment/install/messages/local/lib/python3.10/dist-packages/messages/libmessages__rosidl_generator_py.so
[1.047s] -- Up-to-date symlink: /home/oh/project/drive3/fulfilment/install/messages/local/lib/python3.10/dist-packages/messages/messages_s__rosidl_typesupport_c.cpython-310-x86_64-linux-gnu.so
[1.047s] -- Up-to-date symlink: /home/oh/project/drive3/fulfilment/install/messages/local/lib/python3.10/dist-packages/messages/messages_s__rosidl_typesupport_fastrtps_c.cpython-310-x86_64-linux-gnu.so
[1.047s] -- Up-to-date symlink: /home/oh/project/drive3/fulfilment/install/messages/local/lib/python3.10/dist-packages/messages/messages_s__rosidl_typesupport_introspection_c.cpython-310-x86_64-linux-gnu.so
[1.048s] -- Up-to-date symlink: /home/oh/project/drive3/fulfilment/install/messages/local/lib/python3.10/dist-packages/messages/msg/__init__.py
[1.048s] -- Up-to-date symlink: /home/oh/project/drive3/fulfilment/install/messages/local/lib/python3.10/dist-packages/messages/msg/_control.py
[1.048s] -- Up-to-date symlink: /home/oh/project/drive3/fulfilment/install/messages/local/lib/python3.10/dist-packages/messages/msg/_control_s.c
[1.048s] -- Up-to-date symlink: /home/oh/project/drive3/fulfilment/install/messages/local/lib/python3.10/dist-packages/messages/msg/_status.py
[1.048s] -- Up-to-date symlink: /home/oh/project/drive3/fulfilment/install/messages/local/lib/python3.10/dist-packages/messages/msg/_status_s.c
[1.049s] -- Up-to-date symlink: /home/oh/project/drive3/fulfilment/install/messages/local/lib/python3.10/dist-packages/messages/messages_s__rosidl_typesupport_fastrtps_c.cpython-310-x86_64-linux-gnu.so
[1.049s] -- Up-to-date symlink: /home/oh/project/drive3/fulfilment/install/messages/local/lib/python3.10/dist-packages/messages/messages_s__rosidl_typesupport_introspection_c.cpython-310-x86_64-linux-gnu.so
[1.049s] -- Up-to-date symlink: /home/oh/project/drive3/fulfilment/install/messages/local/lib/python3.10/dist-packages/messages/messages_s__rosidl_typesupport_c.cpython-310-x86_64-linux-gnu.so
[1.049s] -- Up-to-date symlink: /home/oh/project/drive3/fulfilment/install/messages/share/messages/msg/Control.idl
[1.050s] -- Up-to-date symlink: /home/oh/project/drive3/fulfilment/install/messages/share/messages/msg/Status.idl
[1.050s] -- Up-to-date symlink: /home/oh/project/drive3/fulfilment/install/messages/share/messages/msg/Control.msg
[1.050s] -- Up-to-date symlink: /home/oh/project/drive3/fulfilment/install/messages/share/messages/msg/Status.msg
[1.050s] -- Up-to-date symlink: /home/oh/project/drive3/fulfilment/install/messages/share/ament_index/resource_index/package_run_dependencies/messages
[1.050s] -- Up-to-date symlink: /home/oh/project/drive3/fulfilment/install/messages/share/ament_index/resource_index/parent_prefix_path/messages
[1.051s] -- Up-to-date symlink: /home/oh/project/drive3/fulfilment/install/messages/share/messages/environment/ament_prefix_path.sh
[1.051s] -- Up-to-date symlink: /home/oh/project/drive3/fulfilment/install/messages/share/messages/environment/ament_prefix_path.dsv
[1.051s] -- Up-to-date symlink: /home/oh/project/drive3/fulfilment/install/messages/share/messages/environment/path.sh
[1.051s] -- Up-to-date symlink: /home/oh/project/drive3/fulfilment/install/messages/share/messages/environment/path.dsv
[1.052s] -- Up-to-date symlink: /home/oh/project/drive3/fulfilment/install/messages/share/messages/local_setup.bash
[1.053s] -- Up-to-date symlink: /home/oh/project/drive3/fulfilment/install/messages/share/messages/local_setup.sh
[1.053s] -- Up-to-date symlink: /home/oh/project/drive3/fulfilment/install/messages/share/messages/local_setup.zsh
[1.054s] -- Up-to-date symlink: /home/oh/project/drive3/fulfilment/install/messages/share/messages/local_setup.dsv
[1.054s] -- Symlinking: /home/oh/project/drive3/fulfilment/install/messages/share/messages/package.dsv
[1.070s] -- Up-to-date symlink: /home/oh/project/drive3/fulfilment/install/messages/share/ament_index/resource_index/packages/messages
[1.071s] -- Up-to-date symlink: /home/oh/project/drive3/fulfilment/install/messages/share/messages/cmake/ament_cmake_export_dependencies-extras.cmake
[1.071s] -- Up-to-date symlink: /home/oh/project/drive3/fulfilment/install/messages/share/messages/cmake/rosidl_cmake-extras.cmake
[1.071s] -- Up-to-date symlink: /home/oh/project/drive3/fulfilment/install/messages/share/messages/cmake/ament_cmake_export_include_directories-extras.cmake
[1.071s] -- Up-to-date symlink: /home/oh/project/drive3/fulfilment/install/messages/share/messages/cmake/ament_cmake_export_libraries-extras.cmake
[1.071s] -- Up-to-date symlink: /home/oh/project/drive3/fulfilment/install/messages/share/messages/cmake/ament_cmake_export_targets-extras.cmake
[1.072s] -- Up-to-date symlink: /home/oh/project/drive3/fulfilment/install/messages/share/messages/cmake/rosidl_cmake_export_typesupport_targets-extras.cmake
[1.076s] -- Up-to-date symlink: /home/oh/project/drive3/fulfilment/install/messages/share/messages/cmake/rosidl_cmake_export_typesupport_libraries-extras.cmake
[1.077s] -- Up-to-date symlink: /home/oh/project/drive3/fulfilment/install/messages/share/messages/cmake/messagesConfig.cmake
[1.077s] -- Up-to-date symlink: /home/oh/project/drive3/fulfilment/install/messages/share/messages/cmake/messagesConfig-version.cmake
[1.077s] -- Up-to-date symlink: /home/oh/project/drive3/fulfilment/install/messages/share/messages/package.xml
[1.077s] -- Up-to-date: /home/oh/project/drive3/fulfilment/install/messages/lib/libmessages__rosidl_generator_c.so
[1.077s] -- Up-to-date: /home/oh/project/drive3/fulfilment/install/messages/lib/libmessages__rosidl_typesupport_fastrtps_c.so
[1.078s] -- Up-to-date: /home/oh/project/drive3/fulfilment/install/messages/lib/libmessages__rosidl_typesupport_fastrtps_cpp.so
[1.078s] -- Up-to-date: /home/oh/project/drive3/fulfilment/install/messages/lib/libmessages__rosidl_typesupport_introspection_c.so
[1.078s] -- Up-to-date: /home/oh/project/drive3/fulfilment/install/messages/lib/libmessages__rosidl_typesupport_c.so
[1.078s] -- Up-to-date: /home/oh/project/drive3/fulfilment/install/messages/lib/libmessages__rosidl_typesupport_introspection_cpp.so
[1.078s] -- Up-to-date: /home/oh/project/drive3/fulfilment/install/messages/lib/libmessages__rosidl_typesupport_cpp.so
[1.144s] Listing '/home/oh/project/drive3/fulfilment/install/messages/local/lib/python3.10/dist-packages/messages'...
[1.144s] Listing '/home/oh/project/drive3/fulfilment/install/messages/local/lib/python3.10/dist-packages/messages/msg'...
[1.151s] -- Up-to-date: /home/oh/project/drive3/fulfilment/install/messages/lib/libmessages__rosidl_generator_py.so
[1.152s] -- Up-to-date: /home/oh/project/drive3/fulfilment/install/messages/share/messages/cmake/export_messages__rosidl_generator_cExport.cmake
[1.152s] -- Up-to-date: /home/oh/project/drive3/fulfilment/install/messages/share/messages/cmake/export_messages__rosidl_generator_cExport-noconfig.cmake
[1.152s] -- Up-to-date: /home/oh/project/drive3/fulfilment/install/messages/share/messages/cmake/export_messages__rosidl_typesupport_fastrtps_cExport.cmake
[1.153s] -- Up-to-date: /home/oh/project/drive3/fulfilment/install/messages/share/messages/cmake/export_messages__rosidl_typesupport_fastrtps_cExport-noconfig.cmake
[1.153s] -- Up-to-date: /home/oh/project/drive3/fulfilment/install/messages/share/messages/cmake/export_messages__rosidl_generator_cppExport.cmake
[1.153s] -- Up-to-date: /home/oh/project/drive3/fulfilment/install/messages/share/messages/cmake/export_messages__rosidl_typesupport_fastrtps_cppExport.cmake
[1.153s] -- Up-to-date: /home/oh/project/drive3/fulfilment/install/messages/share/messages/cmake/export_messages__rosidl_typesupport_fastrtps_cppExport-noconfig.cmake
[1.153s] -- Up-to-date: /home/oh/project/drive3/fulfilment/install/messages/share/messages/cmake/messages__rosidl_typesupport_introspection_cExport.cmake
[1.154s] -- Up-to-date: /home/oh/project/drive3/fulfilment/install/messages/share/messages/cmake/messages__rosidl_typesupport_introspection_cExport-noconfig.cmake
[1.155s] -- Up-to-date: /home/oh/project/drive3/fulfilment/install/messages/share/messages/cmake/messages__rosidl_typesupport_cExport.cmake
[1.155s] -- Up-to-date: /home/oh/project/drive3/fulfilment/install/messages/share/messages/cmake/messages__rosidl_typesupport_cExport-noconfig.cmake
[1.155s] -- Up-to-date: /home/oh/project/drive3/fulfilment/install/messages/share/messages/cmake/messages__rosidl_typesupport_introspection_cppExport.cmake
[1.156s] -- Up-to-date: /home/oh/project/drive3/fulfilment/install/messages/share/messages/cmake/messages__rosidl_typesupport_introspection_cppExport-noconfig.cmake
[1.156s] -- Up-to-date: /home/oh/project/drive3/fulfilment/install/messages/share/messages/cmake/messages__rosidl_typesupport_cppExport.cmake
[1.156s] -- Up-to-date: /home/oh/project/drive3/fulfilment/install/messages/share/messages/cmake/messages__rosidl_typesupport_cppExport-noconfig.cmake
[1.156s] -- Up-to-date: /home/oh/project/drive3/fulfilment/install/messages/share/messages/cmake/export_messages__rosidl_generator_pyExport.cmake
[1.156s] -- Up-to-date: /home/oh/project/drive3/fulfilment/install/messages/share/messages/cmake/export_messages__rosidl_generator_pyExport-noconfig.cmake
[1.161s] Invoked command in '/home/oh/project/drive3/fulfilment/build/messages' returned '0': CMAKE_PREFIX_PATH=${CMAKE_PREFIX_PATH}:/home/oh/project/drive3/fulfilment/install/fulfilment:/opt/ros/humble /usr/bin/cmake --install /home/oh/project/drive3/fulfilment/build/messages
