[0.012s] Invoking command in '/home/oh/project/drive3/fulfilment/build/messages': CMAKE_PREFIX_PATH=${CMAKE_PREFIX_PATH}:/home/oh/project/drive3/fulfilment/install/fulfilment:/opt/ros/humble /usr/bin/cmake --build /home/oh/project/drive3/fulfilment/build/messages -- -j8 -l8
[0.074s] [  2%] Built target messages__cpp
[0.076s] [ 12%] Built target messages__rosidl_generator_c
[0.084s] [ 12%] Built target ament_cmake_python_symlink_messages
[0.104s] [ 64%] Built target messages__rosidl_typesupport_introspection_c
[0.104s] [ 64%] Built target messages__rosidl_typesupport_c
[0.104s] [ 64%] Built target messages__rosidl_typesupport_cpp
[0.105s] [ 64%] Built target messages__rosidl_typesupport_introspection_cpp
[0.105s] [ 64%] Built target messages__rosidl_typesupport_fastrtps_cpp
[0.106s] [ 74%] Built target messages__rosidl_typesupport_fastrtps_c
[0.126s] [ 74%] Built target messages
[0.147s] [ 76%] Built target messages__py
[0.169s] [ 84%] Built target messages__rosidl_generator_py
[0.191s] [100%] Built target messages__rosidl_typesupport_introspection_c__pyext
[0.192s] [100%] Built target messages__rosidl_typesupport_c__pyext
[0.192s] [100%] Built target messages__rosidl_typesupport_fastrtps_c__pyext
[0.440s] running egg_info
[0.442s] writing messages.egg-info/PKG-INFO
[0.443s] writing dependency_links to messages.egg-info/dependency_links.txt
[0.443s] writing top-level names to messages.egg-info/top_level.txt
[0.447s] reading manifest file 'messages.egg-info/SOURCES.txt'
[0.448s] writing manifest file 'messages.egg-info/SOURCES.txt'
[0.473s] [100%] Built target ament_cmake_python_build_messages_egg
[0.484s] Invoked command in '/home/oh/project/drive3/fulfilment/build/messages' returned '0': CMAKE_PREFIX_PATH=${CMAKE_PREFIX_PATH}:/home/oh/project/drive3/fulfilment/install/fulfilment:/opt/ros/humble /usr/bin/cmake --build /home/oh/project/drive3/fulfilment/build/messages -- -j8 -l8
[0.493s] Invoking command in '/home/oh/project/drive3/fulfilment/build/messages': CMAKE_PREFIX_PATH=${CMAKE_PREFIX_PATH}:/home/oh/project/drive3/fulfilment/install/fulfilment:/opt/ros/humble /usr/bin/cmake --install /home/oh/project/drive3/fulfilment/build/messages
[0.500s] -- Install configuration: ""
[0.501s] -- Execute custom install script
[0.501s] -- Up-to-date symlink: /home/oh/project/drive3/fulfilment/install/messages/share/ament_index/resource_index/rosidl_interfaces/messages
[0.502s] -- Up-to-date symlink: /home/oh/project/drive3/fulfilment/install/messages/include/messages/messages/msg/control.h
[0.502s] -- Up-to-date symlink: /home/oh/project/drive3/fulfilment/install/messages/include/messages/messages/msg/detail/control__functions.h
[0.502s] -- Up-to-date symlink: /home/oh/project/drive3/fulfilment/install/messages/include/messages/messages/msg/detail/control__struct.h
[0.503s] -- Up-to-date symlink: /home/oh/project/drive3/fulfilment/install/messages/include/messages/messages/msg/detail/control__type_support.h
[0.503s] -- Up-to-date symlink: /home/oh/project/drive3/fulfilment/install/messages/include/messages/messages/msg/detail/status__functions.h
[0.503s] -- Up-to-date symlink: /home/oh/project/drive3/fulfilment/install/messages/include/messages/messages/msg/detail/status__struct.h
[0.503s] -- Up-to-date symlink: /home/oh/project/drive3/fulfilment/install/messages/include/messages/messages/msg/detail/status__type_support.h
[0.503s] -- Up-to-date symlink: /home/oh/project/drive3/fulfilment/install/messages/include/messages/messages/msg/rosidl_generator_c__visibility_control.h
[0.504s] -- Up-to-date symlink: /home/oh/project/drive3/fulfilment/install/messages/include/messages/messages/msg/status.h
[0.504s] -- Up-to-date symlink: /home/oh/project/drive3/fulfilment/install/messages/share/messages/environment/library_path.sh
[0.504s] -- Up-to-date symlink: /home/oh/project/drive3/fulfilment/install/messages/share/messages/environment/library_path.dsv
[0.505s] -- Up-to-date symlink: /home/oh/project/drive3/fulfilment/install/messages/include/messages/messages/msg/detail/control__rosidl_typesupport_fastrtps_c.h
[0.505s] -- Up-to-date symlink: /home/oh/project/drive3/fulfilment/install/messages/include/messages/messages/msg/detail/status__rosidl_typesupport_fastrtps_c.h
[0.505s] -- Up-to-date symlink: /home/oh/project/drive3/fulfilment/install/messages/include/messages/messages/msg/rosidl_typesupport_fastrtps_c__visibility_control.h
[0.506s] -- Up-to-date symlink: /home/oh/project/drive3/fulfilment/install/messages/include/messages/messages/msg/control.hpp
[0.506s] -- Up-to-date symlink: /home/oh/project/drive3/fulfilment/install/messages/include/messages/messages/msg/detail/control__builder.hpp
[0.506s] -- Up-to-date symlink: /home/oh/project/drive3/fulfilment/install/messages/include/messages/messages/msg/detail/control__struct.hpp
[0.506s] -- Up-to-date symlink: /home/oh/project/drive3/fulfilment/install/messages/include/messages/messages/msg/detail/control__traits.hpp
[0.506s] -- Up-to-date symlink: /home/oh/project/drive3/fulfilment/install/messages/include/messages/messages/msg/detail/control__type_support.hpp
[0.507s] -- Up-to-date symlink: /home/oh/project/drive3/fulfilment/install/messages/include/messages/messages/msg/detail/status__builder.hpp
[0.507s] -- Up-to-date symlink: /home/oh/project/drive3/fulfilment/install/messages/include/messages/messages/msg/detail/status__struct.hpp
[0.507s] -- Up-to-date symlink: /home/oh/project/drive3/fulfilment/install/messages/include/messages/messages/msg/detail/status__traits.hpp
[0.507s] -- Up-to-date symlink: /home/oh/project/drive3/fulfilment/install/messages/include/messages/messages/msg/detail/status__type_support.hpp
[0.507s] -- Up-to-date symlink: /home/oh/project/drive3/fulfilment/install/messages/include/messages/messages/msg/rosidl_generator_cpp__visibility_control.hpp
[0.508s] -- Up-to-date symlink: /home/oh/project/drive3/fulfilment/install/messages/include/messages/messages/msg/status.hpp
[0.508s] -- Up-to-date symlink: /home/oh/project/drive3/fulfilment/install/messages/include/messages/messages/msg/detail/control__rosidl_typesupport_fastrtps_cpp.hpp
[0.508s] -- Up-to-date symlink: /home/oh/project/drive3/fulfilment/install/messages/include/messages/messages/msg/detail/status__rosidl_typesupport_fastrtps_cpp.hpp
[0.509s] -- Up-to-date symlink: /home/oh/project/drive3/fulfilment/install/messages/include/messages/messages/msg/rosidl_typesupport_fastrtps_cpp__visibility_control.h
[0.509s] -- Up-to-date symlink: /home/oh/project/drive3/fulfilment/install/messages/include/messages/messages/msg/detail/control__rosidl_typesupport_introspection_c.h
[0.509s] -- Up-to-date symlink: /home/oh/project/drive3/fulfilment/install/messages/include/messages/messages/msg/detail/status__rosidl_typesupport_introspection_c.h
[0.509s] -- Up-to-date symlink: /home/oh/project/drive3/fulfilment/install/messages/include/messages/messages/msg/rosidl_typesupport_introspection_c__visibility_control.h
[0.510s] -- Up-to-date symlink: /home/oh/project/drive3/fulfilment/install/messages/include/messages/messages/msg/detail/control__rosidl_typesupport_introspection_cpp.hpp
[0.510s] -- Up-to-date symlink: /home/oh/project/drive3/fulfilment/install/messages/include/messages/messages/msg/detail/status__rosidl_typesupport_introspection_cpp.hpp
[0.510s] -- Up-to-date symlink: /home/oh/project/drive3/fulfilment/install/messages/share/messages/environment/pythonpath.sh
[0.510s] -- Up-to-date symlink: /home/oh/project/drive3/fulfilment/install/messages/share/messages/environment/pythonpath.dsv
[0.511s] -- Up-to-date symlink: /home/oh/project/drive3/fulfilment/install/messages/local/lib/python3.10/dist-packages/messages-0.0.0-py3.10.egg-info/PKG-INFO
[0.511s] -- Up-to-date symlink: /home/oh/project/drive3/fulfilment/install/messages/local/lib/python3.10/dist-packages/messages-0.0.0-py3.10.egg-info/SOURCES.txt
[0.511s] -- Up-to-date symlink: /home/oh/project/drive3/fulfilment/install/messages/local/lib/python3.10/dist-packages/messages-0.0.0-py3.10.egg-info/dependency_links.txt
[0.511s] -- Up-to-date symlink: /home/oh/project/drive3/fulfilment/install/messages/local/lib/python3.10/dist-packages/messages-0.0.0-py3.10.egg-info/top_level.txt
[0.511s] -- Up-to-date symlink: /home/oh/project/drive3/fulfilment/install/messages/local/lib/python3.10/dist-packages/messages/__init__.py
[0.512s] -- Up-to-date symlink: /home/oh/project/drive3/fulfilment/install/messages/local/lib/python3.10/dist-packages/messages/_messages_s.ep.rosidl_typesupport_c.c
[0.512s] -- Up-to-date symlink: /home/oh/project/drive3/fulfilment/install/messages/local/lib/python3.10/dist-packages/messages/_messages_s.ep.rosidl_typesupport_fastrtps_c.c
[0.512s] -- Up-to-date symlink: /home/oh/project/drive3/fulfilment/install/messages/local/lib/python3.10/dist-packages/messages/_messages_s.ep.rosidl_typesupport_introspection_c.c
[0.512s] -- Up-to-date symlink: /home/oh/project/drive3/fulfilment/install/messages/local/lib/python3.10/dist-packages/messages/libmessages__rosidl_generator_py.so
[0.512s] -- Up-to-date symlink: /home/oh/project/drive3/fulfilment/install/messages/local/lib/python3.10/dist-packages/messages/messages_s__rosidl_typesupport_c.cpython-310-x86_64-linux-gnu.so
[0.512s] -- Up-to-date symlink: /home/oh/project/drive3/fulfilment/install/messages/local/lib/python3.10/dist-packages/messages/messages_s__rosidl_typesupport_fastrtps_c.cpython-310-x86_64-linux-gnu.so
[0.512s] -- Up-to-date symlink: /home/oh/project/drive3/fulfilment/install/messages/local/lib/python3.10/dist-packages/messages/messages_s__rosidl_typesupport_introspection_c.cpython-310-x86_64-linux-gnu.so
[0.512s] -- Up-to-date symlink: /home/oh/project/drive3/fulfilment/install/messages/local/lib/python3.10/dist-packages/messages/msg/__init__.py
[0.512s] -- Up-to-date symlink: /home/oh/project/drive3/fulfilment/install/messages/local/lib/python3.10/dist-packages/messages/msg/_control.py
[0.512s] -- Up-to-date symlink: /home/oh/project/drive3/fulfilment/install/messages/local/lib/python3.10/dist-packages/messages/msg/_control_s.c
[0.512s] -- Up-to-date symlink: /home/oh/project/drive3/fulfilment/install/messages/local/lib/python3.10/dist-packages/messages/msg/_status.py
[0.513s] -- Up-to-date symlink: /home/oh/project/drive3/fulfilment/install/messages/local/lib/python3.10/dist-packages/messages/msg/_status_s.c
[0.513s] -- Up-to-date symlink: /home/oh/project/drive3/fulfilment/install/messages/local/lib/python3.10/dist-packages/messages/messages_s__rosidl_typesupport_fastrtps_c.cpython-310-x86_64-linux-gnu.so
[0.513s] -- Up-to-date symlink: /home/oh/project/drive3/fulfilment/install/messages/local/lib/python3.10/dist-packages/messages/messages_s__rosidl_typesupport_introspection_c.cpython-310-x86_64-linux-gnu.so
[0.514s] -- Up-to-date symlink: /home/oh/project/drive3/fulfilment/install/messages/local/lib/python3.10/dist-packages/messages/messages_s__rosidl_typesupport_c.cpython-310-x86_64-linux-gnu.so
[0.514s] -- Up-to-date symlink: /home/oh/project/drive3/fulfilment/install/messages/share/messages/msg/Control.idl
[0.514s] -- Up-to-date symlink: /home/oh/project/drive3/fulfilment/install/messages/share/messages/msg/Status.idl
[0.514s] -- Up-to-date symlink: /home/oh/project/drive3/fulfilment/install/messages/share/messages/msg/Control.msg
[0.514s] -- Up-to-date symlink: /home/oh/project/drive3/fulfilment/install/messages/share/messages/msg/Status.msg
[0.514s] -- Up-to-date symlink: /home/oh/project/drive3/fulfilment/install/messages/share/ament_index/resource_index/package_run_dependencies/messages
[0.515s] -- Up-to-date symlink: /home/oh/project/drive3/fulfilment/install/messages/share/ament_index/resource_index/parent_prefix_path/messages
[0.515s] -- Up-to-date symlink: /home/oh/project/drive3/fulfilment/install/messages/share/messages/environment/ament_prefix_path.sh
[0.515s] -- Up-to-date symlink: /home/oh/project/drive3/fulfilment/install/messages/share/messages/environment/ament_prefix_path.dsv
[0.515s] -- Up-to-date symlink: /home/oh/project/drive3/fulfilment/install/messages/share/messages/environment/path.sh
[0.515s] -- Up-to-date symlink: /home/oh/project/drive3/fulfilment/install/messages/share/messages/environment/path.dsv
[0.515s] -- Up-to-date symlink: /home/oh/project/drive3/fulfilment/install/messages/share/messages/local_setup.bash
[0.515s] -- Up-to-date symlink: /home/oh/project/drive3/fulfilment/install/messages/share/messages/local_setup.sh
[0.515s] -- Up-to-date symlink: /home/oh/project/drive3/fulfilment/install/messages/share/messages/local_setup.zsh
[0.516s] -- Up-to-date symlink: /home/oh/project/drive3/fulfilment/install/messages/share/messages/local_setup.dsv
[0.516s] -- Symlinking: /home/oh/project/drive3/fulfilment/install/messages/share/messages/package.dsv
[0.524s] -- Up-to-date symlink: /home/oh/project/drive3/fulfilment/install/messages/share/ament_index/resource_index/packages/messages
[0.524s] -- Up-to-date symlink: /home/oh/project/drive3/fulfilment/install/messages/share/messages/cmake/ament_cmake_export_dependencies-extras.cmake
[0.525s] -- Up-to-date symlink: /home/oh/project/drive3/fulfilment/install/messages/share/messages/cmake/rosidl_cmake-extras.cmake
[0.525s] -- Up-to-date symlink: /home/oh/project/drive3/fulfilment/install/messages/share/messages/cmake/ament_cmake_export_include_directories-extras.cmake
[0.525s] -- Up-to-date symlink: /home/oh/project/drive3/fulfilment/install/messages/share/messages/cmake/ament_cmake_export_libraries-extras.cmake
[0.525s] -- Up-to-date symlink: /home/oh/project/drive3/fulfilment/install/messages/share/messages/cmake/ament_cmake_export_targets-extras.cmake
[0.526s] -- Up-to-date symlink: /home/oh/project/drive3/fulfilment/install/messages/share/messages/cmake/rosidl_cmake_export_typesupport_targets-extras.cmake
[0.526s] -- Up-to-date symlink: /home/oh/project/drive3/fulfilment/install/messages/share/messages/cmake/rosidl_cmake_export_typesupport_libraries-extras.cmake
[0.526s] -- Up-to-date symlink: /home/oh/project/drive3/fulfilment/install/messages/share/messages/cmake/messagesConfig.cmake
[0.527s] -- Up-to-date symlink: /home/oh/project/drive3/fulfilment/install/messages/share/messages/cmake/messagesConfig-version.cmake
[0.527s] -- Up-to-date symlink: /home/oh/project/drive3/fulfilment/install/messages/share/messages/package.xml
[0.528s] -- Up-to-date: /home/oh/project/drive3/fulfilment/install/messages/lib/libmessages__rosidl_generator_c.so
[0.528s] -- Up-to-date: /home/oh/project/drive3/fulfilment/install/messages/lib/libmessages__rosidl_typesupport_fastrtps_c.so
[0.529s] -- Up-to-date: /home/oh/project/drive3/fulfilment/install/messages/lib/libmessages__rosidl_typesupport_fastrtps_cpp.so
[0.530s] -- Up-to-date: /home/oh/project/drive3/fulfilment/install/messages/lib/libmessages__rosidl_typesupport_introspection_c.so
[0.530s] -- Up-to-date: /home/oh/project/drive3/fulfilment/install/messages/lib/libmessages__rosidl_typesupport_c.so
[0.531s] -- Up-to-date: /home/oh/project/drive3/fulfilment/install/messages/lib/libmessages__rosidl_typesupport_introspection_cpp.so
[0.531s] -- Up-to-date: /home/oh/project/drive3/fulfilment/install/messages/lib/libmessages__rosidl_typesupport_cpp.so
[0.564s] Listing '/home/oh/project/drive3/fulfilment/install/messages/local/lib/python3.10/dist-packages/messages'...
[0.564s] Listing '/home/oh/project/drive3/fulfilment/install/messages/local/lib/python3.10/dist-packages/messages/msg'...
[0.569s] -- Up-to-date: /home/oh/project/drive3/fulfilment/install/messages/lib/libmessages__rosidl_generator_py.so
[0.570s] -- Up-to-date: /home/oh/project/drive3/fulfilment/install/messages/share/messages/cmake/export_messages__rosidl_generator_cExport.cmake
[0.570s] -- Up-to-date: /home/oh/project/drive3/fulfilment/install/messages/share/messages/cmake/export_messages__rosidl_generator_cExport-noconfig.cmake
[0.570s] -- Up-to-date: /home/oh/project/drive3/fulfilment/install/messages/share/messages/cmake/export_messages__rosidl_typesupport_fastrtps_cExport.cmake
[0.570s] -- Up-to-date: /home/oh/project/drive3/fulfilment/install/messages/share/messages/cmake/export_messages__rosidl_typesupport_fastrtps_cExport-noconfig.cmake
[0.570s] -- Up-to-date: /home/oh/project/drive3/fulfilment/install/messages/share/messages/cmake/export_messages__rosidl_generator_cppExport.cmake
[0.571s] -- Up-to-date: /home/oh/project/drive3/fulfilment/install/messages/share/messages/cmake/export_messages__rosidl_typesupport_fastrtps_cppExport.cmake
[0.571s] -- Up-to-date: /home/oh/project/drive3/fulfilment/install/messages/share/messages/cmake/export_messages__rosidl_typesupport_fastrtps_cppExport-noconfig.cmake
[0.571s] -- Up-to-date: /home/oh/project/drive3/fulfilment/install/messages/share/messages/cmake/messages__rosidl_typesupport_introspection_cExport.cmake
[0.571s] -- Up-to-date: /home/oh/project/drive3/fulfilment/install/messages/share/messages/cmake/messages__rosidl_typesupport_introspection_cExport-noconfig.cmake
[0.571s] -- Up-to-date: /home/oh/project/drive3/fulfilment/install/messages/share/messages/cmake/messages__rosidl_typesupport_cExport.cmake
[0.572s] -- Up-to-date: /home/oh/project/drive3/fulfilment/install/messages/share/messages/cmake/messages__rosidl_typesupport_cExport-noconfig.cmake
[0.572s] -- Up-to-date: /home/oh/project/drive3/fulfilment/install/messages/share/messages/cmake/messages__rosidl_typesupport_introspection_cppExport.cmake
[0.572s] -- Up-to-date: /home/oh/project/drive3/fulfilment/install/messages/share/messages/cmake/messages__rosidl_typesupport_introspection_cppExport-noconfig.cmake
[0.572s] -- Up-to-date: /home/oh/project/drive3/fulfilment/install/messages/share/messages/cmake/messages__rosidl_typesupport_cppExport.cmake
[0.572s] -- Up-to-date: /home/oh/project/drive3/fulfilment/install/messages/share/messages/cmake/messages__rosidl_typesupport_cppExport-noconfig.cmake
[0.573s] -- Up-to-date: /home/oh/project/drive3/fulfilment/install/messages/share/messages/cmake/export_messages__rosidl_generator_pyExport.cmake
[0.573s] -- Up-to-date: /home/oh/project/drive3/fulfilment/install/messages/share/messages/cmake/export_messages__rosidl_generator_pyExport-noconfig.cmake
[0.575s] Invoked command in '/home/oh/project/drive3/fulfilment/build/messages' returned '0': CMAKE_PREFIX_PATH=${CMAKE_PREFIX_PATH}:/home/oh/project/drive3/fulfilment/install/fulfilment:/opt/ros/humble /usr/bin/cmake --install /home/oh/project/drive3/fulfilment/build/messages
